{"tsServer":1775712127630,"method":"POST","path":"/api/ticketing/1/hold/seat","userId":"64683eca-4333-477f-ba2d-c63566162d5a","sessionTicket":"16e2a988-dc0f-4297-b28e-69f5a695e1f2","queryParams":{},"requestBody":{"scheduledSeatIds":[3279]},"statusCode":200}
{"tsServer":1775712147810,"method":"POST","path":"/api/bookings","userId":"64683eca-4333-477f-ba2d-c63566162d5a","sessionTicket":null,"queryParams":{},"requestBody":{"seatIds":[3279]},"statusCode":200}
{"tsServer":1775712148324,"method":"POST","path":"/api/bookings/R20260409045C28/payment-ready","userId":"64683eca-4333-477f-ba2d-c63566162d5a","sessionTicket":null,"queryParams":{},"requestBody":{"name":"테스트봇","birthDate":"20000101","email":"test@test.com","phone":"01062971082"},"statusCode":200}
{"tsServer":1775712171791,"method":"POST","path":"/api/payments/confirm","userId":"64683eca-4333-477f-ba2d-c63566162d5a","sessionTicket":null,"queryParams":{},"requestBody":{"paymentKey":"tviva20260409142228AAYG6","orderId":"R20260409045C28","amount":142000},"statusCode":400}
{"tsServer":1775712171799,"method":"POST","path":"/api/auth/reissue","userId":"64683eca-4333-477f-ba2d-c63566162d5a","sessionTicket":null,"queryParams":{},"requestBody":{},"statusCode":200}
{"tsServer":1775712171829,"method":"GET","path":"/api/auth/me","userId":"64683eca-4333-477f-ba2d-c63566162d5a","sessionTicket":null,"queryParams":{},"requestBody":{},"statusCode":200}
{"tsServer":1775712183543,"method":"POST","path":"/api/auth/login","userId":null,"sessionTicket":null,"queryParams":{},"requestBody":{"email":"test@test.com","password":"test"},"statusCode":200}
{"tsServer":1775712183672,"method":"GET","path":"/api/auth/me","userId":"64683eca-4333-477f-ba2d-c63566162d5a","sessionTicket":null,"queryParams":{},"requestBody":{},"statusCode":200}
{"tsServer":1775712183741,"method":"GET","path":"/api/musical/home/banners","userId":"64683eca-4333-477f-ba2d-c63566162d5a","sessionTicket":null,"queryParams":{},"requestBody":{},"statusCode":200}
{"tsServer":1775712183741,"method":"GET","path":"/api/musical/home/shows","userId":"64683eca-4333-477f-ba2d-c63566162d5a","sessionTicket":null,"queryParams":{"order":"DAILY_BOOKING","region":"ALL","page":"1","size":"12"},"requestBody":{},"statusCode":200}
{"tsServer":1775712183747,"method":"GET","path":"/api/musical/home/promotions","userId":"64683eca-4333-477f-ba2d-c63566162d5a","sessionTicket":null,"queryParams":{},"requestBody":{},"statusCode":200}
{"tsServer":1775712184450,"method":"POST","path":"/api/auth/reissue","userId":"64683eca-4333-477f-ba2d-c63566162d5a","sessionTicket":null,"queryParams":{},"requestBody":{},"statusCode":200}
{"tsServer":1775712184521,"method":"GET","path":"/api/musical/reviews/1/meta","userId":"64683eca-4333-477f-ba2d-c63566162d5a","sessionTicket":null,"queryParams":{},"requestBody":{},"statusCode":200}
{"tsServer":1775712184527,"method":"GET","path":"/api/auth/me","userId":"64683eca-4333-477f-ba2d-c63566162d5a","sessionTicket":null,"queryParams":{},"requestBody":{},"statusCode":200}
{"tsServer":1775712184518,"method":"GET","path":"/api/musical/shows/1/casting-schedules","userId":"64683eca-4333-477f-ba2d-c63566162d5a","sessionTicket":null,"queryParams":{"from":"2026-04-09","to":"2026-04-09","page":"0","size":"100"},"requestBody":{},"statusCode":200}
{"tsServer":1775712192085,"method":"POST","path":"/api/queue/1/enter","userId":"64683eca-4333-477f-ba2d-c63566162d5a","sessionTicket":null,"queryParams":{},"requestBody":{},"statusCode":200}
{"tsServer":1775712192119,"method":"GET","path":"/api/queue/1/status","userId":"64683eca-4333-477f-ba2d-c63566162d5a","sessionTicket":null,"queryParams":{},"requestBody":{},"statusCode":200}
{"tsServer":1775712193651,"method":"GET","path":"/api/queue/1/status","userId":"64683eca-4333-477f-ba2d-c63566162d5a","sessionTicket":null,"queryParams":{},"requestBody":{},"statusCode":200}
{"tsServer":1775712194202,"method":"POST","path":"/api/ticketing/1/enter","userId":"64683eca-4333-477f-ba2d-c63566162d5a","sessionTicket":null,"queryParams":{},"requestBody":{},"statusCode":200}
{"tsServer":1775712194227,"method":"GET","path":"/api/ticketing/1","userId":"64683eca-4333-477f-ba2d-c63566162d5a","sessionTicket":"3fb755f9-d512-47fb-944f-35e61987d1fa","queryParams":{},"requestBody":{},"statusCode":200}
{"tsServer":1775712202130,"method":"POST","path":"/api/ticketing/1/hold/seat","userId":"64683eca-4333-477f-ba2d-c63566162d5a","sessionTicket":"3fb755f9-d512-47fb-944f-35e61987d1fa","queryParams":{},"requestBody":{"scheduledSeatIds":[3413]},"statusCode":200}
{"tsServer":1775712229865,"method":"POST","path":"/api/bookings","userId":"64683eca-4333-477f-ba2d-c63566162d5a","sessionTicket":null,"queryParams":{},"requestBody":{"seatIds":[3413]},"statusCode":200}
{"tsServer":1775712230355,"method":"POST","path":"/api/bookings/R20260409311089/payment-ready","userId":"64683eca-4333-477f-ba2d-c63566162d5a","sessionTicket":null,"queryParams":{},"requestBody":{"name":"테스트봇","birthDate":"20000101","email":"test@test.com","phone":"01062971082"},"statusCode":200}
{"tsServer":1775712252917,"method":"POST","path":"/api/auth/reissue","userId":"64683eca-4333-477f-ba2d-c63566162d5a","sessionTicket":null,"queryParams":{},"requestBody":{},"statusCode":200}
{"tsServer":1775712252926,"method":"POST","path":"/api/payments/confirm","userId":"64683eca-4333-477f-ba2d-c63566162d5a","sessionTicket":null,"queryParams":{},"requestBody":{"paymentKey":"tviva20260409142350we0x9","orderId":"R20260409311089","amount":142000},"statusCode":400}
{"tsServer":1775712252950,"method":"GET","path":"/api/auth/me","userId":"64683eca-4333-477f-ba2d-c63566162d5a","sessionTicket":null,"queryParams":{},"requestBody":{},"statusCode":200}
{"tsServer":1775712263319,"method":"POST","path":"/api/auth/login","userId":null,"sessionTicket":null,"queryParams":{},"requestBody":{"email":"test@test.com","password":"test"},"statusCode":200}
{"tsServer":1775712263449,"method":"GET","path":"/api/auth/me","userId":"64683eca-4333-477f-ba2d-c63566162d5a","sessionTicket":null,"queryParams":{},"requestBody":{},"statusCode":200}
{"tsServer":1775712263513,"method":"GET","path":"/api/musical/home/banners","userId":"64683eca-4333-477f-ba2d-c63566162d5a","sessionTicket":null,"queryParams":{},"requestBody":{},"statusCode":200}
{"tsServer":1775712263518,"method":"GET","path":"/api/musical/home/promotions","userId":"64683eca-4333-477f-ba2d-c63566162d5a","sessionTicket":null,"queryParams":{},"requestBody":{},"statusCode":200}
{"tsServer":1775712263520,"method":"GET","path":"/api/musical/home/shows","userId":"64683eca-4333-477f-ba2d-c63566162d5a","sessionTicket":null,"queryParams":{"order":"DAILY_BOOKING","region":"ALL","page":"1","size":"12"},"requestBody":{},"statusCode":200}
{"tsServer":1775712263981,"method":"POST","path":"/api/auth/reissue","userId":"64683eca-4333-477f-ba2d-c63566162d5a","sessionTicket":null,"queryParams":{},"requestBody":{},"statusCode":200}
{"tsServer":1775712264015,"method":"GET","path":"/api/musical/reviews/1/meta","userId":"64683eca-4333-477f-ba2d-c63566162d5a","sessionTicket":null,"queryParams":{},"requestBody":{},"statusCode":200}
{"tsServer":1775712264026,"method":"GET","path":"/api/auth/me","userId":"64683eca-4333-477f-ba2d-c63566162d5a","sessionTicket":null,"queryParams":{},"requestBody":{},"statusCode":200}
{"tsServer":1775712264019,"method":"GET","path":"/api/musical/shows/1/casting-schedules","userId":"64683eca-4333-477f-ba2d-c63566162d5a","sessionTicket":null,"queryParams":{"from":"2026-04-09","to":"2026-04-09","page":"0","size":"100"},"requestBody":{},"statusCode":200}
{"tsServer":1775712272026,"method":"POST","path":"/api/queue/1/enter","userId":"64683eca-4333-477f-ba2d-c63566162d5a","sessionTicket":null,"queryParams":{},"requestBody":{},"statusCode":200}
{"tsServer":1775712272063,"method":"GET","path":"/api/queue/1/status","userId":"64683eca-4333-477f-ba2d-c63566162d5a","sessionTicket":null,"queryParams":{},"requestBody":{},"statusCode":200}
{"tsServer":1775712273601,"method":"GET","path":"/api/queue/1/status","userId":"64683eca-4333-477f-ba2d-c63566162d5a","sessionTicket":null,"queryParams":{},"requestBody":{},"statusCode":200}
{"tsServer":1775712274163,"method":"POST","path":"/api/ticketing/1/enter","userId":"64683eca-4333-477f-ba2d-c63566162d5a","sessionTicket":null,"queryParams":{},"requestBody":{},"statusCode":200}
{"tsServer":1775712274184,"method":"GET","path":"/api/ticketing/1","userId":"64683eca-4333-477f-ba2d-c63566162d5a","sessionTicket":"f186fa86-9386-4ec2-87e9-86041d26ffd5","queryParams":{},"requestBody":{},"statusCode":200}
{"tsServer":1775712281358,"method":"POST","path":"/api/ticketing/1/hold/seat","userId":"64683eca-4333-477f-ba2d-c63566162d5a","sessionTicket":"f186fa86-9386-4ec2-87e9-86041d26ffd5","queryParams":{},"requestBody":{"scheduledSeatIds":[3602]},"statusCode":200}
{"tsServer":1775712314747,"method":"POST","path":"/api/bookings","userId":"64683eca-4333-477f-ba2d-c63566162d5a","sessionTicket":null,"queryParams":{},"requestBody":{"seatIds":[3602]},"statusCode":200}
{"tsServer":1775712315252,"method":"POST","path":"/api/bookings/R202604091D1330/payment-ready","userId":"64683eca-4333-477f-ba2d-c63566162d5a","sessionTicket":null,"queryParams":{},"requestBody":{"name":"테스트봇","birthDate":"20000101","email":"test@test.com","phone":"01062971082"},"statusCode":200}
{"tsServer":1775712333042,"method":"POST","path":"/api/payments/confirm","userId":"64683eca-4333-477f-ba2d-c63566162d5a","sessionTicket":null,"queryParams":{},"requestBody":{"paymentKey":"tviva20260409142515rM0s0","orderId":"R202604091D1330","amount":142000},"statusCode":400}
{"tsServer":1775712333048,"method":"POST","path":"/api/auth/reissue","userId":"64683eca-4333-477f-ba2d-c63566162d5a","sessionTicket":null,"queryParams":{},"requestBody":{},"statusCode":200}
{"tsServer":1775712333086,"method":"GET","path":"/api/auth/me","userId":"64683eca-4333-477f-ba2d-c63566162d5a","sessionTicket":null,"queryParams":{},"requestBody":{},"statusCode":200}
{"tsServer":1775712344455,"method":"POST","path":"/api/auth/login","userId":null,"sessionTicket":null,"queryParams":{},"requestBody":{"email":"test@test.com","password":"test"},"statusCode":200}
{"tsServer":1775712344581,"method":"GET","path":"/api/auth/me","userId":"64683eca-4333-477f-ba2d-c63566162d5a","sessionTicket":null,"queryParams":{},"requestBody":{},"statusCode":200}
{"tsServer":1775712344644,"method":"GET","path":"/api/musical/home/banners","userId":"64683eca-4333-477f-ba2d-c63566162d5a","sessionTicket":null,"queryParams":{},"requestBody":{},"statusCode":200}
{"tsServer":1775712344650,"method":"GET","path":"/api/musical/home/shows","userId":"64683eca-4333-477f-ba2d-c63566162d5a","sessionTicket":null,"queryParams":{"order":"DAILY_BOOKING","region":"ALL","page":"1","size":"12"},"requestBody":{},"statusCode":200}
{"tsServer":1775712344655,"method":"GET","path":"/api/musical/home/promotions","userId":"64683eca-4333-477f-ba2d-c63566162d5a","sessionTicket":null,"queryParams":{},"requestBody":{},"statusCode":200}
{"tsServer":1775712345338,"method":"POST","path":"/api/auth/reissue","userId":"64683eca-4333-477f-ba2d-c63566162d5a","sessionTicket":null,"queryParams":{},"requestBody":{},"statusCode":200}
{"tsServer":1775712345381,"method":"GET","path":"/api/musical/reviews/1/meta","userId":"64683eca-4333-477f-ba2d-c63566162d5a","sessionTicket":null,"queryParams":{},"requestBody":{},"statusCode":200}
{"tsServer":1775712345381,"method":"GET","path":"/api/auth/me","userId":"64683eca-4333-477f-ba2d-c63566162d5a","sessionTicket":null,"queryParams":{},"requestBody":{},"statusCode":200}
{"tsServer":1775712345379,"method":"GET","path":"/api/musical/shows/1/casting-schedules","userId":"64683eca-4333-477f-ba2d-c63566162d5a","sessionTicket":null,"queryParams":{"from":"2026-04-09","to":"2026-04-09","page":"0","size":"100"},"requestBody":{},"statusCode":200}
{"tsServer":1775712353373,"method":"POST","path":"/api/queue/1/enter","userId":"64683eca-4333-477f-ba2d-c63566162d5a","sessionTicket":null,"queryParams":{},"requestBody":{},"statusCode":200}
{"tsServer":1775712353407,"method":"GET","path":"/api/queue/1/status","userId":"64683eca-4333-477f-ba2d-c63566162d5a","sessionTicket":null,"queryParams":{},"requestBody":{},"statusCode":200}
{"tsServer":1775712354929,"method":"GET","path":"/api/queue/1/status","userId":"64683eca-4333-477f-ba2d-c63566162d5a","sessionTicket":null,"queryParams":{},"requestBody":{},"statusCode":200}
{"tsServer":1775712355470,"method":"POST","path":"/api/ticketing/1/enter","userId":"64683eca-4333-477f-ba2d-c63566162d5a","sessionTicket":null,"queryParams":{},"requestBody":{},"statusCode":200}
{"tsServer":1775712355496,"method":"GET","path":"/api/ticketing/1","userId":"64683eca-4333-477f-ba2d-c63566162d5a","sessionTicket":"0c26d9a9-1e4d-4fb9-80c5-cbe492af86c0","queryParams":{},"requestBody":{},"statusCode":200}
{"tsServer":1775712362281,"method":"POST","path":"/api/ticketing/1/hold/seat","userId":"64683eca-4333-477f-ba2d-c63566162d5a","sessionTicket":"0c26d9a9-1e4d-4fb9-80c5-cbe492af86c0","queryParams":{},"requestBody":{"scheduledSeatIds":[3616]},"statusCode":200}
{"tsServer":1775712390644,"method":"POST","path":"/api/bookings","userId":"64683eca-4333-477f-ba2d-c63566162d5a","sessionTicket":null,"queryParams":{},"requestBody":{"seatIds":[3616]},"statusCode":200}
{"tsServer":1775712391170,"method":"POST","path":"/api/bookings/R2026040942528D/payment-ready","userId":"64683eca-4333-477f-ba2d-c63566162d5a","sessionTicket":null,"queryParams":{},"requestBody":{"name":"테스트봇","birthDate":"20000101","email":"test@test.com","phone":"01062971082"},"statusCode":200}
{"tsServer":1775712403618,"method":"POST","path":"/api/payments/confirm","userId":"64683eca-4333-477f-ba2d-c63566162d5a","sessionTicket":null,"queryParams":{},"requestBody":{"paymentKey":"tviva20260409142631vtMJ7","orderId":"R2026040942528D","amount":142000},"statusCode":400}
{"tsServer":1775712403627,"method":"POST","path":"/api/auth/reissue","userId":"64683eca-4333-477f-ba2d-c63566162d5a","sessionTicket":null,"queryParams":{},"requestBody":{},"statusCode":200}
{"tsServer":1775712403658,"method":"GET","path":"/api/auth/me","userId":"64683eca-4333-477f-ba2d-c63566162d5a","sessionTicket":null,"queryParams":{},"requestBody":{},"statusCode":200}
{"tsServer":1775712414557,"method":"POST","path":"/api/auth/login","userId":null,"sessionTicket":null,"queryParams":{},"requestBody":{"email":"test@test.com","password":"test"},"statusCode":200}
{"tsServer":1775712414694,"method":"GET","path":"/api/auth/me","userId":"64683eca-4333-477f-ba2d-c63566162d5a","sessionTicket":null,"queryParams":{},"requestBody":{},"statusCode":200}
{"tsServer":1775712414772,"method":"GET","path":"/api/musical/home/promotions","userId":"64683eca-4333-477f-ba2d-c63566162d5a","sessionTicket":null,"queryParams":{},"requestBody":{},"statusCode":200}
{"tsServer":1775712414772,"method":"GET","path":"/api/musical/home/banners","userId":"64683eca-4333-477f-ba2d-c63566162d5a","sessionTicket":null,"queryParams":{},"requestBody":{},"statusCode":200}
{"tsServer":1775712414783,"method":"GET","path":"/api/musical/home/shows","userId":"64683eca-4333-477f-ba2d-c63566162d5a","sessionTicket":null,"queryParams":{"order":"DAILY_BOOKING","region":"ALL","page":"1","size":"12"},"requestBody":{},"statusCode":200}
{"tsServer":1775712415911,"method":"POST","path":"/api/auth/reissue","userId":"64683eca-4333-477f-ba2d-c63566162d5a","sessionTicket":null,"queryParams":{},"requestBody":{},"statusCode":200}
{"tsServer":1775712415965,"method":"GET","path":"/api/auth/me","userId":"64683eca-4333-477f-ba2d-c63566162d5a","sessionTicket":null,"queryParams":{},"requestBody":{},"statusCode":200}
{"tsServer":1775712415977,"method":"GET","path":"/api/musical/reviews/1/meta","userId":"64683eca-4333-477f-ba2d-c63566162d5a","sessionTicket":null,"queryParams":{},"requestBody":{},"statusCode":200}
{"tsServer":1775712415955,"method":"GET","path":"/api/musical/shows/1/casting-schedules","userId":"64683eca-4333-477f-ba2d-c63566162d5a","sessionTicket":null,"queryParams":{"from":"2026-04-09","to":"2026-04-09","page":"0","size":"100"},"requestBody":{},"statusCode":200}
{"tsServer":1775712423516,"method":"POST","path":"/api/queue/1/enter","userId":"64683eca-4333-477f-ba2d-c63566162d5a","sessionTicket":null,"queryParams":{},"requestBody":{},"statusCode":200}
{"tsServer":1775712423547,"method":"GET","path":"/api/queue/1/status","userId":"64683eca-4333-477f-ba2d-c63566162d5a","sessionTicket":null,"queryParams":{},"requestBody":{},"statusCode":200}
{"tsServer":1775712425075,"method":"GET","path":"/api/queue/1/status","userId":"64683eca-4333-477f-ba2d-c63566162d5a","sessionTicket":null,"queryParams":{},"requestBody":{},"statusCode":200}
{"tsServer":1775712425629,"method":"POST","path":"/api/ticketing/1/enter","userId":"64683eca-4333-477f-ba2d-c63566162d5a","sessionTicket":null,"queryParams":{},"requestBody":{},"statusCode":200}
{"tsServer":1775712425652,"method":"GET","path":"/api/ticketing/1","userId":"64683eca-4333-477f-ba2d-c63566162d5a","sessionTicket":"dcc3cba4-4d13-4e7e-ae24-e1c7f2a407cb","queryParams":{},"requestBody":{},"statusCode":200}
{"tsServer":1775712455512,"method":"POST","path":"/api/auth/login","userId":null,"sessionTicket":null,"queryParams":{},"requestBody":{"email":"test@test.com","password":"test"},"statusCode":200}
{"tsServer":1775712455640,"method":"GET","path":"/api/auth/me","userId":"64683eca-4333-477f-ba2d-c63566162d5a","sessionTicket":null,"queryParams":{},"requestBody":{},"statusCode":200}
{"tsServer":1775712455714,"method":"GET","path":"/api/musical/home/shows","userId":"64683eca-4333-477f-ba2d-c63566162d5a","sessionTicket":null,"queryParams":{"order":"DAILY_BOOKING","region":"ALL","page":"1","size":"12"},"requestBody":{},"statusCode":200}
{"tsServer":1775712455717,"method":"GET","path":"/api/musical/home/promotions","userId":"64683eca-4333-477f-ba2d-c63566162d5a","sessionTicket":null,"queryParams":{},"requestBody":{},"statusCode":200}
{"tsServer":1775712455718,"method":"GET","path":"/api/musical/home/banners","userId":"64683eca-4333-477f-ba2d-c63566162d5a","sessionTicket":null,"queryParams":{},"requestBody":{},"statusCode":200}
{"tsServer":1775712456184,"method":"POST","path":"/api/auth/reissue","userId":"64683eca-4333-477f-ba2d-c63566162d5a","sessionTicket":null,"queryParams":{},"requestBody":{},"statusCode":200}
{"tsServer":1775712456239,"method":"GET","path":"/api/musical/reviews/1/meta","userId":"64683eca-4333-477f-ba2d-c63566162d5a","sessionTicket":null,"queryParams":{},"requestBody":{},"statusCode":200}
{"tsServer":1775712456230,"method":"GET","path":"/api/auth/me","userId":"64683eca-4333-477f-ba2d-c63566162d5a","sessionTicket":null,"queryParams":{},"requestBody":{},"statusCode":200}
{"tsServer":1775712456227,"method":"GET","path":"/api/musical/shows/1/casting-schedules","userId":"64683eca-4333-477f-ba2d-c63566162d5a","sessionTicket":null,"queryParams":{"from":"2026-04-09","to":"2026-04-09","page":"0","size":"100"},"requestBody":{},"statusCode":200}
{"tsServer":1775712465715,"method":"POST","path":"/api/queue/1/enter","userId":"64683eca-4333-477f-ba2d-c63566162d5a","sessionTicket":null,"queryParams":{},"requestBody":{},"statusCode":200}
{"tsServer":1775712465796,"method":"GET","path":"/api/queue/1/status","userId":"64683eca-4333-477f-ba2d-c63566162d5a","sessionTicket":null,"queryParams":{},"requestBody":{},"statusCode":200}
{"tsServer":1775712467324,"method":"GET","path":"/api/queue/1/status","userId":"64683eca-4333-477f-ba2d-c63566162d5a","sessionTicket":null,"queryParams":{},"requestBody":{},"statusCode":200}
{"tsServer":1775712467879,"method":"POST","path":"/api/ticketing/1/enter","userId":"64683eca-4333-477f-ba2d-c63566162d5a","sessionTicket":null,"queryParams":{},"requestBody":{},"statusCode":200}
{"tsServer":1775712467915,"method":"GET","path":"/api/ticketing/1","userId":"64683eca-4333-477f-ba2d-c63566162d5a","sessionTicket":"463316ba-0218-40f3-9af8-60798cf8b29b","queryParams":{},"requestBody":{},"statusCode":200}
{"tsServer":1775712480558,"method":"POST","path":"/api/ticketing/1/hold/seat","userId":"64683eca-4333-477f-ba2d-c63566162d5a","sessionTicket":"463316ba-0218-40f3-9af8-60798cf8b29b","queryParams":{},"requestBody":{"scheduledSeatIds":[3606]},"statusCode":200}
{"tsServer":1775712497841,"method":"POST","path":"/api/bookings","userId":"64683eca-4333-477f-ba2d-c63566162d5a","sessionTicket":null,"queryParams":{},"requestBody":{"seatIds":[3606]},"statusCode":200}
{"tsServer":1775712498353,"method":"POST","path":"/api/bookings/R202604097320B1/payment-ready","userId":"64683eca-4333-477f-ba2d-c63566162d5a","sessionTicket":null,"queryParams":{},"requestBody":{"name":"테스트봇","birthDate":"20000101","email":"test@test.com","phone":"01062971082"},"statusCode":200}
{"tsServer":1775712522333,"method":"POST","path":"/api/auth/reissue","userId":"64683eca-4333-477f-ba2d-c63566162d5a","sessionTicket":null,"queryParams":{},"requestBody":{},"statusCode":200}
{"tsServer":1775712522336,"method":"POST","path":"/api/payments/confirm","userId":"64683eca-4333-477f-ba2d-c63566162d5a","sessionTicket":null,"queryParams":{},"requestBody":{"paymentKey":"tviva20260409142818tcOb9","orderId":"R202604097320B1","amount":142000},"statusCode":400}
{"tsServer":1775712522366,"method":"GET","path":"/api/auth/me","userId":"64683eca-4333-477f-ba2d-c63566162d5a","sessionTicket":null,"queryParams":{},"requestBody":{},"statusCode":200}
{"tsServer":1775712533175,"method":"POST","path":"/api/auth/login","userId":null,"sessionTicket":null,"queryParams":{},"requestBody":{"email":"test@test.com","password":"test"},"statusCode":200}
{"tsServer":1775712533302,"method":"GET","path":"/api/auth/me","userId":"64683eca-4333-477f-ba2d-c63566162d5a","sessionTicket":null,"queryParams":{},"requestBody":{},"statusCode":200}
{"tsServer":1775712533384,"method":"GET","path":"/api/musical/home/banners","userId":"64683eca-4333-477f-ba2d-c63566162d5a","sessionTicket":null,"queryParams":{},"requestBody":{},"statusCode":200}
{"tsServer":1775712533383,"method":"GET","path":"/api/musical/home/shows","userId":"64683eca-4333-477f-ba2d-c63566162d5a","sessionTicket":null,"queryParams":{"order":"DAILY_BOOKING","region":"ALL","page":"1","size":"12"},"requestBody":{},"statusCode":200}
{"tsServer":1775712533389,"method":"GET","path":"/api/musical/home/promotions","userId":"64683eca-4333-477f-ba2d-c63566162d5a","sessionTicket":null,"queryParams":{},"requestBody":{},"statusCode":200}
{"tsServer":1775712534148,"method":"GET","path":"/api/musical/reviews/1/meta","userId":"64683eca-4333-477f-ba2d-c63566162d5a","sessionTicket":null,"queryParams":{},"requestBody":{},"statusCode":200}
{"tsServer":1775712534152,"method":"GET","path":"/api/musical/shows/1/casting-schedules","userId":"64683eca-4333-477f-ba2d-c63566162d5a","sessionTicket":null,"queryParams":{"from":"2026-04-09","to":"2026-04-09","page":"0","size":"100"},"requestBody":{},"statusCode":200}
{"tsServer":1775712534228,"method":"POST","path":"/api/auth/reissue","userId":"64683eca-4333-477f-ba2d-c63566162d5a","sessionTicket":null,"queryParams":{},"requestBody":{},"statusCode":200}
{"tsServer":1775712534258,"method":"GET","path":"/api/auth/me","userId":"64683eca-4333-477f-ba2d-c63566162d5a","sessionTicket":null,"queryParams":{},"requestBody":{},"statusCode":200}
{"tsServer":1775712542287,"method":"POST","path":"/api/queue/1/enter","userId":"64683eca-4333-477f-ba2d-c63566162d5a","sessionTicket":null,"queryParams":{},"requestBody":{},"statusCode":200}
{"tsServer":1775712542315,"method":"GET","path":"/api/queue/1/status","userId":"64683eca-4333-477f-ba2d-c63566162d5a","sessionTicket":null,"queryParams":{},"requestBody":{},"statusCode":200}
{"tsServer":1775712543849,"method":"GET","path":"/api/queue/1/status","userId":"64683eca-4333-477f-ba2d-c63566162d5a","sessionTicket":null,"queryParams":{},"requestBody":{},"statusCode":200}
{"tsServer":1775712544439,"method":"POST","path":"/api/ticketing/1/enter","userId":"64683eca-4333-477f-ba2d-c63566162d5a","sessionTicket":null,"queryParams":{},"requestBody":{},"statusCode":200}
{"tsServer":1775712544495,"method":"GET","path":"/api/ticketing/1","userId":"64683eca-4333-477f-ba2d-c63566162d5a","sessionTicket":"0565b0d1-df2f-4e90-a142-3664bea1e4c3","queryParams":{},"requestBody":{},"statusCode":200}
{"tsServer":1775712574521,"method":"POST","path":"/api/auth/login","userId":null,"sessionTicket":null,"queryParams":{},"requestBody":{"email":"test@test.com","password":"test"},"statusCode":200}
{"tsServer":1775712574686,"method":"GET","path":"/api/auth/me","userId":"64683eca-4333-477f-ba2d-c63566162d5a","sessionTicket":null,"queryParams":{},"requestBody":{},"statusCode":200}
{"tsServer":1775712574782,"method":"GET","path":"/api/musical/home/promotions","userId":"64683eca-4333-477f-ba2d-c63566162d5a","sessionTicket":null,"queryParams":{},"requestBody":{},"statusCode":200}
{"tsServer":1775712574779,"method":"GET","path":"/api/musical/home/banners","userId":"64683eca-4333-477f-ba2d-c63566162d5a","sessionTicket":null,"queryParams":{},"requestBody":{},"statusCode":200}
{"tsServer":1775712574787,"method":"GET","path":"/api/musical/home/shows","userId":"64683eca-4333-477f-ba2d-c63566162d5a","sessionTicket":null,"queryParams":{"order":"DAILY_BOOKING","region":"ALL","page":"1","size":"12"},"requestBody":{},"statusCode":200}
{"tsServer":1775712575136,"method":"POST","path":"/api/auth/reissue","userId":"64683eca-4333-477f-ba2d-c63566162d5a","sessionTicket":null,"queryParams":{},"requestBody":{},"statusCode":200}
{"tsServer":1775712575176,"method":"GET","path":"/api/musical/reviews/1/meta","userId":"64683eca-4333-477f-ba2d-c63566162d5a","sessionTicket":null,"queryParams":{},"requestBody":{},"statusCode":200}
{"tsServer":1775712575205,"method":"GET","path":"/api/auth/me","userId":"64683eca-4333-477f-ba2d-c63566162d5a","sessionTicket":null,"queryParams":{},"requestBody":{},"statusCode":200}
{"tsServer":1775712575178,"method":"GET","path":"/api/musical/shows/1/casting-schedules","userId":"64683eca-4333-477f-ba2d-c63566162d5a","sessionTicket":null,"queryParams":{"from":"2026-04-09","to":"2026-04-09","page":"0","size":"100"},"requestBody":{},"statusCode":200}
{"tsServer":1775712583085,"method":"POST","path":"/api/queue/1/enter","userId":"64683eca-4333-477f-ba2d-c63566162d5a","sessionTicket":null,"queryParams":{},"requestBody":{},"statusCode":200}
{"tsServer":1775712583128,"method":"GET","path":"/api/queue/1/status","userId":"64683eca-4333-477f-ba2d-c63566162d5a","sessionTicket":null,"queryParams":{},"requestBody":{},"statusCode":200}
{"tsServer":1775712584666,"method":"GET","path":"/api/queue/1/status","userId":"64683eca-4333-477f-ba2d-c63566162d5a","sessionTicket":null,"queryParams":{},"requestBody":{},"statusCode":200}
{"tsServer":1775712585235,"method":"POST","path":"/api/ticketing/1/enter","userId":"64683eca-4333-477f-ba2d-c63566162d5a","sessionTicket":null,"queryParams":{},"requestBody":{},"statusCode":200}
{"tsServer":1775712585262,"method":"GET","path":"/api/ticketing/1","userId":"64683eca-4333-477f-ba2d-c63566162d5a","sessionTicket":"6dd5f0ed-2aff-4e9c-adcb-44c66e0bdad1","queryParams":{},"requestBody":{},"statusCode":200}
{"tsServer":1775712590903,"method":"POST","path":"/api/ticketing/1/hold/seat","userId":"64683eca-4333-477f-ba2d-c63566162d5a","sessionTicket":"6dd5f0ed-2aff-4e9c-adcb-44c66e0bdad1","queryParams":{},"requestBody":{"scheduledSeatIds":[3640]},"statusCode":200}
{"tsServer":1775712617619,"method":"POST","path":"/api/bookings","userId":"64683eca-4333-477f-ba2d-c63566162d5a","sessionTicket":null,"queryParams":{},"requestBody":{"seatIds":[3640]},"statusCode":200}
{"tsServer":1775712618252,"method":"POST","path":"/api/bookings/R202604096B69A1/payment-ready","userId":"64683eca-4333-477f-ba2d-c63566162d5a","sessionTicket":null,"queryParams":{},"requestBody":{"name":"테스트봇","birthDate":"20000101","email":"test@test.com","phone":"01062971082"},"statusCode":200}
{"tsServer":1775712643999,"method":"POST","path":"/api/auth/reissue","userId":"64683eca-4333-477f-ba2d-c63566162d5a","sessionTicket":null,"queryParams":{},"requestBody":{},"statusCode":200}
{"tsServer":1775712644008,"method":"POST","path":"/api/payments/confirm","userId":"64683eca-4333-477f-ba2d-c63566162d5a","sessionTicket":null,"queryParams":{},"requestBody":{"paymentKey":"tviva20260409143018q5iD5","orderId":"R202604096B69A1","amount":142000},"statusCode":400}
{"tsServer":1775712644029,"method":"GET","path":"/api/auth/me","userId":"64683eca-4333-477f-ba2d-c63566162d5a","sessionTicket":null,"queryParams":{},"requestBody":{},"statusCode":200}
{"tsServer":1775712654995,"method":"POST","path":"/api/auth/login","userId":null,"sessionTicket":null,"queryParams":{},"requestBody":{"email":"test@test.com","password":"test"},"statusCode":200}
{"tsServer":1775712655132,"method":"GET","path":"/api/auth/me","userId":"64683eca-4333-477f-ba2d-c63566162d5a","sessionTicket":null,"queryParams":{},"requestBody":{},"statusCode":200}
{"tsServer":1775712655256,"method":"GET","path":"/api/musical/home/promotions","userId":"64683eca-4333-477f-ba2d-c63566162d5a","sessionTicket":null,"queryParams":{},"requestBody":{},"statusCode":200}
{"tsServer":1775712655259,"method":"GET","path":"/api/musical/home/shows","userId":"64683eca-4333-477f-ba2d-c63566162d5a","sessionTicket":null,"queryParams":{"order":"DAILY_BOOKING","region":"ALL","page":"1","size":"12"},"requestBody":{},"statusCode":200}
{"tsServer":1775712655258,"method":"GET","path":"/api/musical/home/banners","userId":"64683eca-4333-477f-ba2d-c63566162d5a","sessionTicket":null,"queryParams":{},"requestBody":{},"statusCode":200}
{"tsServer":1775712655921,"method":"POST","path":"/api/auth/reissue","userId":"64683eca-4333-477f-ba2d-c63566162d5a","sessionTicket":null,"queryParams":{},"requestBody":{},"statusCode":200}
{"tsServer":1775712655956,"method":"GET","path":"/api/musical/reviews/1/meta","userId":"64683eca-4333-477f-ba2d-c63566162d5a","sessionTicket":null,"queryParams":{},"requestBody":{},"statusCode":200}
{"tsServer":1775712655969,"method":"GET","path":"/api/auth/me","userId":"64683eca-4333-477f-ba2d-c63566162d5a","sessionTicket":null,"queryParams":{},"requestBody":{},"statusCode":200}
{"tsServer":1775712655959,"method":"GET","path":"/api/musical/shows/1/casting-schedules","userId":"64683eca-4333-477f-ba2d-c63566162d5a","sessionTicket":null,"queryParams":{"from":"2026-04-09","to":"2026-04-09","page":"0","size":"100"},"requestBody":{},"statusCode":200}
{"tsServer":1775712663756,"method":"POST","path":"/api/queue/1/enter","userId":"64683eca-4333-477f-ba2d-c63566162d5a","sessionTicket":null,"queryParams":{},"requestBody":{},"statusCode":200}
{"tsServer":1775712663792,"method":"GET","path":"/api/queue/1/status","userId":"64683eca-4333-477f-ba2d-c63566162d5a","sessionTicket":null,"queryParams":{},"requestBody":{},"statusCode":200}
{"tsServer":1775712665321,"method":"GET","path":"/api/queue/1/status","userId":"64683eca-4333-477f-ba2d-c63566162d5a","sessionTicket":null,"queryParams":{},"requestBody":{},"statusCode":200}
{"tsServer":1775712666271,"method":"POST","path":"/api/ticketing/1/enter","userId":"64683eca-4333-477f-ba2d-c63566162d5a","sessionTicket":null,"queryParams":{},"requestBody":{},"statusCode":200}
{"tsServer":1775712666297,"method":"GET","path":"/api/ticketing/1","userId":"64683eca-4333-477f-ba2d-c63566162d5a","sessionTicket":"6446400c-99a0-42d7-8a91-097bdec7ed93","queryParams":{},"requestBody":{},"statusCode":200}
{"tsServer":1775712697225,"method":"POST","path":"/api/auth/login","userId":null,"sessionTicket":null,"queryParams":{},"requestBody":{"email":"test@test.com","password":"test"},"statusCode":200}
{"tsServer":1775712697355,"method":"GET","path":"/api/auth/me","userId":"64683eca-4333-477f-ba2d-c63566162d5a","sessionTicket":null,"queryParams":{},"requestBody":{},"statusCode":200}
{"tsServer":1775712697479,"method":"GET","path":"/api/musical/home/shows","userId":"64683eca-4333-477f-ba2d-c63566162d5a","sessionTicket":null,"queryParams":{"order":"DAILY_BOOKING","region":"ALL","page":"1","size":"12"},"requestBody":{},"statusCode":200}
{"tsServer":1775712697483,"method":"GET","path":"/api/musical/home/banners","userId":"64683eca-4333-477f-ba2d-c63566162d5a","sessionTicket":null,"queryParams":{},"requestBody":{},"statusCode":200}
{"tsServer":1775712697511,"method":"GET","path":"/api/musical/home/promotions","userId":"64683eca-4333-477f-ba2d-c63566162d5a","sessionTicket":null,"queryParams":{},"requestBody":{},"statusCode":200}
{"tsServer":1775712698013,"method":"POST","path":"/api/auth/reissue","userId":"64683eca-4333-477f-ba2d-c63566162d5a","sessionTicket":null,"queryParams":{},"requestBody":{},"statusCode":200}
{"tsServer":1775712698057,"method":"GET","path":"/api/musical/reviews/1/meta","userId":"64683eca-4333-477f-ba2d-c63566162d5a","sessionTicket":null,"queryParams":{},"requestBody":{},"statusCode":200}
{"tsServer":1775712698059,"method":"GET","path":"/api/auth/me","userId":"64683eca-4333-477f-ba2d-c63566162d5a","sessionTicket":null,"queryParams":{},"requestBody":{},"statusCode":200}
{"tsServer":1775712698056,"method":"GET","path":"/api/musical/shows/1/casting-schedules","userId":"64683eca-4333-477f-ba2d-c63566162d5a","sessionTicket":null,"queryParams":{"from":"2026-04-09","to":"2026-04-09","page":"0","size":"100"},"requestBody":{},"statusCode":200}
{"tsServer":1775712707221,"method":"POST","path":"/api/queue/1/enter","userId":"64683eca-4333-477f-ba2d-c63566162d5a","sessionTicket":null,"queryParams":{},"requestBody":{},"statusCode":200}
{"tsServer":1775712707255,"method":"GET","path":"/api/queue/1/status","userId":"64683eca-4333-477f-ba2d-c63566162d5a","sessionTicket":null,"queryParams":{},"requestBody":{},"statusCode":200}
{"tsServer":1775712708779,"method":"GET","path":"/api/queue/1/status","userId":"64683eca-4333-477f-ba2d-c63566162d5a","sessionTicket":null,"queryParams":{},"requestBody":{},"statusCode":200}
{"tsServer":1775712709564,"method":"POST","path":"/api/ticketing/1/enter","userId":"64683eca-4333-477f-ba2d-c63566162d5a","sessionTicket":null,"queryParams":{},"requestBody":{},"statusCode":200}
{"tsServer":1775712709590,"method":"GET","path":"/api/ticketing/1","userId":"64683eca-4333-477f-ba2d-c63566162d5a","sessionTicket":"8e2a9bf8-fdd2-4f52-a999-a3d612a07279","queryParams":{},"requestBody":{},"statusCode":200}
{"tsServer":1775712716790,"method":"POST","path":"/api/ticketing/1/hold/seat","userId":"64683eca-4333-477f-ba2d-c63566162d5a","sessionTicket":"8e2a9bf8-fdd2-4f52-a999-a3d612a07279","queryParams":{},"requestBody":{"scheduledSeatIds":[3103]},"statusCode":200}
{"tsServer":1775712757686,"method":"POST","path":"/api/bookings","userId":"64683eca-4333-477f-ba2d-c63566162d5a","sessionTicket":null,"queryParams":{},"requestBody":{"seatIds":[3103]},"statusCode":200}
{"tsServer":1775712758223,"method":"POST","path":"/api/bookings/R20260409621517/payment-ready","userId":"64683eca-4333-477f-ba2d-c63566162d5a","sessionTicket":null,"queryParams":{},"requestBody":{"name":"테스트봇","birthDate":"20000101","email":"test@test.com","phone":"01062971082"},"statusCode":200}
{"tsServer":1775712772788,"method":"POST","path":"/api/auth/reissue","userId":"64683eca-4333-477f-ba2d-c63566162d5a","sessionTicket":null,"queryParams":{},"requestBody":{},"statusCode":200}
{"tsServer":1775712772796,"method":"POST","path":"/api/payments/confirm","userId":"64683eca-4333-477f-ba2d-c63566162d5a","sessionTicket":null,"queryParams":{},"requestBody":{"paymentKey":"tviva20260409143238ABDG8","orderId":"R20260409621517","amount":172000},"statusCode":400}
{"tsServer":1775712772819,"method":"GET","path":"/api/auth/me","userId":"64683eca-4333-477f-ba2d-c63566162d5a","sessionTicket":null,"queryParams":{},"requestBody":{},"statusCode":200}
{"tsServer":1775712783968,"method":"POST","path":"/api/auth/login","userId":null,"sessionTicket":null,"queryParams":{},"requestBody":{"email":"test@test.com","password":"test"},"statusCode":200}
{"tsServer":1775712784104,"method":"GET","path":"/api/auth/me","userId":"64683eca-4333-477f-ba2d-c63566162d5a","sessionTicket":null,"queryParams":{},"requestBody":{},"statusCode":200}
{"tsServer":1775712784169,"method":"GET","path":"/api/musical/home/shows","userId":"64683eca-4333-477f-ba2d-c63566162d5a","sessionTicket":null,"queryParams":{"order":"DAILY_BOOKING","region":"ALL","page":"1","size":"12"},"requestBody":{},"statusCode":200}
{"tsServer":1775712784177,"method":"GET","path":"/api/musical/home/promotions","userId":"64683eca-4333-477f-ba2d-c63566162d5a","sessionTicket":null,"queryParams":{},"requestBody":{},"statusCode":200}
{"tsServer":1775712784189,"method":"GET","path":"/api/musical/home/banners","userId":"64683eca-4333-477f-ba2d-c63566162d5a","sessionTicket":null,"queryParams":{},"requestBody":{},"statusCode":200}
{"tsServer":1775712784758,"method":"POST","path":"/api/auth/reissue","userId":"64683eca-4333-477f-ba2d-c63566162d5a","sessionTicket":null,"queryParams":{},"requestBody":{},"statusCode":200}
{"tsServer":1775712784812,"method":"GET","path":"/api/musical/reviews/1/meta","userId":"64683eca-4333-477f-ba2d-c63566162d5a","sessionTicket":null,"queryParams":{},"requestBody":{},"statusCode":200}
{"tsServer":1775712784822,"method":"GET","path":"/api/auth/me","userId":"64683eca-4333-477f-ba2d-c63566162d5a","sessionTicket":null,"queryParams":{},"requestBody":{},"statusCode":200}
{"tsServer":1775712784815,"method":"GET","path":"/api/musical/shows/1/casting-schedules","userId":"64683eca-4333-477f-ba2d-c63566162d5a","sessionTicket":null,"queryParams":{"from":"2026-04-09","to":"2026-04-09","page":"0","size":"100"},"requestBody":{},"statusCode":200}
{"tsServer":1775712793418,"method":"POST","path":"/api/queue/1/enter","userId":"64683eca-4333-477f-ba2d-c63566162d5a","sessionTicket":null,"queryParams":{},"requestBody":{},"statusCode":200}
{"tsServer":1775712793446,"method":"GET","path":"/api/queue/1/status","userId":"64683eca-4333-477f-ba2d-c63566162d5a","sessionTicket":null,"queryParams":{},"requestBody":{},"statusCode":200}
{"tsServer":1775712794970,"method":"GET","path":"/api/queue/1/status","userId":"64683eca-4333-477f-ba2d-c63566162d5a","sessionTicket":null,"queryParams":{},"requestBody":{},"statusCode":200}
{"tsServer":1775712795699,"method":"POST","path":"/api/ticketing/1/enter","userId":"64683eca-4333-477f-ba2d-c63566162d5a","sessionTicket":null,"queryParams":{},"requestBody":{},"statusCode":200}
{"tsServer":1775712795727,"method":"GET","path":"/api/ticketing/1","userId":"64683eca-4333-477f-ba2d-c63566162d5a","sessionTicket":"462c88e7-1f57-493c-b378-8d4a3c2b6abb","queryParams":{},"requestBody":{},"statusCode":200}
{"tsServer":1775712801389,"method":"POST","path":"/api/ticketing/1/hold/seat","userId":"64683eca-4333-477f-ba2d-c63566162d5a","sessionTicket":"462c88e7-1f57-493c-b378-8d4a3c2b6abb","queryParams":{},"requestBody":{"scheduledSeatIds":[3440]},"statusCode":200}
{"tsServer":1775712844888,"method":"GET","path":"/api/auth/me","userId":"64683eca-4333-477f-ba2d-c63566162d5a","sessionTicket":null,"queryParams":{},"requestBody":{},"statusCode":200}
{"tsServer":1775712847940,"method":"POST","path":"/api/bookings","userId":"64683eca-4333-477f-ba2d-c63566162d5a","sessionTicket":null,"queryParams":{},"requestBody":{"seatIds":[3440]},"statusCode":200}
{"tsServer":1775712848446,"method":"POST","path":"/api/bookings/R20260409671B3E/payment-ready","userId":"64683eca-4333-477f-ba2d-c63566162d5a","sessionTicket":null,"queryParams":{},"requestBody":{"name":"테스트봇","birthDate":"20000101","email":"test@test.com","phone":"01062971082"},"statusCode":200}
{"tsServer":1775712849092,"method":"DELETE","path":"/api/auth/logout","userId":"64683eca-4333-477f-ba2d-c63566162d5a","sessionTicket":null,"queryParams":{},"requestBody":{},"statusCode":200}
{"tsServer":1775712868231,"method":"POST","path":"/api/auth/reissue","userId":"64683eca-4333-477f-ba2d-c63566162d5a","sessionTicket":null,"queryParams":{},"requestBody":{},"statusCode":200}
{"tsServer":1775712868235,"method":"POST","path":"/api/payments/confirm","userId":"64683eca-4333-477f-ba2d-c63566162d5a","sessionTicket":null,"queryParams":{},"requestBody":{"paymentKey":"tviva20260409143408yWQc8","orderId":"R20260409671B3E","amount":142000},"statusCode":400}
{"tsServer":1775712868281,"method":"GET","path":"/api/auth/me","userId":"64683eca-4333-477f-ba2d-c63566162d5a","sessionTicket":null,"queryParams":{},"requestBody":{},"statusCode":200}
{"tsServer":1775712880737,"method":"POST","path":"/api/auth/login","userId":null,"sessionTicket":null,"queryParams":{},"requestBody":{"email":"test@test.com","password":"test"},"statusCode":200}
{"tsServer":1775712880879,"method":"GET","path":"/api/auth/me","userId":"64683eca-4333-477f-ba2d-c63566162d5a","sessionTicket":null,"queryParams":{},"requestBody":{},"statusCode":200}
{"tsServer":1775712880950,"method":"GET","path":"/api/musical/home/promotions","userId":"64683eca-4333-477f-ba2d-c63566162d5a","sessionTicket":null,"queryParams":{},"requestBody":{},"statusCode":200}
{"tsServer":1775712880950,"method":"GET","path":"/api/musical/home/banners","userId":"64683eca-4333-477f-ba2d-c63566162d5a","sessionTicket":null,"queryParams":{},"requestBody":{},"statusCode":200}
{"tsServer":1775712880951,"method":"GET","path":"/api/musical/home/shows","userId":"64683eca-4333-477f-ba2d-c63566162d5a","sessionTicket":null,"queryParams":{"order":"DAILY_BOOKING","region":"ALL","page":"1","size":"12"},"requestBody":{},"statusCode":200}
{"tsServer":1775712881775,"method":"POST","path":"/api/auth/reissue","userId":"64683eca-4333-477f-ba2d-c63566162d5a","sessionTicket":null,"queryParams":{},"requestBody":{},"statusCode":200}
{"tsServer":1775712881817,"method":"GET","path":"/api/musical/reviews/1/meta","userId":"64683eca-4333-477f-ba2d-c63566162d5a","sessionTicket":null,"queryParams":{},"requestBody":{},"statusCode":200}
{"tsServer":1775712881827,"method":"GET","path":"/api/auth/me","userId":"64683eca-4333-477f-ba2d-c63566162d5a","sessionTicket":null,"queryParams":{},"requestBody":{},"statusCode":200}
{"tsServer":1775712881831,"method":"GET","path":"/api/musical/shows/1/casting-schedules","userId":"64683eca-4333-477f-ba2d-c63566162d5a","sessionTicket":null,"queryParams":{"from":"2026-04-09","to":"2026-04-09","page":"0","size":"100"},"requestBody":{},"statusCode":200}
{"tsServer":1775712890203,"method":"POST","path":"/api/queue/1/enter","userId":"64683eca-4333-477f-ba2d-c63566162d5a","sessionTicket":null,"queryParams":{},"requestBody":{},"statusCode":200}
{"tsServer":1775712890270,"method":"GET","path":"/api/queue/1/status","userId":"64683eca-4333-477f-ba2d-c63566162d5a","sessionTicket":null,"queryParams":{},"requestBody":{},"statusCode":200}
{"tsServer":1775712891798,"method":"GET","path":"/api/queue/1/status","userId":"64683eca-4333-477f-ba2d-c63566162d5a","sessionTicket":null,"queryParams":{},"requestBody":{},"statusCode":200}
{"tsServer":1775712892452,"method":"POST","path":"/api/ticketing/1/enter","userId":"64683eca-4333-477f-ba2d-c63566162d5a","sessionTicket":null,"queryParams":{},"requestBody":{},"statusCode":200}
{"tsServer":1775712892478,"method":"GET","path":"/api/ticketing/1","userId":"64683eca-4333-477f-ba2d-c63566162d5a","sessionTicket":"c15a874e-7f26-4b89-9022-62969a6d381f","queryParams":{},"requestBody":{},"statusCode":200}
{"tsServer":1775712906680,"method":"POST","path":"/api/ticketing/1/hold/seat","userId":"64683eca-4333-477f-ba2d-c63566162d5a","sessionTicket":"c15a874e-7f26-4b89-9022-62969a6d381f","queryParams":{},"requestBody":{"scheduledSeatIds":[3272]},"statusCode":200}
{"tsServer":1775712930468,"method":"POST","path":"/api/auth/login","userId":null,"sessionTicket":null,"queryParams":{},"requestBody":{"email":"test@test.com","password":"test"},"statusCode":200}
{"tsServer":1775712932957,"method":"POST","path":"/api/bookings","userId":"64683eca-4333-477f-ba2d-c63566162d5a","sessionTicket":null,"queryParams":{},"requestBody":{"seatIds":[3272]},"statusCode":200}
{"tsServer":1775712933476,"method":"POST","path":"/api/bookings/R20260409485B36/payment-ready","userId":"64683eca-4333-477f-ba2d-c63566162d5a","sessionTicket":null,"queryParams":{},"requestBody":{"name":"테스트봇","birthDate":"20000101","email":"test@test.com","phone":"01062971082"},"statusCode":200}
{"tsServer":1775712960422,"method":"POST","path":"/api/payments/confirm","userId":"64683eca-4333-477f-ba2d-c63566162d5a","sessionTicket":null,"queryParams":{},"requestBody":{"paymentKey":"tviva20260409143534yWVL3","orderId":"R20260409485B36","amount":142000},"statusCode":400}
{"tsServer":1775712960432,"method":"POST","path":"/api/auth/reissue","userId":"64683eca-4333-477f-ba2d-c63566162d5a","sessionTicket":null,"queryParams":{},"requestBody":{},"statusCode":200}
{"tsServer":1775712960475,"method":"GET","path":"/api/auth/me","userId":"64683eca-4333-477f-ba2d-c63566162d5a","sessionTicket":null,"queryParams":{},"requestBody":{},"statusCode":200}
{"tsServer":1775712965908,"method":"POST","path":"/api/queue/1/enter","userId":"64683eca-4333-477f-ba2d-c63566162d5a","sessionTicket":null,"queryParams":{},"requestBody":{},"statusCode":200}
{"tsServer":1775712970733,"method":"POST","path":"/api/auth/login","userId":null,"sessionTicket":null,"queryParams":{},"requestBody":{"email":"test@test.com","password":"test"},"statusCode":200}
{"tsServer":1775712970871,"method":"GET","path":"/api/auth/me","userId":"64683eca-4333-477f-ba2d-c63566162d5a","sessionTicket":null,"queryParams":{},"requestBody":{},"statusCode":200}
{"tsServer":1775712970960,"method":"GET","path":"/api/musical/home/banners","userId":"64683eca-4333-477f-ba2d-c63566162d5a","sessionTicket":null,"queryParams":{},"requestBody":{},"statusCode":200}
{"tsServer":1775712970959,"method":"GET","path":"/api/musical/home/promotions","userId":"64683eca-4333-477f-ba2d-c63566162d5a","sessionTicket":null,"queryParams":{},"requestBody":{},"statusCode":200}
{"tsServer":1775712970959,"method":"GET","path":"/api/musical/home/shows","userId":"64683eca-4333-477f-ba2d-c63566162d5a","sessionTicket":null,"queryParams":{"order":"DAILY_BOOKING","region":"ALL","page":"1","size":"12"},"requestBody":{},"statusCode":200}
{"tsServer":1775712971583,"method":"POST","path":"/api/auth/reissue","userId":"64683eca-4333-477f-ba2d-c63566162d5a","sessionTicket":null,"queryParams":{},"requestBody":{},"statusCode":200}
{"tsServer":1775712971624,"method":"GET","path":"/api/musical/reviews/1/meta","userId":"64683eca-4333-477f-ba2d-c63566162d5a","sessionTicket":null,"queryParams":{},"requestBody":{},"statusCode":200}
{"tsServer":1775712971644,"method":"GET","path":"/api/auth/me","userId":"64683eca-4333-477f-ba2d-c63566162d5a","sessionTicket":null,"queryParams":{},"requestBody":{},"statusCode":200}
{"tsServer":1775712971627,"method":"GET","path":"/api/musical/shows/1/casting-schedules","userId":"64683eca-4333-477f-ba2d-c63566162d5a","sessionTicket":null,"queryParams":{"from":"2026-04-09","to":"2026-04-09","page":"0","size":"100"},"requestBody":{},"statusCode":200}
{"tsServer":1775712979517,"method":"POST","path":"/api/queue/1/enter","userId":"64683eca-4333-477f-ba2d-c63566162d5a","sessionTicket":null,"queryParams":{},"requestBody":{},"statusCode":200}
{"tsServer":1775712979553,"method":"GET","path":"/api/queue/1/status","userId":"64683eca-4333-477f-ba2d-c63566162d5a","sessionTicket":null,"queryParams":{},"requestBody":{},"statusCode":200}
{"tsServer":1775712980186,"method":"POST","path":"/api/ticketing/1/enter","userId":"64683eca-4333-477f-ba2d-c63566162d5a","sessionTicket":null,"queryParams":{},"requestBody":{},"statusCode":200}
{"tsServer":1775712980211,"method":"GET","path":"/api/ticketing/1","userId":"64683eca-4333-477f-ba2d-c63566162d5a","sessionTicket":"4467eb8b-0ffe-4668-83ae-c660db3a625d","queryParams":{},"requestBody":{},"statusCode":200}
{"tsServer":1775712981831,"method":"GET","path":"/api/queue/1/status","userId":"64683eca-4333-477f-ba2d-c63566162d5a","sessionTicket":null,"queryParams":{},"requestBody":{},"statusCode":400}
{"tsServer":1775712987581,"method":"POST","path":"/api/ticketing/1/hold/seat","userId":"64683eca-4333-477f-ba2d-c63566162d5a","sessionTicket":"4467eb8b-0ffe-4668-83ae-c660db3a625d","queryParams":{},"requestBody":{"scheduledSeatIds":[3338]},"statusCode":200}
{"tsServer":1775713012643,"method":"POST","path":"/api/bookings","userId":"64683eca-4333-477f-ba2d-c63566162d5a","sessionTicket":null,"queryParams":{},"requestBody":{"seatIds":[3338]},"statusCode":200}
{"tsServer":1775713013367,"method":"POST","path":"/api/bookings/R2026040916D644/payment-ready","userId":"64683eca-4333-477f-ba2d-c63566162d5a","sessionTicket":null,"queryParams":{},"requestBody":{"name":"테스트봇","birthDate":"20000101","email":"test@test.com","phone":"01062971082"},"statusCode":200}
