{"tsServer":1775715723205,"method":"POST","path":"/api/ticketing/40/hold/seat","userId":"64683eca-4333-477f-ba2d-c63566162d5a","sessionTicket":"e7bac666-eea4-4ff3-8948-b9c38df232e0","queryParams":{},"requestBody":{"scheduledSeatIds":[1289695]},"statusCode":200}
{"tsServer":1775715753344,"method":"POST","path":"/api/bookings","userId":"64683eca-4333-477f-ba2d-c63566162d5a","sessionTicket":null,"queryParams":{},"requestBody":{"seatIds":[1289695]},"statusCode":500}
{"tsServer":1775715769257,"method":"POST","path":"/api/auth/login","userId":null,"sessionTicket":null,"queryParams":{},"requestBody":{"email":"test@test.com","password":"test"},"statusCode":200}
{"tsServer":1775715769389,"method":"GET","path":"/api/auth/me","userId":"64683eca-4333-477f-ba2d-c63566162d5a","sessionTicket":null,"queryParams":{},"requestBody":{},"statusCode":200}
{"tsServer":1775715769453,"method":"GET","path":"/api/musical/home/banners","userId":"64683eca-4333-477f-ba2d-c63566162d5a","sessionTicket":null,"queryParams":{},"requestBody":{},"statusCode":200}
{"tsServer":1775715769455,"method":"GET","path":"/api/musical/home/promotions","userId":"64683eca-4333-477f-ba2d-c63566162d5a","sessionTicket":null,"queryParams":{},"requestBody":{},"statusCode":200}
{"tsServer":1775715769461,"method":"GET","path":"/api/musical/home/shows","userId":"64683eca-4333-477f-ba2d-c63566162d5a","sessionTicket":null,"queryParams":{"order":"DAILY_BOOKING","region":"ALL","page":"1","size":"12"},"requestBody":{},"statusCode":200}
{"tsServer":1775715770218,"method":"POST","path":"/api/auth/reissue","userId":"64683eca-4333-477f-ba2d-c63566162d5a","sessionTicket":null,"queryParams":{},"requestBody":{},"statusCode":200}
{"tsServer":1775715770265,"method":"GET","path":"/api/musical/reviews/1/meta","userId":"64683eca-4333-477f-ba2d-c63566162d5a","sessionTicket":null,"queryParams":{},"requestBody":{},"statusCode":200}
{"tsServer":1775715770264,"method":"GET","path":"/api/auth/me","userId":"64683eca-4333-477f-ba2d-c63566162d5a","sessionTicket":null,"queryParams":{},"requestBody":{},"statusCode":200}
{"tsServer":1775715770256,"method":"GET","path":"/api/musical/shows/1/casting-schedules","userId":"64683eca-4333-477f-ba2d-c63566162d5a","sessionTicket":null,"queryParams":{"from":"2026-04-09","to":"2026-04-09","page":"0","size":"100"},"requestBody":{},"statusCode":200}
{"tsServer":1775715778327,"method":"POST","path":"/api/queue/40/enter","userId":"64683eca-4333-477f-ba2d-c63566162d5a","sessionTicket":null,"queryParams":{},"requestBody":{},"statusCode":200}
{"tsServer":1775715778362,"method":"GET","path":"/api/queue/40/status","userId":"64683eca-4333-477f-ba2d-c63566162d5a","sessionTicket":null,"queryParams":{},"requestBody":{},"statusCode":200}
{"tsServer":1775715779886,"method":"GET","path":"/api/queue/40/status","userId":"64683eca-4333-477f-ba2d-c63566162d5a","sessionTicket":null,"queryParams":{},"requestBody":{},"statusCode":200}
{"tsServer":1775715780439,"method":"POST","path":"/api/ticketing/40/enter","userId":"64683eca-4333-477f-ba2d-c63566162d5a","sessionTicket":null,"queryParams":{},"requestBody":{},"statusCode":200}
{"tsServer":1775715780473,"method":"GET","path":"/api/ticketing/40","userId":"64683eca-4333-477f-ba2d-c63566162d5a","sessionTicket":"b4a7e0ef-b9cf-43ee-98e8-a5706f5ec352","queryParams":{},"requestBody":{},"statusCode":200}
{"tsServer":1775715809498,"method":"POST","path":"/api/auth/login","userId":null,"sessionTicket":null,"queryParams":{},"requestBody":{"email":"test@test.com","password":"test"},"statusCode":200}
{"tsServer":1775715809625,"method":"GET","path":"/api/auth/me","userId":"64683eca-4333-477f-ba2d-c63566162d5a","sessionTicket":null,"queryParams":{},"requestBody":{},"statusCode":200}
{"tsServer":1775715809695,"method":"GET","path":"/api/musical/home/banners","userId":"64683eca-4333-477f-ba2d-c63566162d5a","sessionTicket":null,"queryParams":{},"requestBody":{},"statusCode":200}
{"tsServer":1775715809700,"method":"GET","path":"/api/musical/home/promotions","userId":"64683eca-4333-477f-ba2d-c63566162d5a","sessionTicket":null,"queryParams":{},"requestBody":{},"statusCode":200}
{"tsServer":1775715809703,"method":"GET","path":"/api/musical/home/shows","userId":"64683eca-4333-477f-ba2d-c63566162d5a","sessionTicket":null,"queryParams":{"order":"DAILY_BOOKING","region":"ALL","page":"1","size":"12"},"requestBody":{},"statusCode":200}
{"tsServer":1775715810113,"method":"POST","path":"/api/auth/reissue","userId":"64683eca-4333-477f-ba2d-c63566162d5a","sessionTicket":null,"queryParams":{},"requestBody":{},"statusCode":200}
{"tsServer":1775715810151,"method":"GET","path":"/api/musical/reviews/1/meta","userId":"64683eca-4333-477f-ba2d-c63566162d5a","sessionTicket":null,"queryParams":{},"requestBody":{},"statusCode":200}
{"tsServer":1775715810158,"method":"GET","path":"/api/auth/me","userId":"64683eca-4333-477f-ba2d-c63566162d5a","sessionTicket":null,"queryParams":{},"requestBody":{},"statusCode":200}
{"tsServer":1775715810150,"method":"GET","path":"/api/musical/shows/1/casting-schedules","userId":"64683eca-4333-477f-ba2d-c63566162d5a","sessionTicket":null,"queryParams":{"from":"2026-04-09","to":"2026-04-09","page":"0","size":"100"},"requestBody":{},"statusCode":200}
{"tsServer":1775715818570,"method":"POST","path":"/api/queue/40/enter","userId":"64683eca-4333-477f-ba2d-c63566162d5a","sessionTicket":null,"queryParams":{},"requestBody":{},"statusCode":200}
{"tsServer":1775715818599,"method":"GET","path":"/api/queue/40/status","userId":"64683eca-4333-477f-ba2d-c63566162d5a","sessionTicket":null,"queryParams":{},"requestBody":{},"statusCode":200}
{"tsServer":1775715820118,"method":"GET","path":"/api/queue/40/status","userId":"64683eca-4333-477f-ba2d-c63566162d5a","sessionTicket":null,"queryParams":{},"requestBody":{},"statusCode":200}
{"tsServer":1775715820836,"method":"POST","path":"/api/ticketing/40/enter","userId":"64683eca-4333-477f-ba2d-c63566162d5a","sessionTicket":null,"queryParams":{},"requestBody":{},"statusCode":200}
{"tsServer":1775715820865,"method":"GET","path":"/api/ticketing/40","userId":"64683eca-4333-477f-ba2d-c63566162d5a","sessionTicket":"8e8cf8e3-510e-476b-80dd-002e05a100a8","queryParams":{},"requestBody":{},"statusCode":200}
{"tsServer":1775715827799,"method":"POST","path":"/api/ticketing/40/hold/seat","userId":"64683eca-4333-477f-ba2d-c63566162d5a","sessionTicket":"8e8cf8e3-510e-476b-80dd-002e05a100a8","queryParams":{},"requestBody":{"scheduledSeatIds":[1272343]},"statusCode":200}
{"tsServer":1775715861875,"method":"POST","path":"/api/bookings","userId":"64683eca-4333-477f-ba2d-c63566162d5a","sessionTicket":null,"queryParams":{},"requestBody":{"seatIds":[1272343]},"statusCode":500}
{"tsServer":1775715877638,"method":"POST","path":"/api/auth/login","userId":null,"sessionTicket":null,"queryParams":{},"requestBody":{"email":"test@test.com","password":"test"},"statusCode":200}
{"tsServer":1775715877773,"method":"GET","path":"/api/auth/me","userId":"64683eca-4333-477f-ba2d-c63566162d5a","sessionTicket":null,"queryParams":{},"requestBody":{},"statusCode":200}
{"tsServer":1775715877846,"method":"GET","path":"/api/musical/home/promotions","userId":"64683eca-4333-477f-ba2d-c63566162d5a","sessionTicket":null,"queryParams":{},"requestBody":{},"statusCode":200}
{"tsServer":1775715877848,"method":"GET","path":"/api/musical/home/banners","userId":"64683eca-4333-477f-ba2d-c63566162d5a","sessionTicket":null,"queryParams":{},"requestBody":{},"statusCode":200}
{"tsServer":1775715877851,"method":"GET","path":"/api/musical/home/shows","userId":"64683eca-4333-477f-ba2d-c63566162d5a","sessionTicket":null,"queryParams":{"order":"DAILY_BOOKING","region":"ALL","page":"1","size":"12"},"requestBody":{},"statusCode":200}
{"tsServer":1775715878775,"method":"POST","path":"/api/auth/reissue","userId":"64683eca-4333-477f-ba2d-c63566162d5a","sessionTicket":null,"queryParams":{},"requestBody":{},"statusCode":200}
{"tsServer":1775715878803,"method":"GET","path":"/api/musical/reviews/1/meta","userId":"64683eca-4333-477f-ba2d-c63566162d5a","sessionTicket":null,"queryParams":{},"requestBody":{},"statusCode":200}
{"tsServer":1775715878809,"method":"GET","path":"/api/auth/me","userId":"64683eca-4333-477f-ba2d-c63566162d5a","sessionTicket":null,"queryParams":{},"requestBody":{},"statusCode":200}
{"tsServer":1775715878813,"method":"GET","path":"/api/musical/shows/1/casting-schedules","userId":"64683eca-4333-477f-ba2d-c63566162d5a","sessionTicket":null,"queryParams":{"from":"2026-04-09","to":"2026-04-09","page":"0","size":"100"},"requestBody":{},"statusCode":200}
{"tsServer":1775715887120,"method":"POST","path":"/api/queue/40/enter","userId":"64683eca-4333-477f-ba2d-c63566162d5a","sessionTicket":null,"queryParams":{},"requestBody":{},"statusCode":200}
{"tsServer":1775715887152,"method":"GET","path":"/api/queue/40/status","userId":"64683eca-4333-477f-ba2d-c63566162d5a","sessionTicket":null,"queryParams":{},"requestBody":{},"statusCode":200}
{"tsServer":1775715888677,"method":"GET","path":"/api/queue/40/status","userId":"64683eca-4333-477f-ba2d-c63566162d5a","sessionTicket":null,"queryParams":{},"requestBody":{},"statusCode":200}
{"tsServer":1775715889228,"method":"POST","path":"/api/ticketing/40/enter","userId":"64683eca-4333-477f-ba2d-c63566162d5a","sessionTicket":null,"queryParams":{},"requestBody":{},"statusCode":200}
{"tsServer":1775715889264,"method":"GET","path":"/api/ticketing/40","userId":"64683eca-4333-477f-ba2d-c63566162d5a","sessionTicket":"e73d41b9-ad18-44ed-a517-b5f4d54c7975","queryParams":{},"requestBody":{},"statusCode":200}
{"tsServer":1775715896083,"method":"POST","path":"/api/ticketing/40/hold/seat","userId":"64683eca-4333-477f-ba2d-c63566162d5a","sessionTicket":"e73d41b9-ad18-44ed-a517-b5f4d54c7975","queryParams":{},"requestBody":{"scheduledSeatIds":[1249930]},"statusCode":200}
{"tsServer":1775715927963,"method":"POST","path":"/api/bookings","userId":"64683eca-4333-477f-ba2d-c63566162d5a","sessionTicket":null,"queryParams":{},"requestBody":{"seatIds":[1249930]},"statusCode":500}
{"tsServer":1775715944465,"method":"POST","path":"/api/auth/login","userId":null,"sessionTicket":null,"queryParams":{},"requestBody":{"email":"test@test.com","password":"test"},"statusCode":200}
{"tsServer":1775715944599,"method":"GET","path":"/api/auth/me","userId":"64683eca-4333-477f-ba2d-c63566162d5a","sessionTicket":null,"queryParams":{},"requestBody":{},"statusCode":200}
{"tsServer":1775715944683,"method":"GET","path":"/api/musical/home/banners","userId":"64683eca-4333-477f-ba2d-c63566162d5a","sessionTicket":null,"queryParams":{},"requestBody":{},"statusCode":200}
{"tsServer":1775715944687,"method":"GET","path":"/api/musical/home/promotions","userId":"64683eca-4333-477f-ba2d-c63566162d5a","sessionTicket":null,"queryParams":{},"requestBody":{},"statusCode":200}
{"tsServer":1775715944682,"method":"GET","path":"/api/musical/home/shows","userId":"64683eca-4333-477f-ba2d-c63566162d5a","sessionTicket":null,"queryParams":{"order":"DAILY_BOOKING","region":"ALL","page":"1","size":"12"},"requestBody":{},"statusCode":200}
{"tsServer":1775715945435,"method":"POST","path":"/api/auth/reissue","userId":"64683eca-4333-477f-ba2d-c63566162d5a","sessionTicket":null,"queryParams":{},"requestBody":{},"statusCode":200}
{"tsServer":1775715945471,"method":"GET","path":"/api/musical/reviews/1/meta","userId":"64683eca-4333-477f-ba2d-c63566162d5a","sessionTicket":null,"queryParams":{},"requestBody":{},"statusCode":200}
{"tsServer":1775715945489,"method":"GET","path":"/api/auth/me","userId":"64683eca-4333-477f-ba2d-c63566162d5a","sessionTicket":null,"queryParams":{},"requestBody":{},"statusCode":200}
{"tsServer":1775715945472,"method":"GET","path":"/api/musical/shows/1/casting-schedules","userId":"64683eca-4333-477f-ba2d-c63566162d5a","sessionTicket":null,"queryParams":{"from":"2026-04-09","to":"2026-04-09","page":"0","size":"100"},"requestBody":{},"statusCode":200}
{"tsServer":1775715953317,"method":"POST","path":"/api/queue/40/enter","userId":"64683eca-4333-477f-ba2d-c63566162d5a","sessionTicket":null,"queryParams":{},"requestBody":{},"statusCode":200}
{"tsServer":1775715953352,"method":"GET","path":"/api/queue/40/status","userId":"64683eca-4333-477f-ba2d-c63566162d5a","sessionTicket":null,"queryParams":{},"requestBody":{},"statusCode":200}
{"tsServer":1775715954891,"method":"GET","path":"/api/queue/40/status","userId":"64683eca-4333-477f-ba2d-c63566162d5a","sessionTicket":null,"queryParams":{},"requestBody":{},"statusCode":200}
{"tsServer":1775715955481,"method":"POST","path":"/api/ticketing/40/enter","userId":"64683eca-4333-477f-ba2d-c63566162d5a","sessionTicket":null,"queryParams":{},"requestBody":{},"statusCode":200}
{"tsServer":1775715955508,"method":"GET","path":"/api/ticketing/40","userId":"64683eca-4333-477f-ba2d-c63566162d5a","sessionTicket":"28b95087-8ed4-48c3-a763-bca2e2f88eeb","queryParams":{},"requestBody":{},"statusCode":200}
{"tsServer":1775715964853,"method":"POST","path":"/api/ticketing/40/hold/seat","userId":"64683eca-4333-477f-ba2d-c63566162d5a","sessionTicket":"28b95087-8ed4-48c3-a763-bca2e2f88eeb","queryParams":{},"requestBody":{"scheduledSeatIds":[1319338]},"statusCode":200}
