{"tsServer":1775705669050,"method":"POST","path":"/api/auth/login","userId":null,"sessionTicket":null,"queryParams":{},"requestBody":{"email":"eogus4717@gmail.com","password":"alclsalcls1!"},"statusCode":200}
{"tsServer":1775705671775,"method":"GET","path":"/api/auth/me","userId":"64683eca-4333-477f-ba2d-c63566162d5a","sessionTicket":null,"queryParams":{},"requestBody":{},"statusCode":200}
{"tsServer":1775705673524,"method":"GET","path":"/api/auth/me","userId":"49e7bc75-7bcb-44d9-ab8e-8d71a67df937","sessionTicket":null,"queryParams":{},"requestBody":{},"statusCode":200}
{"tsServer":1775705690014,"method":"POST","path":"/api/auth/login","userId":null,"sessionTicket":null,"queryParams":{},"requestBody":{"email":"eogus4717@gmail.com","password":"alclsalcls1!"},"statusCode":200}
{"tsServer":1775705690226,"method":"GET","path":"/api/auth/me","userId":"49e7bc75-7bcb-44d9-ab8e-8d71a67df937","sessionTicket":null,"queryParams":{},"requestBody":{},"statusCode":200}
{"tsServer":1775705690349,"method":"GET","path":"/api/musical/home/promotions","userId":"49e7bc75-7bcb-44d9-ab8e-8d71a67df937","sessionTicket":null,"queryParams":{},"requestBody":{},"statusCode":200}
{"tsServer":1775705690351,"method":"GET","path":"/api/musical/home/banners","userId":"49e7bc75-7bcb-44d9-ab8e-8d71a67df937","sessionTicket":null,"queryParams":{},"requestBody":{},"statusCode":200}
{"tsServer":1775705690354,"method":"GET","path":"/api/musical/home/shows","userId":"49e7bc75-7bcb-44d9-ab8e-8d71a67df937","sessionTicket":null,"queryParams":{"order":"DAILY_BOOKING","region":"ALL","page":"1","size":"12"},"requestBody":{},"statusCode":200}
{"tsServer":1775705691117,"method":"POST","path":"/api/auth/reissue","userId":"49e7bc75-7bcb-44d9-ab8e-8d71a67df937","sessionTicket":null,"queryParams":{},"requestBody":{},"statusCode":200}
{"tsServer":1775705691176,"method":"GET","path":"/api/auth/me","userId":"49e7bc75-7bcb-44d9-ab8e-8d71a67df937","sessionTicket":null,"queryParams":{},"requestBody":{},"statusCode":200}
{"tsServer":1775705691165,"method":"GET","path":"/api/musical/reviews/1/meta","userId":"49e7bc75-7bcb-44d9-ab8e-8d71a67df937","sessionTicket":null,"queryParams":{},"requestBody":{},"statusCode":200}
{"tsServer":1775705691161,"method":"GET","path":"/api/musical/shows/1/casting-schedules","userId":"49e7bc75-7bcb-44d9-ab8e-8d71a67df937","sessionTicket":null,"queryParams":{},"requestBody":{},"statusCode":200}
{"tsServer":1775705698253,"method":"POST","path":"/api/queue/1/enter","userId":"49e7bc75-7bcb-44d9-ab8e-8d71a67df937","sessionTicket":null,"queryParams":{},"requestBody":{},"statusCode":200}
{"tsServer":1775705698732,"method":"GET","path":"/api/queue/1/status","userId":"49e7bc75-7bcb-44d9-ab8e-8d71a67df937","sessionTicket":null,"queryParams":{},"requestBody":{},"statusCode":200}
{"tsServer":1775705700328,"method":"GET","path":"/api/queue/1/status","userId":"49e7bc75-7bcb-44d9-ab8e-8d71a67df937","sessionTicket":null,"queryParams":{},"requestBody":{},"statusCode":200}
{"tsServer":1775705700899,"method":"POST","path":"/api/ticketing/1/enter","userId":"49e7bc75-7bcb-44d9-ab8e-8d71a67df937","sessionTicket":null,"queryParams":{},"requestBody":{},"statusCode":200}
{"tsServer":1775705702604,"method":"GET","path":"/api/ticketing/1","userId":"49e7bc75-7bcb-44d9-ab8e-8d71a67df937","sessionTicket":"6de9aca1-a237-471a-8815-37c5cca79eeb","queryParams":{},"requestBody":{},"statusCode":200}
{"tsServer":1775705705116,"method":"POST","path":"/api/ticketing/1/hold/seat","userId":"49e7bc75-7bcb-44d9-ab8e-8d71a67df937","sessionTicket":"6de9aca1-a237-471a-8815-37c5cca79eeb","queryParams":{},"requestBody":{"scheduledSeatIds":[3264]},"statusCode":200}
{"tsServer":1775705705546,"method":"POST","path":"/api/ticketing/1/hold/seat","userId":"49e7bc75-7bcb-44d9-ab8e-8d71a67df937","sessionTicket":"6de9aca1-a237-471a-8815-37c5cca79eeb","queryParams":{},"requestBody":{"scheduledSeatIds":[3264,3209]},"statusCode":200}
{"tsServer":1775705709419,"method":"POST","path":"/api/bookings","userId":"49e7bc75-7bcb-44d9-ab8e-8d71a67df937","sessionTicket":null,"queryParams":{},"requestBody":{"seatIds":[3264,3209]},"statusCode":200}
{"tsServer":1775705714548,"method":"POST","path":"/api/bookings/R20260409FAAA49/payment-ready","userId":"49e7bc75-7bcb-44d9-ab8e-8d71a67df937","sessionTicket":null,"queryParams":{},"requestBody":{"name":"테스트봇","birthDate":"20000101","email":"eogus4717@gmail.com","phone":"01062971082"},"statusCode":200}
{"tsServer":1775705728111,"method":"POST","path":"/api/auth/login","userId":null,"sessionTicket":null,"queryParams":{},"requestBody":{"email":"eogus4717@gmail.com","password":"alclsalcls1!"},"statusCode":200}
{"tsServer":1775705728278,"method":"GET","path":"/api/auth/me","userId":"49e7bc75-7bcb-44d9-ab8e-8d71a67df937","sessionTicket":null,"queryParams":{},"requestBody":{},"statusCode":200}
{"tsServer":1775705728380,"method":"GET","path":"/api/musical/home/banners","userId":"49e7bc75-7bcb-44d9-ab8e-8d71a67df937","sessionTicket":null,"queryParams":{},"requestBody":{},"statusCode":200}
{"tsServer":1775705728396,"method":"GET","path":"/api/musical/home/promotions","userId":"49e7bc75-7bcb-44d9-ab8e-8d71a67df937","sessionTicket":null,"queryParams":{},"requestBody":{},"statusCode":200}
{"tsServer":1775705728388,"method":"GET","path":"/api/musical/home/shows","userId":"49e7bc75-7bcb-44d9-ab8e-8d71a67df937","sessionTicket":null,"queryParams":{"order":"DAILY_BOOKING","region":"ALL","page":"1","size":"12"},"requestBody":{},"statusCode":200}
{"tsServer":1775705729224,"method":"POST","path":"/api/auth/reissue","userId":"49e7bc75-7bcb-44d9-ab8e-8d71a67df937","sessionTicket":null,"queryParams":{},"requestBody":{},"statusCode":200}
{"tsServer":1775705729260,"method":"GET","path":"/api/musical/reviews/1/meta","userId":"49e7bc75-7bcb-44d9-ab8e-8d71a67df937","sessionTicket":null,"queryParams":{},"requestBody":{},"statusCode":200}
{"tsServer":1775705729285,"method":"GET","path":"/api/auth/me","userId":"49e7bc75-7bcb-44d9-ab8e-8d71a67df937","sessionTicket":null,"queryParams":{},"requestBody":{},"statusCode":200}
{"tsServer":1775705729258,"method":"GET","path":"/api/musical/shows/1/casting-schedules","userId":"49e7bc75-7bcb-44d9-ab8e-8d71a67df937","sessionTicket":null,"queryParams":{},"requestBody":{},"statusCode":200}
{"tsServer":1775705734434,"method":"POST","path":"/api/queue/1/enter","userId":"49e7bc75-7bcb-44d9-ab8e-8d71a67df937","sessionTicket":null,"queryParams":{},"requestBody":{},"statusCode":200}
{"tsServer":1775705734491,"method":"GET","path":"/api/queue/1/status","userId":"49e7bc75-7bcb-44d9-ab8e-8d71a67df937","sessionTicket":null,"queryParams":{},"requestBody":{},"statusCode":200}
{"tsServer":1775705736040,"method":"GET","path":"/api/queue/1/status","userId":"49e7bc75-7bcb-44d9-ab8e-8d71a67df937","sessionTicket":null,"queryParams":{},"requestBody":{},"statusCode":200}
{"tsServer":1775705736615,"method":"POST","path":"/api/ticketing/1/enter","userId":"49e7bc75-7bcb-44d9-ab8e-8d71a67df937","sessionTicket":null,"queryParams":{},"requestBody":{},"statusCode":200}
{"tsServer":1775705736655,"method":"GET","path":"/api/ticketing/1","userId":"49e7bc75-7bcb-44d9-ab8e-8d71a67df937","sessionTicket":"ac7d0e8f-eb58-4f57-ac24-f2ebd24a0859","queryParams":{},"requestBody":{},"statusCode":200}
{"tsServer":1775705737280,"method":"POST","path":"/api/ticketing/1/hold/seat","userId":"49e7bc75-7bcb-44d9-ab8e-8d71a67df937","sessionTicket":"ac7d0e8f-eb58-4f57-ac24-f2ebd24a0859","queryParams":{},"requestBody":{"scheduledSeatIds":[3549]},"statusCode":200}
{"tsServer":1775705741301,"method":"POST","path":"/api/bookings","userId":"49e7bc75-7bcb-44d9-ab8e-8d71a67df937","sessionTicket":null,"queryParams":{},"requestBody":{"seatIds":[3549]},"statusCode":200}
{"tsServer":1775705742722,"method":"POST","path":"/api/bookings/R2026040919852B/payment-ready","userId":"49e7bc75-7bcb-44d9-ab8e-8d71a67df937","sessionTicket":null,"queryParams":{},"requestBody":{"name":"테스트봇","birthDate":"20000101","email":"eogus4717@gmail.com","phone":"01062971082"},"statusCode":200}
{"tsServer":1775705748634,"method":"POST","path":"/api/auth/reissue","userId":"49e7bc75-7bcb-44d9-ab8e-8d71a67df937","sessionTicket":null,"queryParams":{},"requestBody":{},"statusCode":200}
{"tsServer":1775705748717,"method":"GET","path":"/api/auth/me","userId":"49e7bc75-7bcb-44d9-ab8e-8d71a67df937","sessionTicket":null,"queryParams":{},"requestBody":{},"statusCode":200}
{"tsServer":1775705748638,"method":"POST","path":"/api/payments/confirm","userId":"49e7bc75-7bcb-44d9-ab8e-8d71a67df937","sessionTicket":null,"queryParams":{},"requestBody":{"paymentKey":"tviva20260409123543sE691","orderId":"R2026040919852B","amount":142000},"statusCode":400}
{"tsServer":1775705757153,"method":"POST","path":"/api/auth/login","userId":null,"sessionTicket":null,"queryParams":{},"requestBody":{"email":"eogus4717@gmail.com","password":"alclsalcls1!"},"statusCode":200}
{"tsServer":1775705757303,"method":"GET","path":"/api/auth/me","userId":"49e7bc75-7bcb-44d9-ab8e-8d71a67df937","sessionTicket":null,"queryParams":{},"requestBody":{},"statusCode":200}
{"tsServer":1775705757400,"method":"GET","path":"/api/musical/home/banners","userId":"49e7bc75-7bcb-44d9-ab8e-8d71a67df937","sessionTicket":null,"queryParams":{},"requestBody":{},"statusCode":200}
{"tsServer":1775705757398,"method":"GET","path":"/api/musical/home/promotions","userId":"49e7bc75-7bcb-44d9-ab8e-8d71a67df937","sessionTicket":null,"queryParams":{},"requestBody":{},"statusCode":200}
{"tsServer":1775705757401,"method":"GET","path":"/api/musical/home/shows","userId":"49e7bc75-7bcb-44d9-ab8e-8d71a67df937","sessionTicket":null,"queryParams":{"order":"DAILY_BOOKING","region":"ALL","page":"1","size":"12"},"requestBody":{},"statusCode":200}
{"tsServer":1775705757732,"method":"POST","path":"/api/auth/reissue","userId":"49e7bc75-7bcb-44d9-ab8e-8d71a67df937","sessionTicket":null,"queryParams":{},"requestBody":{},"statusCode":200}
{"tsServer":1775705757771,"method":"GET","path":"/api/musical/reviews/1/meta","userId":"49e7bc75-7bcb-44d9-ab8e-8d71a67df937","sessionTicket":null,"queryParams":{},"requestBody":{},"statusCode":200}
{"tsServer":1775705757779,"method":"GET","path":"/api/auth/me","userId":"49e7bc75-7bcb-44d9-ab8e-8d71a67df937","sessionTicket":null,"queryParams":{},"requestBody":{},"statusCode":200}
{"tsServer":1775705757780,"method":"GET","path":"/api/musical/shows/1/casting-schedules","userId":"49e7bc75-7bcb-44d9-ab8e-8d71a67df937","sessionTicket":null,"queryParams":{},"requestBody":{},"statusCode":200}
{"tsServer":1775705761841,"method":"POST","path":"/api/queue/1/enter","userId":"49e7bc75-7bcb-44d9-ab8e-8d71a67df937","sessionTicket":null,"queryParams":{},"requestBody":{},"statusCode":200}
{"tsServer":1775705761891,"method":"GET","path":"/api/queue/1/status","userId":"49e7bc75-7bcb-44d9-ab8e-8d71a67df937","sessionTicket":null,"queryParams":{},"requestBody":{},"statusCode":200}
{"tsServer":1775705763425,"method":"GET","path":"/api/queue/1/status","userId":"49e7bc75-7bcb-44d9-ab8e-8d71a67df937","sessionTicket":null,"queryParams":{},"requestBody":{},"statusCode":200}
{"tsServer":1775705764027,"method":"POST","path":"/api/ticketing/1/enter","userId":"49e7bc75-7bcb-44d9-ab8e-8d71a67df937","sessionTicket":null,"queryParams":{},"requestBody":{},"statusCode":200}
{"tsServer":1775705764081,"method":"GET","path":"/api/ticketing/1","userId":"49e7bc75-7bcb-44d9-ab8e-8d71a67df937","sessionTicket":"6ac77e04-ef49-429c-a6d4-46ea2874f0ad","queryParams":{},"requestBody":{},"statusCode":200}
{"tsServer":1775705764321,"method":"POST","path":"/api/ticketing/1/hold/seat","userId":"49e7bc75-7bcb-44d9-ab8e-8d71a67df937","sessionTicket":"6ac77e04-ef49-429c-a6d4-46ea2874f0ad","queryParams":{},"requestBody":{"scheduledSeatIds":[3156]},"statusCode":200}
{"tsServer":1775705768396,"method":"POST","path":"/api/bookings","userId":"49e7bc75-7bcb-44d9-ab8e-8d71a67df937","sessionTicket":null,"queryParams":{},"requestBody":{"seatIds":[3156]},"statusCode":200}
{"tsServer":1775705769718,"method":"POST","path":"/api/bookings/R20260409F417FC/payment-ready","userId":"49e7bc75-7bcb-44d9-ab8e-8d71a67df937","sessionTicket":null,"queryParams":{},"requestBody":{"name":"테스트봇","birthDate":"20000101","email":"eogus4717@gmail.com","phone":"01062971082"},"statusCode":200}
{"tsServer":1775705776074,"method":"POST","path":"/api/auth/reissue","userId":"49e7bc75-7bcb-44d9-ab8e-8d71a67df937","sessionTicket":null,"queryParams":{},"requestBody":{},"statusCode":200}
{"tsServer":1775705776084,"method":"POST","path":"/api/payments/confirm","userId":"49e7bc75-7bcb-44d9-ab8e-8d71a67df937","sessionTicket":null,"queryParams":{},"requestBody":{"paymentKey":"tviva20260409123610rElB9","orderId":"R20260409F417FC","amount":172000},"statusCode":400}
{"tsServer":1775705776142,"method":"GET","path":"/api/auth/me","userId":"49e7bc75-7bcb-44d9-ab8e-8d71a67df937","sessionTicket":null,"queryParams":{},"requestBody":{},"statusCode":200}
{"tsServer":1775705776142,"method":"POST","path":"/api/auth/login","userId":null,"sessionTicket":null,"queryParams":{},"requestBody":{"email":"youserstack@gmail.com","password":"youserstack123!"},"statusCode":200}
{"tsServer":1775705784195,"method":"POST","path":"/api/auth/login","userId":null,"sessionTicket":null,"queryParams":{},"requestBody":{"email":"eogus4717@gmail.com","password":"alclsalcls1!"},"statusCode":200}
{"tsServer":1775705784347,"method":"GET","path":"/api/auth/me","userId":"49e7bc75-7bcb-44d9-ab8e-8d71a67df937","sessionTicket":null,"queryParams":{},"requestBody":{},"statusCode":200}
{"tsServer":1775705784459,"method":"GET","path":"/api/musical/home/shows","userId":"49e7bc75-7bcb-44d9-ab8e-8d71a67df937","sessionTicket":null,"queryParams":{"order":"DAILY_BOOKING","region":"ALL","page":"1","size":"12"},"requestBody":{},"statusCode":200}
{"tsServer":1775705784467,"method":"GET","path":"/api/musical/home/promotions","userId":"49e7bc75-7bcb-44d9-ab8e-8d71a67df937","sessionTicket":null,"queryParams":{},"requestBody":{},"statusCode":200}
{"tsServer":1775705784477,"method":"GET","path":"/api/musical/home/banners","userId":"49e7bc75-7bcb-44d9-ab8e-8d71a67df937","sessionTicket":null,"queryParams":{},"requestBody":{},"statusCode":200}
{"tsServer":1775705785101,"method":"POST","path":"/api/auth/reissue","userId":"49e7bc75-7bcb-44d9-ab8e-8d71a67df937","sessionTicket":null,"queryParams":{},"requestBody":{},"statusCode":200}
{"tsServer":1775705785144,"method":"GET","path":"/api/musical/reviews/1/meta","userId":"49e7bc75-7bcb-44d9-ab8e-8d71a67df937","sessionTicket":null,"queryParams":{},"requestBody":{},"statusCode":200}
{"tsServer":1775705785166,"method":"GET","path":"/api/auth/me","userId":"49e7bc75-7bcb-44d9-ab8e-8d71a67df937","sessionTicket":null,"queryParams":{},"requestBody":{},"statusCode":200}
{"tsServer":1775705785140,"method":"GET","path":"/api/musical/shows/1/casting-schedules","userId":"49e7bc75-7bcb-44d9-ab8e-8d71a67df937","sessionTicket":null,"queryParams":{},"requestBody":{},"statusCode":200}
{"tsServer":1775705789389,"method":"POST","path":"/api/queue/1/enter","userId":"49e7bc75-7bcb-44d9-ab8e-8d71a67df937","sessionTicket":null,"queryParams":{},"requestBody":{},"statusCode":200}
{"tsServer":1775705789427,"method":"GET","path":"/api/queue/1/status","userId":"49e7bc75-7bcb-44d9-ab8e-8d71a67df937","sessionTicket":null,"queryParams":{},"requestBody":{},"statusCode":200}
{"tsServer":1775705790958,"method":"GET","path":"/api/queue/1/status","userId":"49e7bc75-7bcb-44d9-ab8e-8d71a67df937","sessionTicket":null,"queryParams":{},"requestBody":{},"statusCode":200}
{"tsServer":1775705791676,"method":"POST","path":"/api/ticketing/1/enter","userId":"49e7bc75-7bcb-44d9-ab8e-8d71a67df937","sessionTicket":null,"queryParams":{},"requestBody":{},"statusCode":200}
{"tsServer":1775705791728,"method":"GET","path":"/api/ticketing/1","userId":"49e7bc75-7bcb-44d9-ab8e-8d71a67df937","sessionTicket":"c33a5d37-3278-43f9-8360-5e346023a4c2","queryParams":{},"requestBody":{},"statusCode":200}
{"tsServer":1775705792481,"method":"POST","path":"/api/ticketing/1/hold/seat","userId":"49e7bc75-7bcb-44d9-ab8e-8d71a67df937","sessionTicket":"c33a5d37-3278-43f9-8360-5e346023a4c2","queryParams":{},"requestBody":{"scheduledSeatIds":[3243]},"statusCode":200}
{"tsServer":1775705796469,"method":"POST","path":"/api/bookings","userId":"49e7bc75-7bcb-44d9-ab8e-8d71a67df937","sessionTicket":null,"queryParams":{},"requestBody":{"seatIds":[3243]},"statusCode":200}
{"tsServer":1775705797565,"method":"POST","path":"/api/bookings/R20260409448AA4/payment-ready","userId":"49e7bc75-7bcb-44d9-ab8e-8d71a67df937","sessionTicket":null,"queryParams":{},"requestBody":{"name":"테스트봇","birthDate":"20000101","email":"eogus4717@gmail.com","phone":"01062971082"},"statusCode":200}
{"tsServer":1775705803826,"method":"POST","path":"/api/auth/reissue","userId":"49e7bc75-7bcb-44d9-ab8e-8d71a67df937","sessionTicket":null,"queryParams":{},"requestBody":{},"statusCode":200}
{"tsServer":1775705803823,"method":"POST","path":"/api/payments/confirm","userId":"49e7bc75-7bcb-44d9-ab8e-8d71a67df937","sessionTicket":null,"queryParams":{},"requestBody":{"paymentKey":"tviva20260409123638xvPM4","orderId":"R20260409448AA4","amount":142000},"statusCode":400}
{"tsServer":1775705803896,"method":"GET","path":"/api/auth/me","userId":"49e7bc75-7bcb-44d9-ab8e-8d71a67df937","sessionTicket":null,"queryParams":{},"requestBody":{},"statusCode":200}
{"tsServer":1775705811529,"method":"POST","path":"/api/auth/login","userId":null,"sessionTicket":null,"queryParams":{},"requestBody":{"email":"eogus4717@gmail.com","password":"alclsalcls1!"},"statusCode":200}
{"tsServer":1775705811699,"method":"GET","path":"/api/auth/me","userId":"49e7bc75-7bcb-44d9-ab8e-8d71a67df937","sessionTicket":null,"queryParams":{},"requestBody":{},"statusCode":200}
{"tsServer":1775705811786,"method":"GET","path":"/api/musical/home/banners","userId":"49e7bc75-7bcb-44d9-ab8e-8d71a67df937","sessionTicket":null,"queryParams":{},"requestBody":{},"statusCode":200}
{"tsServer":1775705811788,"method":"GET","path":"/api/musical/home/shows","userId":"49e7bc75-7bcb-44d9-ab8e-8d71a67df937","sessionTicket":null,"queryParams":{"order":"DAILY_BOOKING","region":"ALL","page":"1","size":"12"},"requestBody":{},"statusCode":200}
{"tsServer":1775705811805,"method":"GET","path":"/api/musical/home/promotions","userId":"49e7bc75-7bcb-44d9-ab8e-8d71a67df937","sessionTicket":null,"queryParams":{},"requestBody":{},"statusCode":200}
{"tsServer":1775705812219,"method":"POST","path":"/api/auth/reissue","userId":"49e7bc75-7bcb-44d9-ab8e-8d71a67df937","sessionTicket":null,"queryParams":{},"requestBody":{},"statusCode":200}
{"tsServer":1775705812254,"method":"GET","path":"/api/musical/reviews/1/meta","userId":"49e7bc75-7bcb-44d9-ab8e-8d71a67df937","sessionTicket":null,"queryParams":{},"requestBody":{},"statusCode":200}
{"tsServer":1775705812284,"method":"GET","path":"/api/auth/me","userId":"49e7bc75-7bcb-44d9-ab8e-8d71a67df937","sessionTicket":null,"queryParams":{},"requestBody":{},"statusCode":200}
{"tsServer":1775705812258,"method":"GET","path":"/api/musical/shows/1/casting-schedules","userId":"49e7bc75-7bcb-44d9-ab8e-8d71a67df937","sessionTicket":null,"queryParams":{},"requestBody":{},"statusCode":200}
{"tsServer":1775705815870,"method":"POST","path":"/api/queue/1/enter","userId":"49e7bc75-7bcb-44d9-ab8e-8d71a67df937","sessionTicket":null,"queryParams":{},"requestBody":{},"statusCode":200}
{"tsServer":1775705815905,"method":"GET","path":"/api/queue/1/status","userId":"49e7bc75-7bcb-44d9-ab8e-8d71a67df937","sessionTicket":null,"queryParams":{},"requestBody":{},"statusCode":200}
{"tsServer":1775705817440,"method":"GET","path":"/api/queue/1/status","userId":"49e7bc75-7bcb-44d9-ab8e-8d71a67df937","sessionTicket":null,"queryParams":{},"requestBody":{},"statusCode":200}
{"tsServer":1775705818176,"method":"POST","path":"/api/ticketing/1/enter","userId":"49e7bc75-7bcb-44d9-ab8e-8d71a67df937","sessionTicket":null,"queryParams":{},"requestBody":{},"statusCode":200}
{"tsServer":1775705818220,"method":"GET","path":"/api/ticketing/1","userId":"49e7bc75-7bcb-44d9-ab8e-8d71a67df937","sessionTicket":"4529e746-fd6c-45ae-be68-1f7be20d9f8a","queryParams":{},"requestBody":{},"statusCode":200}
{"tsServer":1775705818452,"method":"POST","path":"/api/ticketing/1/hold/seat","userId":"49e7bc75-7bcb-44d9-ab8e-8d71a67df937","sessionTicket":"4529e746-fd6c-45ae-be68-1f7be20d9f8a","queryParams":{},"requestBody":{"scheduledSeatIds":[3356]},"statusCode":200}
{"tsServer":1775705822289,"method":"POST","path":"/api/bookings","userId":"49e7bc75-7bcb-44d9-ab8e-8d71a67df937","sessionTicket":null,"queryParams":{},"requestBody":{"seatIds":[3356]},"statusCode":200}
{"tsServer":1775705823403,"method":"POST","path":"/api/bookings/R202604091B6795/payment-ready","userId":"49e7bc75-7bcb-44d9-ab8e-8d71a67df937","sessionTicket":null,"queryParams":{},"requestBody":{"name":"테스트봇","birthDate":"20000101","email":"eogus4717@gmail.com","phone":"01062971082"},"statusCode":200}
{"tsServer":1775705829788,"method":"POST","path":"/api/auth/reissue","userId":"49e7bc75-7bcb-44d9-ab8e-8d71a67df937","sessionTicket":null,"queryParams":{},"requestBody":{},"statusCode":200}
