{"tsServer":1775711225921,"method":"POST","path":"/api/auth/reissue","userId":"64683eca-4333-477f-ba2d-c63566162d5a","sessionTicket":null,"queryParams":{},"requestBody":{},"statusCode":200}
{"tsServer":1775711225919,"method":"POST","path":"/api/payments/confirm","userId":"64683eca-4333-477f-ba2d-c63566162d5a","sessionTicket":null,"queryParams":{},"requestBody":{"paymentKey":"tviva20260409140649AzRf1","orderId":"R202604095A5DB9","amount":142000},"statusCode":400}
{"tsServer":1775711225952,"method":"GET","path":"/api/auth/me","userId":"64683eca-4333-477f-ba2d-c63566162d5a","sessionTicket":null,"queryParams":{},"requestBody":{},"statusCode":200}
{"tsServer":1775711238072,"method":"POST","path":"/api/auth/login","userId":null,"sessionTicket":null,"queryParams":{},"requestBody":{"email":"test@test.com","password":"test"},"statusCode":200}
{"tsServer":1775711238212,"method":"GET","path":"/api/auth/me","userId":"64683eca-4333-477f-ba2d-c63566162d5a","sessionTicket":null,"queryParams":{},"requestBody":{},"statusCode":200}
{"tsServer":1775711238278,"method":"GET","path":"/api/musical/home/shows","userId":"64683eca-4333-477f-ba2d-c63566162d5a","sessionTicket":null,"queryParams":{"order":"DAILY_BOOKING","region":"ALL","page":"1","size":"12"},"requestBody":{},"statusCode":200}
{"tsServer":1775711238280,"method":"GET","path":"/api/musical/home/promotions","userId":"64683eca-4333-477f-ba2d-c63566162d5a","sessionTicket":null,"queryParams":{},"requestBody":{},"statusCode":200}
{"tsServer":1775711238281,"method":"GET","path":"/api/musical/home/banners","userId":"64683eca-4333-477f-ba2d-c63566162d5a","sessionTicket":null,"queryParams":{},"requestBody":{},"statusCode":200}
{"tsServer":1775711238808,"method":"POST","path":"/api/auth/reissue","userId":"64683eca-4333-477f-ba2d-c63566162d5a","sessionTicket":null,"queryParams":{},"requestBody":{},"statusCode":200}
{"tsServer":1775711238850,"method":"GET","path":"/api/musical/reviews/1/meta","userId":"64683eca-4333-477f-ba2d-c63566162d5a","sessionTicket":null,"queryParams":{},"requestBody":{},"statusCode":200}
{"tsServer":1775711238860,"method":"GET","path":"/api/auth/me","userId":"64683eca-4333-477f-ba2d-c63566162d5a","sessionTicket":null,"queryParams":{},"requestBody":{},"statusCode":200}
{"tsServer":1775711238855,"method":"GET","path":"/api/musical/shows/1/casting-schedules","userId":"64683eca-4333-477f-ba2d-c63566162d5a","sessionTicket":null,"queryParams":{"from":"2026-04-09","to":"2026-04-09","page":"0","size":"100"},"requestBody":{},"statusCode":200}
{"tsServer":1775711247760,"method":"POST","path":"/api/queue/1/enter","userId":"64683eca-4333-477f-ba2d-c63566162d5a","sessionTicket":null,"queryParams":{},"requestBody":{},"statusCode":200}
{"tsServer":1775711247787,"method":"GET","path":"/api/queue/1/status","userId":"64683eca-4333-477f-ba2d-c63566162d5a","sessionTicket":null,"queryParams":{},"requestBody":{},"statusCode":200}
{"tsServer":1775711249309,"method":"GET","path":"/api/queue/1/status","userId":"64683eca-4333-477f-ba2d-c63566162d5a","sessionTicket":null,"queryParams":{},"requestBody":{},"statusCode":200}
{"tsServer":1775711249856,"method":"POST","path":"/api/ticketing/1/enter","userId":"64683eca-4333-477f-ba2d-c63566162d5a","sessionTicket":null,"queryParams":{},"requestBody":{},"statusCode":200}
{"tsServer":1775711249879,"method":"GET","path":"/api/ticketing/1","userId":"64683eca-4333-477f-ba2d-c63566162d5a","sessionTicket":"f1309ec1-e8de-420b-899a-6b2da38026bd","queryParams":{},"requestBody":{},"statusCode":200}
{"tsServer":1775711256643,"method":"POST","path":"/api/ticketing/1/hold/seat","userId":"64683eca-4333-477f-ba2d-c63566162d5a","sessionTicket":"f1309ec1-e8de-420b-899a-6b2da38026bd","queryParams":{},"requestBody":{"scheduledSeatIds":[3110]},"statusCode":200}
{"tsServer":1775711272993,"method":"POST","path":"/api/bookings","userId":"64683eca-4333-477f-ba2d-c63566162d5a","sessionTicket":null,"queryParams":{},"requestBody":{"seatIds":[3110]},"statusCode":200}
{"tsServer":1775711273528,"method":"POST","path":"/api/bookings/R202604090E61FE/payment-ready","userId":"64683eca-4333-477f-ba2d-c63566162d5a","sessionTicket":null,"queryParams":{},"requestBody":{"name":"테스트봇","birthDate":"20000101","email":"test@test.com","phone":"01062971082"},"statusCode":200}
{"tsServer":1775711291605,"method":"POST","path":"/api/auth/reissue","userId":"64683eca-4333-477f-ba2d-c63566162d5a","sessionTicket":null,"queryParams":{},"requestBody":{},"statusCode":200}
{"tsServer":1775711291632,"method":"GET","path":"/api/auth/me","userId":"64683eca-4333-477f-ba2d-c63566162d5a","sessionTicket":null,"queryParams":{},"requestBody":{},"statusCode":200}
{"tsServer":1775711291625,"method":"POST","path":"/api/payments/confirm","userId":"64683eca-4333-477f-ba2d-c63566162d5a","sessionTicket":null,"queryParams":{},"requestBody":{"paymentKey":"tviva20260409140754sKnd3","orderId":"R202604090E61FE","amount":172000},"statusCode":400}
{"tsServer":1775711303197,"method":"POST","path":"/api/auth/login","userId":null,"sessionTicket":null,"queryParams":{},"requestBody":{"email":"test@test.com","password":"test"},"statusCode":200}
{"tsServer":1775711303333,"method":"GET","path":"/api/auth/me","userId":"64683eca-4333-477f-ba2d-c63566162d5a","sessionTicket":null,"queryParams":{},"requestBody":{},"statusCode":200}
{"tsServer":1775711303411,"method":"GET","path":"/api/musical/home/promotions","userId":"64683eca-4333-477f-ba2d-c63566162d5a","sessionTicket":null,"queryParams":{},"requestBody":{},"statusCode":200}
{"tsServer":1775711303413,"method":"GET","path":"/api/musical/home/banners","userId":"64683eca-4333-477f-ba2d-c63566162d5a","sessionTicket":null,"queryParams":{},"requestBody":{},"statusCode":200}
{"tsServer":1775711303411,"method":"GET","path":"/api/musical/home/shows","userId":"64683eca-4333-477f-ba2d-c63566162d5a","sessionTicket":null,"queryParams":{"order":"DAILY_BOOKING","region":"ALL","page":"1","size":"12"},"requestBody":{},"statusCode":200}
{"tsServer":1775711304042,"method":"POST","path":"/api/auth/reissue","userId":"64683eca-4333-477f-ba2d-c63566162d5a","sessionTicket":null,"queryParams":{},"requestBody":{},"statusCode":200}
{"tsServer":1775711304069,"method":"GET","path":"/api/musical/reviews/1/meta","userId":"64683eca-4333-477f-ba2d-c63566162d5a","sessionTicket":null,"queryParams":{},"requestBody":{},"statusCode":200}
{"tsServer":1775711304076,"method":"GET","path":"/api/auth/me","userId":"64683eca-4333-477f-ba2d-c63566162d5a","sessionTicket":null,"queryParams":{},"requestBody":{},"statusCode":200}
{"tsServer":1775711304071,"method":"GET","path":"/api/musical/shows/1/casting-schedules","userId":"64683eca-4333-477f-ba2d-c63566162d5a","sessionTicket":null,"queryParams":{"from":"2026-04-09","to":"2026-04-09","page":"0","size":"100"},"requestBody":{},"statusCode":200}
{"tsServer":1775711312158,"method":"POST","path":"/api/queue/1/enter","userId":"64683eca-4333-477f-ba2d-c63566162d5a","sessionTicket":null,"queryParams":{},"requestBody":{},"statusCode":200}
{"tsServer":1775711312208,"method":"GET","path":"/api/queue/1/status","userId":"64683eca-4333-477f-ba2d-c63566162d5a","sessionTicket":null,"queryParams":{},"requestBody":{},"statusCode":200}
{"tsServer":1775711313728,"method":"GET","path":"/api/queue/1/status","userId":"64683eca-4333-477f-ba2d-c63566162d5a","sessionTicket":null,"queryParams":{},"requestBody":{},"statusCode":200}
{"tsServer":1775711314307,"method":"POST","path":"/api/ticketing/1/enter","userId":"64683eca-4333-477f-ba2d-c63566162d5a","sessionTicket":null,"queryParams":{},"requestBody":{},"statusCode":200}
{"tsServer":1775711314334,"method":"GET","path":"/api/ticketing/1","userId":"64683eca-4333-477f-ba2d-c63566162d5a","sessionTicket":"e5a7fdca-cf20-4f13-8609-76a35966053f","queryParams":{},"requestBody":{},"statusCode":200}
{"tsServer":1775711326035,"method":"POST","path":"/api/ticketing/1/hold/seat","userId":"64683eca-4333-477f-ba2d-c63566162d5a","sessionTicket":"e5a7fdca-cf20-4f13-8609-76a35966053f","queryParams":{},"requestBody":{"scheduledSeatIds":[3420]},"statusCode":200}
{"tsServer":1775711350747,"method":"POST","path":"/api/bookings","userId":"64683eca-4333-477f-ba2d-c63566162d5a","sessionTicket":null,"queryParams":{},"requestBody":{"seatIds":[3420]},"statusCode":200}
{"tsServer":1775711351260,"method":"POST","path":"/api/bookings/R20260409B75071/payment-ready","userId":"64683eca-4333-477f-ba2d-c63566162d5a","sessionTicket":null,"queryParams":{},"requestBody":{"name":"테스트봇","birthDate":"20000101","email":"test@test.com","phone":"01062971082"},"statusCode":200}
{"tsServer":1775711379986,"method":"POST","path":"/api/auth/reissue","userId":"64683eca-4333-477f-ba2d-c63566162d5a","sessionTicket":null,"queryParams":{},"requestBody":{},"statusCode":200}
{"tsServer":1775711379985,"method":"POST","path":"/api/payments/confirm","userId":"64683eca-4333-477f-ba2d-c63566162d5a","sessionTicket":null,"queryParams":{},"requestBody":{"paymentKey":"tviva20260409140911rKKy0","orderId":"R20260409B75071","amount":142000},"statusCode":400}
{"tsServer":1775711380020,"method":"GET","path":"/api/auth/me","userId":"64683eca-4333-477f-ba2d-c63566162d5a","sessionTicket":null,"queryParams":{},"requestBody":{},"statusCode":200}
{"tsServer":1775711391404,"method":"POST","path":"/api/auth/login","userId":null,"sessionTicket":null,"queryParams":{},"requestBody":{"email":"test@test.com","password":"test"},"statusCode":200}
{"tsServer":1775711391537,"method":"GET","path":"/api/auth/me","userId":"64683eca-4333-477f-ba2d-c63566162d5a","sessionTicket":null,"queryParams":{},"requestBody":{},"statusCode":200}
{"tsServer":1775711391629,"method":"GET","path":"/api/musical/home/promotions","userId":"64683eca-4333-477f-ba2d-c63566162d5a","sessionTicket":null,"queryParams":{},"requestBody":{},"statusCode":200}
{"tsServer":1775711391630,"method":"GET","path":"/api/musical/home/banners","userId":"64683eca-4333-477f-ba2d-c63566162d5a","sessionTicket":null,"queryParams":{},"requestBody":{},"statusCode":200}
{"tsServer":1775711391632,"method":"GET","path":"/api/musical/home/shows","userId":"64683eca-4333-477f-ba2d-c63566162d5a","sessionTicket":null,"queryParams":{"order":"DAILY_BOOKING","region":"ALL","page":"1","size":"12"},"requestBody":{},"statusCode":200}
{"tsServer":1775711391984,"method":"POST","path":"/api/auth/reissue","userId":"64683eca-4333-477f-ba2d-c63566162d5a","sessionTicket":null,"queryParams":{},"requestBody":{},"statusCode":200}
{"tsServer":1775711392032,"method":"GET","path":"/api/musical/reviews/1/meta","userId":"64683eca-4333-477f-ba2d-c63566162d5a","sessionTicket":null,"queryParams":{},"requestBody":{},"statusCode":200}
{"tsServer":1775711392039,"method":"GET","path":"/api/auth/me","userId":"64683eca-4333-477f-ba2d-c63566162d5a","sessionTicket":null,"queryParams":{},"requestBody":{},"statusCode":200}
{"tsServer":1775711392033,"method":"GET","path":"/api/musical/shows/1/casting-schedules","userId":"64683eca-4333-477f-ba2d-c63566162d5a","sessionTicket":null,"queryParams":{"from":"2026-04-09","to":"2026-04-09","page":"0","size":"100"},"requestBody":{},"statusCode":200}
{"tsServer":1775711400431,"method":"POST","path":"/api/queue/1/enter","userId":"64683eca-4333-477f-ba2d-c63566162d5a","sessionTicket":null,"queryParams":{},"requestBody":{},"statusCode":200}
{"tsServer":1775711400461,"method":"GET","path":"/api/queue/1/status","userId":"64683eca-4333-477f-ba2d-c63566162d5a","sessionTicket":null,"queryParams":{},"requestBody":{},"statusCode":200}
{"tsServer":1775711401989,"method":"GET","path":"/api/queue/1/status","userId":"64683eca-4333-477f-ba2d-c63566162d5a","sessionTicket":null,"queryParams":{},"requestBody":{},"statusCode":200}
{"tsServer":1775711402550,"method":"POST","path":"/api/ticketing/1/enter","userId":"64683eca-4333-477f-ba2d-c63566162d5a","sessionTicket":null,"queryParams":{},"requestBody":{},"statusCode":200}
{"tsServer":1775711402580,"method":"GET","path":"/api/ticketing/1","userId":"64683eca-4333-477f-ba2d-c63566162d5a","sessionTicket":"5d86bf4b-70ed-4d4d-84c0-fc84f86df36c","queryParams":{},"requestBody":{},"statusCode":200}
{"tsServer":1775711416520,"method":"POST","path":"/api/ticketing/1/hold/seat","userId":"64683eca-4333-477f-ba2d-c63566162d5a","sessionTicket":"5d86bf4b-70ed-4d4d-84c0-fc84f86df36c","queryParams":{},"requestBody":{"scheduledSeatIds":[3229]},"statusCode":200}
{"tsServer":1775711440273,"method":"POST","path":"/api/bookings","userId":"64683eca-4333-477f-ba2d-c63566162d5a","sessionTicket":null,"queryParams":{},"requestBody":{"seatIds":[3229]},"statusCode":200}
{"tsServer":1775711441001,"method":"POST","path":"/api/bookings/R202604093FA4B9/payment-ready","userId":"64683eca-4333-477f-ba2d-c63566162d5a","sessionTicket":null,"queryParams":{},"requestBody":{"name":"테스트봇","birthDate":"20000101","email":"test@test.com","phone":"01062971082"},"statusCode":200}
{"tsServer":1775711471662,"method":"POST","path":"/api/payments/confirm","userId":"64683eca-4333-477f-ba2d-c63566162d5a","sessionTicket":null,"queryParams":{},"requestBody":{"paymentKey":"tviva20260409141041wcZH3","orderId":"R202604093FA4B9","amount":142000},"statusCode":400}
{"tsServer":1775711471676,"method":"POST","path":"/api/auth/reissue","userId":"64683eca-4333-477f-ba2d-c63566162d5a","sessionTicket":null,"queryParams":{},"requestBody":{},"statusCode":200}
{"tsServer":1775711471730,"method":"GET","path":"/api/auth/me","userId":"64683eca-4333-477f-ba2d-c63566162d5a","sessionTicket":null,"queryParams":{},"requestBody":{},"statusCode":200}
{"tsServer":1775711484306,"method":"POST","path":"/api/auth/login","userId":null,"sessionTicket":null,"queryParams":{},"requestBody":{"email":"test@test.com","password":"test"},"statusCode":200}
{"tsServer":1775711484722,"method":"GET","path":"/api/auth/me","userId":"64683eca-4333-477f-ba2d-c63566162d5a","sessionTicket":null,"queryParams":{},"requestBody":{},"statusCode":200}
{"tsServer":1775711484822,"method":"GET","path":"/api/musical/home/promotions","userId":"64683eca-4333-477f-ba2d-c63566162d5a","sessionTicket":null,"queryParams":{},"requestBody":{},"statusCode":200}
{"tsServer":1775711484826,"method":"GET","path":"/api/musical/home/banners","userId":"64683eca-4333-477f-ba2d-c63566162d5a","sessionTicket":null,"queryParams":{},"requestBody":{},"statusCode":200}
{"tsServer":1775711484843,"method":"GET","path":"/api/musical/home/shows","userId":"64683eca-4333-477f-ba2d-c63566162d5a","sessionTicket":null,"queryParams":{"order":"DAILY_BOOKING","region":"ALL","page":"1","size":"12"},"requestBody":{},"statusCode":200}
{"tsServer":1775711485087,"method":"POST","path":"/api/auth/reissue","userId":"64683eca-4333-477f-ba2d-c63566162d5a","sessionTicket":null,"queryParams":{},"requestBody":{},"statusCode":200}
{"tsServer":1775711485136,"method":"GET","path":"/api/musical/reviews/1/meta","userId":"64683eca-4333-477f-ba2d-c63566162d5a","sessionTicket":null,"queryParams":{},"requestBody":{},"statusCode":200}
{"tsServer":1775711485160,"method":"GET","path":"/api/auth/me","userId":"64683eca-4333-477f-ba2d-c63566162d5a","sessionTicket":null,"queryParams":{},"requestBody":{},"statusCode":200}
{"tsServer":1775711485135,"method":"GET","path":"/api/musical/shows/1/casting-schedules","userId":"64683eca-4333-477f-ba2d-c63566162d5a","sessionTicket":null,"queryParams":{"from":"2026-04-09","to":"2026-04-09","page":"0","size":"100"},"requestBody":{},"statusCode":200}
{"tsServer":1775711493893,"method":"POST","path":"/api/queue/1/enter","userId":"64683eca-4333-477f-ba2d-c63566162d5a","sessionTicket":null,"queryParams":{},"requestBody":{},"statusCode":200}
{"tsServer":1775711493924,"method":"GET","path":"/api/queue/1/status","userId":"64683eca-4333-477f-ba2d-c63566162d5a","sessionTicket":null,"queryParams":{},"requestBody":{},"statusCode":200}
{"tsServer":1775711495451,"method":"GET","path":"/api/queue/1/status","userId":"64683eca-4333-477f-ba2d-c63566162d5a","sessionTicket":null,"queryParams":{},"requestBody":{},"statusCode":200}
{"tsServer":1775711495995,"method":"POST","path":"/api/ticketing/1/enter","userId":"64683eca-4333-477f-ba2d-c63566162d5a","sessionTicket":null,"queryParams":{},"requestBody":{},"statusCode":200}
{"tsServer":1775711496019,"method":"GET","path":"/api/ticketing/1","userId":"64683eca-4333-477f-ba2d-c63566162d5a","sessionTicket":"a3abb7c3-b56f-4bae-9fe8-d60bd04aa71c","queryParams":{},"requestBody":{},"statusCode":200}
{"tsServer":1775711510212,"method":"POST","path":"/api/ticketing/1/hold/seat","userId":"64683eca-4333-477f-ba2d-c63566162d5a","sessionTicket":"a3abb7c3-b56f-4bae-9fe8-d60bd04aa71c","queryParams":{},"requestBody":{"scheduledSeatIds":[3374]},"statusCode":200}
{"tsServer":1775711526868,"method":"POST","path":"/api/bookings","userId":"64683eca-4333-477f-ba2d-c63566162d5a","sessionTicket":null,"queryParams":{},"requestBody":{"seatIds":[3374]},"statusCode":200}
{"tsServer":1775711527386,"method":"POST","path":"/api/bookings/R20260409FF3E7E/payment-ready","userId":"64683eca-4333-477f-ba2d-c63566162d5a","sessionTicket":null,"queryParams":{},"requestBody":{"name":"테스트봇","birthDate":"20000101","email":"test@test.com","phone":"01062971082"},"statusCode":200}
{"tsServer":1775711549362,"method":"POST","path":"/api/payments/confirm","userId":"64683eca-4333-477f-ba2d-c63566162d5a","sessionTicket":null,"queryParams":{},"requestBody":{"paymentKey":"tviva20260409141207sKHK6","orderId":"R20260409FF3E7E","amount":142000},"statusCode":400}
{"tsServer":1775711549378,"method":"POST","path":"/api/auth/reissue","userId":"64683eca-4333-477f-ba2d-c63566162d5a","sessionTicket":null,"queryParams":{},"requestBody":{},"statusCode":200}
{"tsServer":1775711549409,"method":"GET","path":"/api/auth/me","userId":"64683eca-4333-477f-ba2d-c63566162d5a","sessionTicket":null,"queryParams":{},"requestBody":{},"statusCode":200}
{"tsServer":1775711560820,"method":"POST","path":"/api/auth/login","userId":null,"sessionTicket":null,"queryParams":{},"requestBody":{"email":"test@test.com","password":"test"},"statusCode":200}
{"tsServer":1775711560982,"method":"GET","path":"/api/auth/me","userId":"64683eca-4333-477f-ba2d-c63566162d5a","sessionTicket":null,"queryParams":{},"requestBody":{},"statusCode":200}
{"tsServer":1775711561055,"method":"GET","path":"/api/musical/home/banners","userId":"64683eca-4333-477f-ba2d-c63566162d5a","sessionTicket":null,"queryParams":{},"requestBody":{},"statusCode":200}
{"tsServer":1775711561052,"method":"GET","path":"/api/musical/home/shows","userId":"64683eca-4333-477f-ba2d-c63566162d5a","sessionTicket":null,"queryParams":{"order":"DAILY_BOOKING","region":"ALL","page":"1","size":"12"},"requestBody":{},"statusCode":200}
{"tsServer":1775711561063,"method":"GET","path":"/api/musical/home/promotions","userId":"64683eca-4333-477f-ba2d-c63566162d5a","sessionTicket":null,"queryParams":{},"requestBody":{},"statusCode":200}
{"tsServer":1775711561543,"method":"POST","path":"/api/auth/reissue","userId":"64683eca-4333-477f-ba2d-c63566162d5a","sessionTicket":null,"queryParams":{},"requestBody":{},"statusCode":200}
{"tsServer":1775711561583,"method":"GET","path":"/api/musical/reviews/1/meta","userId":"64683eca-4333-477f-ba2d-c63566162d5a","sessionTicket":null,"queryParams":{},"requestBody":{},"statusCode":200}
{"tsServer":1775711561592,"method":"GET","path":"/api/auth/me","userId":"64683eca-4333-477f-ba2d-c63566162d5a","sessionTicket":null,"queryParams":{},"requestBody":{},"statusCode":200}
{"tsServer":1775711561583,"method":"GET","path":"/api/musical/shows/1/casting-schedules","userId":"64683eca-4333-477f-ba2d-c63566162d5a","sessionTicket":null,"queryParams":{"from":"2026-04-09","to":"2026-04-09","page":"0","size":"100"},"requestBody":{},"statusCode":200}
{"tsServer":1775711570547,"method":"POST","path":"/api/queue/1/enter","userId":"64683eca-4333-477f-ba2d-c63566162d5a","sessionTicket":null,"queryParams":{},"requestBody":{},"statusCode":200}
{"tsServer":1775711570591,"method":"GET","path":"/api/queue/1/status","userId":"64683eca-4333-477f-ba2d-c63566162d5a","sessionTicket":null,"queryParams":{},"requestBody":{},"statusCode":200}
{"tsServer":1775711572115,"method":"GET","path":"/api/queue/1/status","userId":"64683eca-4333-477f-ba2d-c63566162d5a","sessionTicket":null,"queryParams":{},"requestBody":{},"statusCode":200}
{"tsServer":1775711572677,"method":"POST","path":"/api/ticketing/1/enter","userId":"64683eca-4333-477f-ba2d-c63566162d5a","sessionTicket":null,"queryParams":{},"requestBody":{},"statusCode":200}
{"tsServer":1775711572706,"method":"GET","path":"/api/ticketing/1","userId":"64683eca-4333-477f-ba2d-c63566162d5a","sessionTicket":"d0b0087b-5c41-4d8c-9c48-df9a36bef5a5","queryParams":{},"requestBody":{},"statusCode":200}
{"tsServer":1775711581099,"method":"POST","path":"/api/ticketing/1/hold/seat","userId":"64683eca-4333-477f-ba2d-c63566162d5a","sessionTicket":"d0b0087b-5c41-4d8c-9c48-df9a36bef5a5","queryParams":{},"requestBody":{"scheduledSeatIds":[3135]},"statusCode":200}
{"tsServer":1775711610710,"method":"POST","path":"/api/bookings","userId":"64683eca-4333-477f-ba2d-c63566162d5a","sessionTicket":null,"queryParams":{},"requestBody":{"seatIds":[3135]},"statusCode":200}
{"tsServer":1775711611205,"method":"POST","path":"/api/bookings/R2026040962910B/payment-ready","userId":"64683eca-4333-477f-ba2d-c63566162d5a","sessionTicket":null,"queryParams":{},"requestBody":{"name":"테스트봇","birthDate":"20000101","email":"test@test.com","phone":"01062971082"},"statusCode":200}
{"tsServer":1775711628476,"method":"POST","path":"/api/payments/confirm","userId":"64683eca-4333-477f-ba2d-c63566162d5a","sessionTicket":null,"queryParams":{},"requestBody":{"paymentKey":"tviva20260409141331rL5S2","orderId":"R2026040962910B","amount":172000},"statusCode":400}
{"tsServer":1775711628489,"method":"POST","path":"/api/auth/reissue","userId":"64683eca-4333-477f-ba2d-c63566162d5a","sessionTicket":null,"queryParams":{},"requestBody":{},"statusCode":200}
{"tsServer":1775711628516,"method":"GET","path":"/api/auth/me","userId":"64683eca-4333-477f-ba2d-c63566162d5a","sessionTicket":null,"queryParams":{},"requestBody":{},"statusCode":200}
{"tsServer":1775711639069,"method":"POST","path":"/api/auth/login","userId":null,"sessionTicket":null,"queryParams":{},"requestBody":{"email":"test@test.com","password":"test"},"statusCode":200}
{"tsServer":1775711639204,"method":"GET","path":"/api/auth/me","userId":"64683eca-4333-477f-ba2d-c63566162d5a","sessionTicket":null,"queryParams":{},"requestBody":{},"statusCode":200}
{"tsServer":1775711639281,"method":"GET","path":"/api/musical/home/banners","userId":"64683eca-4333-477f-ba2d-c63566162d5a","sessionTicket":null,"queryParams":{},"requestBody":{},"statusCode":200}
{"tsServer":1775711639290,"method":"GET","path":"/api/musical/home/promotions","userId":"64683eca-4333-477f-ba2d-c63566162d5a","sessionTicket":null,"queryParams":{},"requestBody":{},"statusCode":200}
{"tsServer":1775711639283,"method":"GET","path":"/api/musical/home/shows","userId":"64683eca-4333-477f-ba2d-c63566162d5a","sessionTicket":null,"queryParams":{"order":"DAILY_BOOKING","region":"ALL","page":"1","size":"12"},"requestBody":{},"statusCode":200}
{"tsServer":1775711639863,"method":"POST","path":"/api/auth/reissue","userId":"64683eca-4333-477f-ba2d-c63566162d5a","sessionTicket":null,"queryParams":{},"requestBody":{},"statusCode":200}
{"tsServer":1775711639898,"method":"GET","path":"/api/musical/reviews/1/meta","userId":"64683eca-4333-477f-ba2d-c63566162d5a","sessionTicket":null,"queryParams":{},"requestBody":{},"statusCode":200}
{"tsServer":1775711639905,"method":"GET","path":"/api/auth/me","userId":"64683eca-4333-477f-ba2d-c63566162d5a","sessionTicket":null,"queryParams":{},"requestBody":{},"statusCode":200}
{"tsServer":1775711639898,"method":"GET","path":"/api/musical/shows/1/casting-schedules","userId":"64683eca-4333-477f-ba2d-c63566162d5a","sessionTicket":null,"queryParams":{"from":"2026-04-09","to":"2026-04-09","page":"0","size":"100"},"requestBody":{},"statusCode":200}
{"tsServer":1775711647595,"method":"POST","path":"/api/queue/1/enter","userId":"64683eca-4333-477f-ba2d-c63566162d5a","sessionTicket":null,"queryParams":{},"requestBody":{},"statusCode":200}
{"tsServer":1775711647625,"method":"GET","path":"/api/queue/1/status","userId":"64683eca-4333-477f-ba2d-c63566162d5a","sessionTicket":null,"queryParams":{},"requestBody":{},"statusCode":200}
{"tsServer":1775711649151,"method":"GET","path":"/api/queue/1/status","userId":"64683eca-4333-477f-ba2d-c63566162d5a","sessionTicket":null,"queryParams":{},"requestBody":{},"statusCode":200}
{"tsServer":1775711649707,"method":"POST","path":"/api/ticketing/1/enter","userId":"64683eca-4333-477f-ba2d-c63566162d5a","sessionTicket":null,"queryParams":{},"requestBody":{},"statusCode":200}
{"tsServer":1775711649729,"method":"GET","path":"/api/ticketing/1","userId":"64683eca-4333-477f-ba2d-c63566162d5a","sessionTicket":"3b5f0d69-8b64-43f6-a6cd-6c5466b91458","queryParams":{},"requestBody":{},"statusCode":200}
{"tsServer":1775711664958,"method":"POST","path":"/api/ticketing/1/hold/seat","userId":"64683eca-4333-477f-ba2d-c63566162d5a","sessionTicket":"3b5f0d69-8b64-43f6-a6cd-6c5466b91458","queryParams":{},"requestBody":{"scheduledSeatIds":[3267]},"statusCode":200}
{"tsServer":1775711683038,"method":"POST","path":"/api/bookings","userId":"64683eca-4333-477f-ba2d-c63566162d5a","sessionTicket":null,"queryParams":{},"requestBody":{"seatIds":[3267]},"statusCode":200}
{"tsServer":1775711683536,"method":"POST","path":"/api/bookings/R20260409DF500D/payment-ready","userId":"64683eca-4333-477f-ba2d-c63566162d5a","sessionTicket":null,"queryParams":{},"requestBody":{"name":"테스트봇","birthDate":"20000101","email":"test@test.com","phone":"01062971082"},"statusCode":200}
{"tsServer":1775711702753,"method":"POST","path":"/api/payments/confirm","userId":"64683eca-4333-477f-ba2d-c63566162d5a","sessionTicket":null,"queryParams":{},"requestBody":{"paymentKey":"tviva20260409141444xCDi8","orderId":"R20260409DF500D","amount":142000},"statusCode":400}
{"tsServer":1775711702762,"method":"POST","path":"/api/auth/reissue","userId":"64683eca-4333-477f-ba2d-c63566162d5a","sessionTicket":null,"queryParams":{},"requestBody":{},"statusCode":200}
{"tsServer":1775711702796,"method":"GET","path":"/api/auth/me","userId":"64683eca-4333-477f-ba2d-c63566162d5a","sessionTicket":null,"queryParams":{},"requestBody":{},"statusCode":200}
{"tsServer":1775711712772,"method":"POST","path":"/api/auth/login","userId":null,"sessionTicket":null,"queryParams":{},"requestBody":{"email":"test@test.com","password":"test"},"statusCode":200}
{"tsServer":1775711712900,"method":"GET","path":"/api/auth/me","userId":"64683eca-4333-477f-ba2d-c63566162d5a","sessionTicket":null,"queryParams":{},"requestBody":{},"statusCode":200}
{"tsServer":1775711712965,"method":"GET","path":"/api/musical/home/promotions","userId":"64683eca-4333-477f-ba2d-c63566162d5a","sessionTicket":null,"queryParams":{},"requestBody":{},"statusCode":200}
{"tsServer":1775711712966,"method":"GET","path":"/api/musical/home/banners","userId":"64683eca-4333-477f-ba2d-c63566162d5a","sessionTicket":null,"queryParams":{},"requestBody":{},"statusCode":200}
{"tsServer":1775711712972,"method":"GET","path":"/api/musical/home/shows","userId":"64683eca-4333-477f-ba2d-c63566162d5a","sessionTicket":null,"queryParams":{"order":"DAILY_BOOKING","region":"ALL","page":"1","size":"12"},"requestBody":{},"statusCode":200}
{"tsServer":1775711713349,"method":"POST","path":"/api/auth/reissue","userId":"64683eca-4333-477f-ba2d-c63566162d5a","sessionTicket":null,"queryParams":{},"requestBody":{},"statusCode":200}
{"tsServer":1775711713393,"method":"GET","path":"/api/musical/reviews/1/meta","userId":"64683eca-4333-477f-ba2d-c63566162d5a","sessionTicket":null,"queryParams":{},"requestBody":{},"statusCode":200}
{"tsServer":1775711713399,"method":"GET","path":"/api/auth/me","userId":"64683eca-4333-477f-ba2d-c63566162d5a","sessionTicket":null,"queryParams":{},"requestBody":{},"statusCode":200}
{"tsServer":1775711713397,"method":"GET","path":"/api/musical/shows/1/casting-schedules","userId":"64683eca-4333-477f-ba2d-c63566162d5a","sessionTicket":null,"queryParams":{"from":"2026-04-09","to":"2026-04-09","page":"0","size":"100"},"requestBody":{},"statusCode":200}
{"tsServer":1775711721814,"method":"POST","path":"/api/queue/1/enter","userId":"64683eca-4333-477f-ba2d-c63566162d5a","sessionTicket":null,"queryParams":{},"requestBody":{},"statusCode":200}
{"tsServer":1775711721841,"method":"GET","path":"/api/queue/1/status","userId":"64683eca-4333-477f-ba2d-c63566162d5a","sessionTicket":null,"queryParams":{},"requestBody":{},"statusCode":200}
{"tsServer":1775711723367,"method":"GET","path":"/api/queue/1/status","userId":"64683eca-4333-477f-ba2d-c63566162d5a","sessionTicket":null,"queryParams":{},"requestBody":{},"statusCode":200}
{"tsServer":1775711723947,"method":"POST","path":"/api/ticketing/1/enter","userId":"64683eca-4333-477f-ba2d-c63566162d5a","sessionTicket":null,"queryParams":{},"requestBody":{},"statusCode":200}
{"tsServer":1775711724020,"method":"GET","path":"/api/ticketing/1","userId":"64683eca-4333-477f-ba2d-c63566162d5a","sessionTicket":"a3e5860b-e21e-4ca3-b2d3-fd7e5ca7b755","queryParams":{},"requestBody":{},"statusCode":200}
{"tsServer":1775711730018,"method":"POST","path":"/api/ticketing/1/hold/seat","userId":"64683eca-4333-477f-ba2d-c63566162d5a","sessionTicket":"a3e5860b-e21e-4ca3-b2d3-fd7e5ca7b755","queryParams":{},"requestBody":{"scheduledSeatIds":[3117]},"statusCode":200}
{"tsServer":1775711751055,"method":"POST","path":"/api/bookings","userId":"64683eca-4333-477f-ba2d-c63566162d5a","sessionTicket":null,"queryParams":{},"requestBody":{"seatIds":[3117]},"statusCode":200}
{"tsServer":1775711751561,"method":"POST","path":"/api/bookings/R202604091FF046/payment-ready","userId":"64683eca-4333-477f-ba2d-c63566162d5a","sessionTicket":null,"queryParams":{},"requestBody":{"name":"테스트봇","birthDate":"20000101","email":"test@test.com","phone":"01062971082"},"statusCode":200}
{"tsServer":1775711768664,"method":"POST","path":"/api/auth/reissue","userId":"64683eca-4333-477f-ba2d-c63566162d5a","sessionTicket":null,"queryParams":{},"requestBody":{},"statusCode":200}
{"tsServer":1775711768665,"method":"POST","path":"/api/payments/confirm","userId":"64683eca-4333-477f-ba2d-c63566162d5a","sessionTicket":null,"queryParams":{},"requestBody":{"paymentKey":"tviva20260409141552rLgn3","orderId":"R202604091FF046","amount":172000},"statusCode":400}
{"tsServer":1775711768692,"method":"GET","path":"/api/auth/me","userId":"64683eca-4333-477f-ba2d-c63566162d5a","sessionTicket":null,"queryParams":{},"requestBody":{},"statusCode":200}
{"tsServer":1775711780895,"method":"POST","path":"/api/auth/login","userId":null,"sessionTicket":null,"queryParams":{},"requestBody":{"email":"test@test.com","password":"test"},"statusCode":200}
{"tsServer":1775711781027,"method":"GET","path":"/api/auth/me","userId":"64683eca-4333-477f-ba2d-c63566162d5a","sessionTicket":null,"queryParams":{},"requestBody":{},"statusCode":200}
{"tsServer":1775711781104,"method":"GET","path":"/api/musical/home/promotions","userId":"64683eca-4333-477f-ba2d-c63566162d5a","sessionTicket":null,"queryParams":{},"requestBody":{},"statusCode":200}
{"tsServer":1775711781104,"method":"GET","path":"/api/musical/home/shows","userId":"64683eca-4333-477f-ba2d-c63566162d5a","sessionTicket":null,"queryParams":{"order":"DAILY_BOOKING","region":"ALL","page":"1","size":"12"},"requestBody":{},"statusCode":200}
{"tsServer":1775711781108,"method":"GET","path":"/api/musical/home/banners","userId":"64683eca-4333-477f-ba2d-c63566162d5a","sessionTicket":null,"queryParams":{},"requestBody":{},"statusCode":200}
{"tsServer":1775711781959,"method":"POST","path":"/api/auth/reissue","userId":"64683eca-4333-477f-ba2d-c63566162d5a","sessionTicket":null,"queryParams":{},"requestBody":{},"statusCode":200}
{"tsServer":1775711782008,"method":"GET","path":"/api/musical/reviews/1/meta","userId":"64683eca-4333-477f-ba2d-c63566162d5a","sessionTicket":null,"queryParams":{},"requestBody":{},"statusCode":200}
{"tsServer":1775711782017,"method":"GET","path":"/api/auth/me","userId":"64683eca-4333-477f-ba2d-c63566162d5a","sessionTicket":null,"queryParams":{},"requestBody":{},"statusCode":200}
{"tsServer":1775711782011,"method":"GET","path":"/api/musical/shows/1/casting-schedules","userId":"64683eca-4333-477f-ba2d-c63566162d5a","sessionTicket":null,"queryParams":{"from":"2026-04-09","to":"2026-04-09","page":"0","size":"100"},"requestBody":{},"statusCode":200}
{"tsServer":1775711790055,"method":"POST","path":"/api/queue/1/enter","userId":"64683eca-4333-477f-ba2d-c63566162d5a","sessionTicket":null,"queryParams":{},"requestBody":{},"statusCode":200}
{"tsServer":1775711790091,"method":"GET","path":"/api/queue/1/status","userId":"64683eca-4333-477f-ba2d-c63566162d5a","sessionTicket":null,"queryParams":{},"requestBody":{},"statusCode":200}
{"tsServer":1775711791619,"method":"GET","path":"/api/queue/1/status","userId":"64683eca-4333-477f-ba2d-c63566162d5a","sessionTicket":null,"queryParams":{},"requestBody":{},"statusCode":200}
{"tsServer":1775711792187,"method":"POST","path":"/api/ticketing/1/enter","userId":"64683eca-4333-477f-ba2d-c63566162d5a","sessionTicket":null,"queryParams":{},"requestBody":{},"statusCode":200}
{"tsServer":1775711792227,"method":"GET","path":"/api/ticketing/1","userId":"64683eca-4333-477f-ba2d-c63566162d5a","sessionTicket":"a4853c78-d217-4a36-baac-553544279952","queryParams":{},"requestBody":{},"statusCode":200}
{"tsServer":1775711805314,"method":"POST","path":"/api/ticketing/1/hold/seat","userId":"64683eca-4333-477f-ba2d-c63566162d5a","sessionTicket":"a4853c78-d217-4a36-baac-553544279952","queryParams":{},"requestBody":{"scheduledSeatIds":[3412]},"statusCode":200}
{"tsServer":1775711838334,"method":"POST","path":"/api/bookings","userId":"64683eca-4333-477f-ba2d-c63566162d5a","sessionTicket":null,"queryParams":{},"requestBody":{"seatIds":[3412]},"statusCode":200}
{"tsServer":1775711838855,"method":"POST","path":"/api/bookings/R202604099C662D/payment-ready","userId":"64683eca-4333-477f-ba2d-c63566162d5a","sessionTicket":null,"queryParams":{},"requestBody":{"name":"테스트봇","birthDate":"20000101","email":"test@test.com","phone":"01062971082"},"statusCode":200}
{"tsServer":1775711865017,"method":"POST","path":"/api/payments/confirm","userId":"64683eca-4333-477f-ba2d-c63566162d5a","sessionTicket":null,"queryParams":{},"requestBody":{"paymentKey":"tviva20260409141719vt5n9","orderId":"R202604099C662D","amount":142000},"statusCode":400}
{"tsServer":1775711865022,"method":"POST","path":"/api/auth/reissue","userId":"64683eca-4333-477f-ba2d-c63566162d5a","sessionTicket":null,"queryParams":{},"requestBody":{},"statusCode":200}
{"tsServer":1775711865056,"method":"GET","path":"/api/auth/me","userId":"64683eca-4333-477f-ba2d-c63566162d5a","sessionTicket":null,"queryParams":{},"requestBody":{},"statusCode":200}
{"tsServer":1775711876178,"method":"POST","path":"/api/auth/login","userId":null,"sessionTicket":null,"queryParams":{},"requestBody":{"email":"test@test.com","password":"test"},"statusCode":200}
{"tsServer":1775711876310,"method":"GET","path":"/api/auth/me","userId":"64683eca-4333-477f-ba2d-c63566162d5a","sessionTicket":null,"queryParams":{},"requestBody":{},"statusCode":200}
{"tsServer":1775711876403,"method":"GET","path":"/api/musical/home/banners","userId":"64683eca-4333-477f-ba2d-c63566162d5a","sessionTicket":null,"queryParams":{},"requestBody":{},"statusCode":200}
{"tsServer":1775711876406,"method":"GET","path":"/api/musical/home/shows","userId":"64683eca-4333-477f-ba2d-c63566162d5a","sessionTicket":null,"queryParams":{"order":"DAILY_BOOKING","region":"ALL","page":"1","size":"12"},"requestBody":{},"statusCode":200}
{"tsServer":1775711876408,"method":"GET","path":"/api/musical/home/promotions","userId":"64683eca-4333-477f-ba2d-c63566162d5a","sessionTicket":null,"queryParams":{},"requestBody":{},"statusCode":200}
{"tsServer":1775711876861,"method":"POST","path":"/api/auth/reissue","userId":"64683eca-4333-477f-ba2d-c63566162d5a","sessionTicket":null,"queryParams":{},"requestBody":{},"statusCode":200}
{"tsServer":1775711876915,"method":"GET","path":"/api/musical/reviews/1/meta","userId":"64683eca-4333-477f-ba2d-c63566162d5a","sessionTicket":null,"queryParams":{},"requestBody":{},"statusCode":200}
{"tsServer":1775711876909,"method":"GET","path":"/api/auth/me","userId":"64683eca-4333-477f-ba2d-c63566162d5a","sessionTicket":null,"queryParams":{},"requestBody":{},"statusCode":200}
{"tsServer":1775711876901,"method":"GET","path":"/api/musical/shows/1/casting-schedules","userId":"64683eca-4333-477f-ba2d-c63566162d5a","sessionTicket":null,"queryParams":{"from":"2026-04-09","to":"2026-04-09","page":"0","size":"100"},"requestBody":{},"statusCode":200}
{"tsServer":1775711885065,"method":"POST","path":"/api/queue/1/enter","userId":"64683eca-4333-477f-ba2d-c63566162d5a","sessionTicket":null,"queryParams":{},"requestBody":{},"statusCode":200}
{"tsServer":1775711885106,"method":"GET","path":"/api/queue/1/status","userId":"64683eca-4333-477f-ba2d-c63566162d5a","sessionTicket":null,"queryParams":{},"requestBody":{},"statusCode":200}
{"tsServer":1775711886652,"method":"GET","path":"/api/queue/1/status","userId":"64683eca-4333-477f-ba2d-c63566162d5a","sessionTicket":null,"queryParams":{},"requestBody":{},"statusCode":200}
{"tsServer":1775711887237,"method":"POST","path":"/api/ticketing/1/enter","userId":"64683eca-4333-477f-ba2d-c63566162d5a","sessionTicket":null,"queryParams":{},"requestBody":{},"statusCode":200}
{"tsServer":1775711887260,"method":"GET","path":"/api/ticketing/1","userId":"64683eca-4333-477f-ba2d-c63566162d5a","sessionTicket":"9c950028-9aaf-4e60-be4d-1393276f71b4","queryParams":{},"requestBody":{},"statusCode":200}
{"tsServer":1775711906725,"method":"POST","path":"/api/ticketing/1/hold/seat","userId":"64683eca-4333-477f-ba2d-c63566162d5a","sessionTicket":"9c950028-9aaf-4e60-be4d-1393276f71b4","queryParams":{},"requestBody":{"scheduledSeatIds":[3408]},"statusCode":200}
{"tsServer":1775711929299,"method":"POST","path":"/api/bookings","userId":"64683eca-4333-477f-ba2d-c63566162d5a","sessionTicket":null,"queryParams":{},"requestBody":{"seatIds":[3408]},"statusCode":200}
{"tsServer":1775711929804,"method":"POST","path":"/api/bookings/R20260409023EF6/payment-ready","userId":"64683eca-4333-477f-ba2d-c63566162d5a","sessionTicket":null,"queryParams":{},"requestBody":{"name":"테스트봇","birthDate":"20000101","email":"test@test.com","phone":"01062971082"},"statusCode":200}
{"tsServer":1775711949454,"method":"POST","path":"/api/auth/reissue","userId":"64683eca-4333-477f-ba2d-c63566162d5a","sessionTicket":null,"queryParams":{},"requestBody":{},"statusCode":200}
{"tsServer":1775711949448,"method":"POST","path":"/api/payments/confirm","userId":"64683eca-4333-477f-ba2d-c63566162d5a","sessionTicket":null,"queryParams":{},"requestBody":{"paymentKey":"tviva20260409141850q4sV9","orderId":"R20260409023EF6","amount":142000},"statusCode":400}
{"tsServer":1775711949481,"method":"GET","path":"/api/auth/me","userId":"64683eca-4333-477f-ba2d-c63566162d5a","sessionTicket":null,"queryParams":{},"requestBody":{},"statusCode":200}
{"tsServer":1775711960587,"method":"POST","path":"/api/auth/login","userId":null,"sessionTicket":null,"queryParams":{},"requestBody":{"email":"test@test.com","password":"test"},"statusCode":200}
{"tsServer":1775711960723,"method":"GET","path":"/api/auth/me","userId":"64683eca-4333-477f-ba2d-c63566162d5a","sessionTicket":null,"queryParams":{},"requestBody":{},"statusCode":200}
{"tsServer":1775711960811,"method":"GET","path":"/api/musical/home/banners","userId":"64683eca-4333-477f-ba2d-c63566162d5a","sessionTicket":null,"queryParams":{},"requestBody":{},"statusCode":200}
{"tsServer":1775711960812,"method":"GET","path":"/api/musical/home/promotions","userId":"64683eca-4333-477f-ba2d-c63566162d5a","sessionTicket":null,"queryParams":{},"requestBody":{},"statusCode":200}
{"tsServer":1775711960816,"method":"GET","path":"/api/musical/home/shows","userId":"64683eca-4333-477f-ba2d-c63566162d5a","sessionTicket":null,"queryParams":{"order":"DAILY_BOOKING","region":"ALL","page":"1","size":"12"},"requestBody":{},"statusCode":200}
{"tsServer":1775711961450,"method":"POST","path":"/api/auth/reissue","userId":"64683eca-4333-477f-ba2d-c63566162d5a","sessionTicket":null,"queryParams":{},"requestBody":{},"statusCode":200}
{"tsServer":1775711961484,"method":"GET","path":"/api/musical/reviews/1/meta","userId":"64683eca-4333-477f-ba2d-c63566162d5a","sessionTicket":null,"queryParams":{},"requestBody":{},"statusCode":200}
{"tsServer":1775711961491,"method":"GET","path":"/api/auth/me","userId":"64683eca-4333-477f-ba2d-c63566162d5a","sessionTicket":null,"queryParams":{},"requestBody":{},"statusCode":200}
{"tsServer":1775711961485,"method":"GET","path":"/api/musical/shows/1/casting-schedules","userId":"64683eca-4333-477f-ba2d-c63566162d5a","sessionTicket":null,"queryParams":{"from":"2026-04-09","to":"2026-04-09","page":"0","size":"100"},"requestBody":{},"statusCode":200}
{"tsServer":1775711968848,"method":"POST","path":"/api/queue/1/enter","userId":"64683eca-4333-477f-ba2d-c63566162d5a","sessionTicket":null,"queryParams":{},"requestBody":{},"statusCode":200}
{"tsServer":1775711968885,"method":"GET","path":"/api/queue/1/status","userId":"64683eca-4333-477f-ba2d-c63566162d5a","sessionTicket":null,"queryParams":{},"requestBody":{},"statusCode":200}
{"tsServer":1775711970417,"method":"GET","path":"/api/queue/1/status","userId":"64683eca-4333-477f-ba2d-c63566162d5a","sessionTicket":null,"queryParams":{},"requestBody":{},"statusCode":200}
{"tsServer":1775711970983,"method":"POST","path":"/api/ticketing/1/enter","userId":"64683eca-4333-477f-ba2d-c63566162d5a","sessionTicket":null,"queryParams":{},"requestBody":{},"statusCode":200}
{"tsServer":1775711971008,"method":"GET","path":"/api/ticketing/1","userId":"64683eca-4333-477f-ba2d-c63566162d5a","sessionTicket":"8aa48589-2a06-4307-8948-b0bcfeff51f0","queryParams":{},"requestBody":{},"statusCode":200}
{"tsServer":1775711979041,"method":"POST","path":"/api/ticketing/1/hold/seat","userId":"64683eca-4333-477f-ba2d-c63566162d5a","sessionTicket":"8aa48589-2a06-4307-8948-b0bcfeff51f0","queryParams":{},"requestBody":{"scheduledSeatIds":[3263]},"statusCode":200}
{"tsServer":1775711997570,"method":"POST","path":"/api/bookings","userId":"64683eca-4333-477f-ba2d-c63566162d5a","sessionTicket":null,"queryParams":{},"requestBody":{"seatIds":[3263]},"statusCode":200}
{"tsServer":1775711998099,"method":"POST","path":"/api/bookings/R202604099784B6/payment-ready","userId":"64683eca-4333-477f-ba2d-c63566162d5a","sessionTicket":null,"queryParams":{},"requestBody":{"name":"테스트봇","birthDate":"20000101","email":"test@test.com","phone":"01062971082"},"statusCode":200}
{"tsServer":1775712013292,"method":"POST","path":"/api/auth/reissue","userId":"64683eca-4333-477f-ba2d-c63566162d5a","sessionTicket":null,"queryParams":{},"requestBody":{},"statusCode":200}
{"tsServer":1775712013294,"method":"POST","path":"/api/payments/confirm","userId":"64683eca-4333-477f-ba2d-c63566162d5a","sessionTicket":null,"queryParams":{},"requestBody":{"paymentKey":"tviva20260409141958wdII4","orderId":"R202604099784B6","amount":142000},"statusCode":400}
{"tsServer":1775712013331,"method":"GET","path":"/api/auth/me","userId":"64683eca-4333-477f-ba2d-c63566162d5a","sessionTicket":null,"queryParams":{},"requestBody":{},"statusCode":200}
{"tsServer":1775712023201,"method":"POST","path":"/api/auth/login","userId":null,"sessionTicket":null,"queryParams":{},"requestBody":{"email":"test@test.com","password":"test"},"statusCode":200}
{"tsServer":1775712023333,"method":"GET","path":"/api/auth/me","userId":"64683eca-4333-477f-ba2d-c63566162d5a","sessionTicket":null,"queryParams":{},"requestBody":{},"statusCode":200}
{"tsServer":1775712023404,"method":"GET","path":"/api/musical/home/banners","userId":"64683eca-4333-477f-ba2d-c63566162d5a","sessionTicket":null,"queryParams":{},"requestBody":{},"statusCode":200}
{"tsServer":1775712023406,"method":"GET","path":"/api/musical/home/promotions","userId":"64683eca-4333-477f-ba2d-c63566162d5a","sessionTicket":null,"queryParams":{},"requestBody":{},"statusCode":200}
{"tsServer":1775712023405,"method":"GET","path":"/api/musical/home/shows","userId":"64683eca-4333-477f-ba2d-c63566162d5a","sessionTicket":null,"queryParams":{"order":"DAILY_BOOKING","region":"ALL","page":"1","size":"12"},"requestBody":{},"statusCode":200}
{"tsServer":1775712023802,"method":"POST","path":"/api/auth/reissue","userId":"64683eca-4333-477f-ba2d-c63566162d5a","sessionTicket":null,"queryParams":{},"requestBody":{},"statusCode":200}
{"tsServer":1775712023848,"method":"GET","path":"/api/auth/me","userId":"64683eca-4333-477f-ba2d-c63566162d5a","sessionTicket":null,"queryParams":{},"requestBody":{},"statusCode":200}
{"tsServer":1775712023856,"method":"GET","path":"/api/musical/reviews/1/meta","userId":"64683eca-4333-477f-ba2d-c63566162d5a","sessionTicket":null,"queryParams":{},"requestBody":{},"statusCode":200}
{"tsServer":1775712023845,"method":"GET","path":"/api/musical/shows/1/casting-schedules","userId":"64683eca-4333-477f-ba2d-c63566162d5a","sessionTicket":null,"queryParams":{"from":"2026-04-09","to":"2026-04-09","page":"0","size":"100"},"requestBody":{},"statusCode":200}
{"tsServer":1775712032128,"method":"POST","path":"/api/queue/1/enter","userId":"64683eca-4333-477f-ba2d-c63566162d5a","sessionTicket":null,"queryParams":{},"requestBody":{},"statusCode":200}
{"tsServer":1775712032176,"method":"GET","path":"/api/queue/1/status","userId":"64683eca-4333-477f-ba2d-c63566162d5a","sessionTicket":null,"queryParams":{},"requestBody":{},"statusCode":200}
{"tsServer":1775712033702,"method":"GET","path":"/api/queue/1/status","userId":"64683eca-4333-477f-ba2d-c63566162d5a","sessionTicket":null,"queryParams":{},"requestBody":{},"statusCode":200}
{"tsServer":1775712034259,"method":"POST","path":"/api/ticketing/1/enter","userId":"64683eca-4333-477f-ba2d-c63566162d5a","sessionTicket":null,"queryParams":{},"requestBody":{},"statusCode":200}
{"tsServer":1775712034285,"method":"GET","path":"/api/ticketing/1","userId":"64683eca-4333-477f-ba2d-c63566162d5a","sessionTicket":"37b68e41-71df-4d6a-af67-d731ac1ac4e6","queryParams":{},"requestBody":{},"statusCode":200}
{"tsServer":1775712041209,"method":"POST","path":"/api/ticketing/1/hold/seat","userId":"64683eca-4333-477f-ba2d-c63566162d5a","sessionTicket":"37b68e41-71df-4d6a-af67-d731ac1ac4e6","queryParams":{},"requestBody":{"scheduledSeatIds":[3351]},"statusCode":200}
{"tsServer":1775712070314,"method":"POST","path":"/api/bookings","userId":"64683eca-4333-477f-ba2d-c63566162d5a","sessionTicket":null,"queryParams":{},"requestBody":{"seatIds":[3351]},"statusCode":200}
{"tsServer":1775712070809,"method":"POST","path":"/api/bookings/R20260409DE43EA/payment-ready","userId":"64683eca-4333-477f-ba2d-c63566162d5a","sessionTicket":null,"queryParams":{},"requestBody":{"name":"테스트봇","birthDate":"20000101","email":"test@test.com","phone":"01062971082"},"statusCode":200}
{"tsServer":1775712093267,"method":"POST","path":"/api/payments/confirm","userId":"64683eca-4333-477f-ba2d-c63566162d5a","sessionTicket":null,"queryParams":{},"requestBody":{"paymentKey":"tviva20260409142111vtnJ7","orderId":"R20260409DE43EA","amount":142000},"statusCode":400}
{"tsServer":1775712093273,"method":"POST","path":"/api/auth/reissue","userId":"64683eca-4333-477f-ba2d-c63566162d5a","sessionTicket":null,"queryParams":{},"requestBody":{},"statusCode":200}
{"tsServer":1775712093309,"method":"GET","path":"/api/auth/me","userId":"64683eca-4333-477f-ba2d-c63566162d5a","sessionTicket":null,"queryParams":{},"requestBody":{},"statusCode":200}
{"tsServer":1775712104393,"method":"POST","path":"/api/auth/login","userId":null,"sessionTicket":null,"queryParams":{},"requestBody":{"email":"test@test.com","password":"test"},"statusCode":200}
{"tsServer":1775712104526,"method":"GET","path":"/api/auth/me","userId":"64683eca-4333-477f-ba2d-c63566162d5a","sessionTicket":null,"queryParams":{},"requestBody":{},"statusCode":200}
{"tsServer":1775712104606,"method":"GET","path":"/api/musical/home/banners","userId":"64683eca-4333-477f-ba2d-c63566162d5a","sessionTicket":null,"queryParams":{},"requestBody":{},"statusCode":200}
{"tsServer":1775712104607,"method":"GET","path":"/api/musical/home/shows","userId":"64683eca-4333-477f-ba2d-c63566162d5a","sessionTicket":null,"queryParams":{"order":"DAILY_BOOKING","region":"ALL","page":"1","size":"12"},"requestBody":{},"statusCode":200}
{"tsServer":1775712104705,"method":"GET","path":"/api/musical/home/promotions","userId":"64683eca-4333-477f-ba2d-c63566162d5a","sessionTicket":null,"queryParams":{},"requestBody":{},"statusCode":200}
{"tsServer":1775712105226,"method":"POST","path":"/api/auth/reissue","userId":"64683eca-4333-477f-ba2d-c63566162d5a","sessionTicket":null,"queryParams":{},"requestBody":{},"statusCode":200}
{"tsServer":1775712105280,"method":"GET","path":"/api/musical/reviews/1/meta","userId":"64683eca-4333-477f-ba2d-c63566162d5a","sessionTicket":null,"queryParams":{},"requestBody":{},"statusCode":200}
{"tsServer":1775712105289,"method":"GET","path":"/api/auth/me","userId":"64683eca-4333-477f-ba2d-c63566162d5a","sessionTicket":null,"queryParams":{},"requestBody":{},"statusCode":200}
{"tsServer":1775712105284,"method":"GET","path":"/api/musical/shows/1/casting-schedules","userId":"64683eca-4333-477f-ba2d-c63566162d5a","sessionTicket":null,"queryParams":{"from":"2026-04-09","to":"2026-04-09","page":"0","size":"100"},"requestBody":{},"statusCode":200}
{"tsServer":1775712112680,"method":"POST","path":"/api/queue/1/enter","userId":"64683eca-4333-477f-ba2d-c63566162d5a","sessionTicket":null,"queryParams":{},"requestBody":{},"statusCode":200}
{"tsServer":1775712112716,"method":"GET","path":"/api/queue/1/status","userId":"64683eca-4333-477f-ba2d-c63566162d5a","sessionTicket":null,"queryParams":{},"requestBody":{},"statusCode":200}
{"tsServer":1775712114241,"method":"GET","path":"/api/queue/1/status","userId":"64683eca-4333-477f-ba2d-c63566162d5a","sessionTicket":null,"queryParams":{},"requestBody":{},"statusCode":200}
{"tsServer":1775712114789,"method":"POST","path":"/api/ticketing/1/enter","userId":"64683eca-4333-477f-ba2d-c63566162d5a","sessionTicket":null,"queryParams":{},"requestBody":{},"statusCode":200}
{"tsServer":1775712114816,"method":"GET","path":"/api/ticketing/1","userId":"64683eca-4333-477f-ba2d-c63566162d5a","sessionTicket":"16e2a988-dc0f-4297-b28e-69f5a695e1f2","queryParams":{},"requestBody":{},"statusCode":200}
