{"tsServer":1775703636973,"method":"POST","path":"/api/payments/confirm","userId":"64683eca-4333-477f-ba2d-c63566162d5a","sessionTicket":null,"queryParams":{},"requestBody":{"paymentKey":"tviva20260409120018vjEv7","orderId":"R202604090BC023","amount":142000},"statusCode":400}
{"tsServer":1775703636978,"method":"POST","path":"/api/auth/reissue","userId":"64683eca-4333-477f-ba2d-c63566162d5a","sessionTicket":null,"queryParams":{},"requestBody":{},"statusCode":200}
{"tsServer":1775703637026,"method":"GET","path":"/api/auth/me","userId":"64683eca-4333-477f-ba2d-c63566162d5a","sessionTicket":null,"queryParams":{},"requestBody":{},"statusCode":200}
{"tsServer":1775703648330,"method":"POST","path":"/api/auth/login","userId":null,"sessionTicket":null,"queryParams":{},"requestBody":{"email":"test@test.com","password":"test"},"statusCode":200}
{"tsServer":1775703648468,"method":"GET","path":"/api/auth/me","userId":"64683eca-4333-477f-ba2d-c63566162d5a","sessionTicket":null,"queryParams":{},"requestBody":{},"statusCode":200}
{"tsServer":1775703648568,"method":"GET","path":"/api/musical/home/banners","userId":"64683eca-4333-477f-ba2d-c63566162d5a","sessionTicket":null,"queryParams":{},"requestBody":{},"statusCode":200}
{"tsServer":1775703648570,"method":"GET","path":"/api/musical/home/promotions","userId":"64683eca-4333-477f-ba2d-c63566162d5a","sessionTicket":null,"queryParams":{},"requestBody":{},"statusCode":200}
{"tsServer":1775703648585,"method":"GET","path":"/api/musical/home/shows","userId":"64683eca-4333-477f-ba2d-c63566162d5a","sessionTicket":null,"queryParams":{"order":"DAILY_BOOKING","region":"ALL","page":"1","size":"12"},"requestBody":{},"statusCode":200}
{"tsServer":1775703649398,"method":"POST","path":"/api/auth/reissue","userId":"64683eca-4333-477f-ba2d-c63566162d5a","sessionTicket":null,"queryParams":{},"requestBody":{},"statusCode":200}
{"tsServer":1775703649439,"method":"GET","path":"/api/musical/reviews/1/meta","userId":"64683eca-4333-477f-ba2d-c63566162d5a","sessionTicket":null,"queryParams":{},"requestBody":{},"statusCode":200}
{"tsServer":1775703649446,"method":"GET","path":"/api/auth/me","userId":"64683eca-4333-477f-ba2d-c63566162d5a","sessionTicket":null,"queryParams":{},"requestBody":{},"statusCode":200}
{"tsServer":1775703649441,"method":"GET","path":"/api/musical/shows/1/casting-schedules","userId":"64683eca-4333-477f-ba2d-c63566162d5a","sessionTicket":null,"queryParams":{},"requestBody":{},"statusCode":200}
{"tsServer":1775703657220,"method":"POST","path":"/api/queue/1/enter","userId":"64683eca-4333-477f-ba2d-c63566162d5a","sessionTicket":null,"queryParams":{},"requestBody":{},"statusCode":200}
{"tsServer":1775703657249,"method":"GET","path":"/api/queue/1/status","userId":"64683eca-4333-477f-ba2d-c63566162d5a","sessionTicket":null,"queryParams":{},"requestBody":{},"statusCode":200}
{"tsServer":1775703658776,"method":"GET","path":"/api/queue/1/status","userId":"64683eca-4333-477f-ba2d-c63566162d5a","sessionTicket":null,"queryParams":{},"requestBody":{},"statusCode":200}
{"tsServer":1775703659320,"method":"POST","path":"/api/ticketing/1/enter","userId":"64683eca-4333-477f-ba2d-c63566162d5a","sessionTicket":null,"queryParams":{},"requestBody":{},"statusCode":200}
{"tsServer":1775703659370,"method":"GET","path":"/api/ticketing/1","userId":"64683eca-4333-477f-ba2d-c63566162d5a","sessionTicket":"6203ec39-3447-4076-9a7c-029463e4f013","queryParams":{},"requestBody":{},"statusCode":200}
{"tsServer":1775703672654,"method":"POST","path":"/api/ticketing/1/hold/seat","userId":"64683eca-4333-477f-ba2d-c63566162d5a","sessionTicket":"6203ec39-3447-4076-9a7c-029463e4f013","queryParams":{},"requestBody":{"scheduledSeatIds":[3216]},"statusCode":200}
{"tsServer":1775703698174,"method":"POST","path":"/api/bookings","userId":"64683eca-4333-477f-ba2d-c63566162d5a","sessionTicket":null,"queryParams":{},"requestBody":{"seatIds":[3216]},"statusCode":200}
{"tsServer":1775703699054,"method":"POST","path":"/api/bookings/R202604098133DA/payment-ready","userId":"64683eca-4333-477f-ba2d-c63566162d5a","sessionTicket":null,"queryParams":{},"requestBody":{"name":"테스트봇","birthDate":"20000101","email":"test@test.com","phone":"01062971082"},"statusCode":200}
{"tsServer":1775703723846,"method":"POST","path":"/api/auth/reissue","userId":"64683eca-4333-477f-ba2d-c63566162d5a","sessionTicket":null,"queryParams":{},"requestBody":{},"statusCode":200}
{"tsServer":1775703723839,"method":"POST","path":"/api/payments/confirm","userId":"64683eca-4333-477f-ba2d-c63566162d5a","sessionTicket":null,"queryParams":{},"requestBody":{"paymentKey":"tviva20260409120139xtvf3","orderId":"R202604098133DA","amount":142000},"statusCode":400}
{"tsServer":1775703723904,"method":"GET","path":"/api/auth/me","userId":"64683eca-4333-477f-ba2d-c63566162d5a","sessionTicket":null,"queryParams":{},"requestBody":{},"statusCode":200}
{"tsServer":1775703842148,"method":"POST","path":"/api/auth/login","userId":null,"sessionTicket":null,"queryParams":{},"requestBody":{"email":"eogus4717@gmail.com","password":"alclsalcls1!"},"statusCode":200}
{"tsServer":1775703842295,"method":"GET","path":"/api/auth/me","userId":"49e7bc75-7bcb-44d9-ab8e-8d71a67df937","sessionTicket":null,"queryParams":{},"requestBody":{},"statusCode":200}
{"tsServer":1775703842375,"method":"GET","path":"/api/musical/home/promotions","userId":"49e7bc75-7bcb-44d9-ab8e-8d71a67df937","sessionTicket":null,"queryParams":{},"requestBody":{},"statusCode":200}
{"tsServer":1775703842376,"method":"GET","path":"/api/musical/home/banners","userId":"49e7bc75-7bcb-44d9-ab8e-8d71a67df937","sessionTicket":null,"queryParams":{},"requestBody":{},"statusCode":200}
{"tsServer":1775703842375,"method":"GET","path":"/api/musical/home/shows","userId":"49e7bc75-7bcb-44d9-ab8e-8d71a67df937","sessionTicket":null,"queryParams":{"order":"DAILY_BOOKING","region":"ALL","page":"1","size":"12"},"requestBody":{},"statusCode":200}
{"tsServer":1775703842800,"method":"POST","path":"/api/auth/reissue","userId":"49e7bc75-7bcb-44d9-ab8e-8d71a67df937","sessionTicket":null,"queryParams":{},"requestBody":{},"statusCode":200}
{"tsServer":1775703842841,"method":"GET","path":"/api/musical/reviews/1/meta","userId":"49e7bc75-7bcb-44d9-ab8e-8d71a67df937","sessionTicket":null,"queryParams":{},"requestBody":{},"statusCode":200}
{"tsServer":1775703842848,"method":"GET","path":"/api/auth/me","userId":"49e7bc75-7bcb-44d9-ab8e-8d71a67df937","sessionTicket":null,"queryParams":{},"requestBody":{},"statusCode":200}
{"tsServer":1775703842843,"method":"GET","path":"/api/musical/shows/1/casting-schedules","userId":"49e7bc75-7bcb-44d9-ab8e-8d71a67df937","sessionTicket":null,"queryParams":{},"requestBody":{},"statusCode":200}
{"tsServer":1775703846000,"method":"POST","path":"/api/queue/1/enter","userId":"49e7bc75-7bcb-44d9-ab8e-8d71a67df937","sessionTicket":null,"queryParams":{},"requestBody":{},"statusCode":200}
{"tsServer":1775703846039,"method":"GET","path":"/api/queue/1/status","userId":"49e7bc75-7bcb-44d9-ab8e-8d71a67df937","sessionTicket":null,"queryParams":{},"requestBody":{},"statusCode":200}
{"tsServer":1775703847565,"method":"GET","path":"/api/queue/1/status","userId":"49e7bc75-7bcb-44d9-ab8e-8d71a67df937","sessionTicket":null,"queryParams":{},"requestBody":{},"statusCode":200}
{"tsServer":1775703848122,"method":"POST","path":"/api/ticketing/1/enter","userId":"49e7bc75-7bcb-44d9-ab8e-8d71a67df937","sessionTicket":null,"queryParams":{},"requestBody":{},"statusCode":200}
{"tsServer":1775703848156,"method":"GET","path":"/api/ticketing/1","userId":"49e7bc75-7bcb-44d9-ab8e-8d71a67df937","sessionTicket":"1ecb9e43-fb5c-4885-a448-2b06d4c849fc","queryParams":{},"requestBody":{},"statusCode":200}
{"tsServer":1775703848464,"method":"POST","path":"/api/ticketing/1/hold/seat","userId":"49e7bc75-7bcb-44d9-ab8e-8d71a67df937","sessionTicket":"1ecb9e43-fb5c-4885-a448-2b06d4c849fc","queryParams":{},"requestBody":{"scheduledSeatIds":[3629]},"statusCode":200}
{"tsServer":1775703852470,"method":"POST","path":"/api/bookings","userId":"49e7bc75-7bcb-44d9-ab8e-8d71a67df937","sessionTicket":null,"queryParams":{},"requestBody":{"seatIds":[3629]},"statusCode":200}
{"tsServer":1775703853254,"method":"POST","path":"/api/bookings/R202604094B6C29/payment-ready","userId":"49e7bc75-7bcb-44d9-ab8e-8d71a67df937","sessionTicket":null,"queryParams":{},"requestBody":{"name":"테스트봇","birthDate":"20000101","email":"eogus4717@gmail.com","phone":"01062971082"},"statusCode":200}
{"tsServer":1775703859931,"method":"POST","path":"/api/payments/confirm","userId":"49e7bc75-7bcb-44d9-ab8e-8d71a67df937","sessionTicket":null,"queryParams":{},"requestBody":{"paymentKey":"tviva20260409120413rChq2","orderId":"R202604094B6C29","amount":142000},"statusCode":400}
{"tsServer":1775703859937,"method":"POST","path":"/api/auth/reissue","userId":"49e7bc75-7bcb-44d9-ab8e-8d71a67df937","sessionTicket":null,"queryParams":{},"requestBody":{},"statusCode":200}
{"tsServer":1775703859975,"method":"GET","path":"/api/auth/me","userId":"49e7bc75-7bcb-44d9-ab8e-8d71a67df937","sessionTicket":null,"queryParams":{},"requestBody":{},"statusCode":200}
{"tsServer":1775703868286,"method":"POST","path":"/api/auth/login","userId":null,"sessionTicket":null,"queryParams":{},"requestBody":{"email":"eogus4717@gmail.com","password":"alclsalcls1!"},"statusCode":200}
{"tsServer":1775703868421,"method":"GET","path":"/api/auth/me","userId":"49e7bc75-7bcb-44d9-ab8e-8d71a67df937","sessionTicket":null,"queryParams":{},"requestBody":{},"statusCode":200}
{"tsServer":1775703868505,"method":"GET","path":"/api/musical/home/banners","userId":"49e7bc75-7bcb-44d9-ab8e-8d71a67df937","sessionTicket":null,"queryParams":{},"requestBody":{},"statusCode":200}
{"tsServer":1775703868503,"method":"GET","path":"/api/musical/home/promotions","userId":"49e7bc75-7bcb-44d9-ab8e-8d71a67df937","sessionTicket":null,"queryParams":{},"requestBody":{},"statusCode":200}
{"tsServer":1775703868514,"method":"GET","path":"/api/musical/home/shows","userId":"49e7bc75-7bcb-44d9-ab8e-8d71a67df937","sessionTicket":null,"queryParams":{"order":"DAILY_BOOKING","region":"ALL","page":"1","size":"12"},"requestBody":{},"statusCode":200}
{"tsServer":1775703868781,"method":"POST","path":"/api/auth/reissue","userId":"49e7bc75-7bcb-44d9-ab8e-8d71a67df937","sessionTicket":null,"queryParams":{},"requestBody":{},"statusCode":200}
{"tsServer":1775703868816,"method":"GET","path":"/api/musical/reviews/1/meta","userId":"49e7bc75-7bcb-44d9-ab8e-8d71a67df937","sessionTicket":null,"queryParams":{},"requestBody":{},"statusCode":200}
{"tsServer":1775703868822,"method":"GET","path":"/api/auth/me","userId":"49e7bc75-7bcb-44d9-ab8e-8d71a67df937","sessionTicket":null,"queryParams":{},"requestBody":{},"statusCode":200}
{"tsServer":1775703868813,"method":"GET","path":"/api/musical/shows/1/casting-schedules","userId":"49e7bc75-7bcb-44d9-ab8e-8d71a67df937","sessionTicket":null,"queryParams":{},"requestBody":{},"statusCode":200}
{"tsServer":1775703871319,"method":"POST","path":"/api/queue/1/enter","userId":"49e7bc75-7bcb-44d9-ab8e-8d71a67df937","sessionTicket":null,"queryParams":{},"requestBody":{},"statusCode":200}
{"tsServer":1775703871353,"method":"GET","path":"/api/queue/1/status","userId":"49e7bc75-7bcb-44d9-ab8e-8d71a67df937","sessionTicket":null,"queryParams":{},"requestBody":{},"statusCode":200}
{"tsServer":1775703872902,"method":"GET","path":"/api/queue/1/status","userId":"49e7bc75-7bcb-44d9-ab8e-8d71a67df937","sessionTicket":null,"queryParams":{},"requestBody":{},"statusCode":200}
{"tsServer":1775703873446,"method":"POST","path":"/api/ticketing/1/enter","userId":"49e7bc75-7bcb-44d9-ab8e-8d71a67df937","sessionTicket":null,"queryParams":{},"requestBody":{},"statusCode":200}
{"tsServer":1775703873474,"method":"GET","path":"/api/ticketing/1","userId":"49e7bc75-7bcb-44d9-ab8e-8d71a67df937","sessionTicket":"c8912386-ec2f-4f12-a161-a1f9d5aabc42","queryParams":{},"requestBody":{},"statusCode":200}
{"tsServer":1775703873767,"method":"POST","path":"/api/ticketing/1/hold/seat","userId":"49e7bc75-7bcb-44d9-ab8e-8d71a67df937","sessionTicket":"c8912386-ec2f-4f12-a161-a1f9d5aabc42","queryParams":{},"requestBody":{"scheduledSeatIds":[3585]},"statusCode":200}
{"tsServer":1775703877748,"method":"POST","path":"/api/bookings","userId":"49e7bc75-7bcb-44d9-ab8e-8d71a67df937","sessionTicket":null,"queryParams":{},"requestBody":{"seatIds":[3585]},"statusCode":200}
{"tsServer":1775703878504,"method":"POST","path":"/api/bookings/R20260409C9D51E/payment-ready","userId":"49e7bc75-7bcb-44d9-ab8e-8d71a67df937","sessionTicket":null,"queryParams":{},"requestBody":{"name":"테스트봇","birthDate":"20000101","email":"eogus4717@gmail.com","phone":"01062971082"},"statusCode":200}
{"tsServer":1775703885218,"method":"POST","path":"/api/auth/reissue","userId":"49e7bc75-7bcb-44d9-ab8e-8d71a67df937","sessionTicket":null,"queryParams":{},"requestBody":{},"statusCode":200}
{"tsServer":1775703885212,"method":"POST","path":"/api/payments/confirm","userId":"49e7bc75-7bcb-44d9-ab8e-8d71a67df937","sessionTicket":null,"queryParams":{},"requestBody":{"paymentKey":"tviva20260409120439Asrh3","orderId":"R20260409C9D51E","amount":142000},"statusCode":400}
{"tsServer":1775703885257,"method":"GET","path":"/api/auth/me","userId":"49e7bc75-7bcb-44d9-ab8e-8d71a67df937","sessionTicket":null,"queryParams":{},"requestBody":{},"statusCode":200}
{"tsServer":1775703892755,"method":"POST","path":"/api/auth/login","userId":null,"sessionTicket":null,"queryParams":{},"requestBody":{"email":"eogus4717@gmail.com","password":"alclsalcls1!"},"statusCode":200}
{"tsServer":1775703892922,"method":"GET","path":"/api/auth/me","userId":"49e7bc75-7bcb-44d9-ab8e-8d71a67df937","sessionTicket":null,"queryParams":{},"requestBody":{},"statusCode":200}
{"tsServer":1775703893004,"method":"GET","path":"/api/musical/home/promotions","userId":"49e7bc75-7bcb-44d9-ab8e-8d71a67df937","sessionTicket":null,"queryParams":{},"requestBody":{},"statusCode":200}
{"tsServer":1775703892999,"method":"GET","path":"/api/musical/home/banners","userId":"49e7bc75-7bcb-44d9-ab8e-8d71a67df937","sessionTicket":null,"queryParams":{},"requestBody":{},"statusCode":200}
{"tsServer":1775703893001,"method":"GET","path":"/api/musical/home/shows","userId":"49e7bc75-7bcb-44d9-ab8e-8d71a67df937","sessionTicket":null,"queryParams":{"order":"DAILY_BOOKING","region":"ALL","page":"1","size":"12"},"requestBody":{},"statusCode":200}
{"tsServer":1775703893696,"method":"POST","path":"/api/auth/reissue","userId":"49e7bc75-7bcb-44d9-ab8e-8d71a67df937","sessionTicket":null,"queryParams":{},"requestBody":{},"statusCode":200}
{"tsServer":1775703893733,"method":"GET","path":"/api/musical/reviews/1/meta","userId":"49e7bc75-7bcb-44d9-ab8e-8d71a67df937","sessionTicket":null,"queryParams":{},"requestBody":{},"statusCode":200}
{"tsServer":1775703893741,"method":"GET","path":"/api/auth/me","userId":"49e7bc75-7bcb-44d9-ab8e-8d71a67df937","sessionTicket":null,"queryParams":{},"requestBody":{},"statusCode":200}
{"tsServer":1775703893735,"method":"GET","path":"/api/musical/shows/1/casting-schedules","userId":"49e7bc75-7bcb-44d9-ab8e-8d71a67df937","sessionTicket":null,"queryParams":{},"requestBody":{},"statusCode":200}
{"tsServer":1775703897128,"method":"POST","path":"/api/queue/1/enter","userId":"49e7bc75-7bcb-44d9-ab8e-8d71a67df937","sessionTicket":null,"queryParams":{},"requestBody":{},"statusCode":200}
{"tsServer":1775703897175,"method":"GET","path":"/api/queue/1/status","userId":"49e7bc75-7bcb-44d9-ab8e-8d71a67df937","sessionTicket":null,"queryParams":{},"requestBody":{},"statusCode":200}
{"tsServer":1775703898702,"method":"GET","path":"/api/queue/1/status","userId":"49e7bc75-7bcb-44d9-ab8e-8d71a67df937","sessionTicket":null,"queryParams":{},"requestBody":{},"statusCode":200}
{"tsServer":1775703899448,"method":"POST","path":"/api/ticketing/1/enter","userId":"49e7bc75-7bcb-44d9-ab8e-8d71a67df937","sessionTicket":null,"queryParams":{},"requestBody":{},"statusCode":200}
{"tsServer":1775703899484,"method":"GET","path":"/api/ticketing/1","userId":"49e7bc75-7bcb-44d9-ab8e-8d71a67df937","sessionTicket":"1b87059f-5ff7-4972-8701-5a8296c5d37b","queryParams":{},"requestBody":{},"statusCode":200}
{"tsServer":1775703901718,"method":"POST","path":"/api/ticketing/1/hold/seat","userId":"49e7bc75-7bcb-44d9-ab8e-8d71a67df937","sessionTicket":"1b87059f-5ff7-4972-8701-5a8296c5d37b","queryParams":{},"requestBody":{"scheduledSeatIds":[3213]},"statusCode":200}
{"tsServer":1775703905934,"method":"POST","path":"/api/bookings","userId":"49e7bc75-7bcb-44d9-ab8e-8d71a67df937","sessionTicket":null,"queryParams":{},"requestBody":{"seatIds":[3213]},"statusCode":200}
{"tsServer":1775703906654,"method":"POST","path":"/api/bookings/R2026040923DD8D/payment-ready","userId":"49e7bc75-7bcb-44d9-ab8e-8d71a67df937","sessionTicket":null,"queryParams":{},"requestBody":{"name":"테스트봇","birthDate":"20000101","email":"eogus4717@gmail.com","phone":"01062971082"},"statusCode":200}
{"tsServer":1775703913439,"method":"POST","path":"/api/auth/reissue","userId":"49e7bc75-7bcb-44d9-ab8e-8d71a67df937","sessionTicket":null,"queryParams":{},"requestBody":{},"statusCode":200}
{"tsServer":1775703913442,"method":"POST","path":"/api/payments/confirm","userId":"49e7bc75-7bcb-44d9-ab8e-8d71a67df937","sessionTicket":null,"queryParams":{},"requestBody":{"paymentKey":"tviva20260409120507xtL44","orderId":"R2026040923DD8D","amount":142000},"statusCode":400}
{"tsServer":1775703913482,"method":"GET","path":"/api/auth/me","userId":"49e7bc75-7bcb-44d9-ab8e-8d71a67df937","sessionTicket":null,"queryParams":{},"requestBody":{},"statusCode":200}
{"tsServer":1775703920988,"method":"POST","path":"/api/auth/login","userId":null,"sessionTicket":null,"queryParams":{},"requestBody":{"email":"eogus4717@gmail.com","password":"alclsalcls1!"},"statusCode":200}
{"tsServer":1775703921129,"method":"GET","path":"/api/auth/me","userId":"49e7bc75-7bcb-44d9-ab8e-8d71a67df937","sessionTicket":null,"queryParams":{},"requestBody":{},"statusCode":200}
{"tsServer":1775703921204,"method":"GET","path":"/api/musical/home/promotions","userId":"49e7bc75-7bcb-44d9-ab8e-8d71a67df937","sessionTicket":null,"queryParams":{},"requestBody":{},"statusCode":200}
{"tsServer":1775703921206,"method":"GET","path":"/api/musical/home/banners","userId":"49e7bc75-7bcb-44d9-ab8e-8d71a67df937","sessionTicket":null,"queryParams":{},"requestBody":{},"statusCode":200}
{"tsServer":1775703921211,"method":"GET","path":"/api/musical/home/shows","userId":"49e7bc75-7bcb-44d9-ab8e-8d71a67df937","sessionTicket":null,"queryParams":{"order":"DAILY_BOOKING","region":"ALL","page":"1","size":"12"},"requestBody":{},"statusCode":200}
{"tsServer":1775703921775,"method":"POST","path":"/api/auth/reissue","userId":"49e7bc75-7bcb-44d9-ab8e-8d71a67df937","sessionTicket":null,"queryParams":{},"requestBody":{},"statusCode":200}
{"tsServer":1775703921819,"method":"GET","path":"/api/musical/reviews/1/meta","userId":"49e7bc75-7bcb-44d9-ab8e-8d71a67df937","sessionTicket":null,"queryParams":{},"requestBody":{},"statusCode":200}
{"tsServer":1775703921858,"method":"GET","path":"/api/auth/me","userId":"49e7bc75-7bcb-44d9-ab8e-8d71a67df937","sessionTicket":null,"queryParams":{},"requestBody":{},"statusCode":200}
{"tsServer":1775703921823,"method":"GET","path":"/api/musical/shows/1/casting-schedules","userId":"49e7bc75-7bcb-44d9-ab8e-8d71a67df937","sessionTicket":null,"queryParams":{},"requestBody":{},"statusCode":200}
{"tsServer":1775703924777,"method":"POST","path":"/api/queue/1/enter","userId":"49e7bc75-7bcb-44d9-ab8e-8d71a67df937","sessionTicket":null,"queryParams":{},"requestBody":{},"statusCode":200}
{"tsServer":1775703924806,"method":"GET","path":"/api/queue/1/status","userId":"49e7bc75-7bcb-44d9-ab8e-8d71a67df937","sessionTicket":null,"queryParams":{},"requestBody":{},"statusCode":200}
{"tsServer":1775703925408,"method":"POST","path":"/api/ticketing/1/enter","userId":"49e7bc75-7bcb-44d9-ab8e-8d71a67df937","sessionTicket":null,"queryParams":{},"requestBody":{},"statusCode":200}
{"tsServer":1775703925453,"method":"GET","path":"/api/ticketing/1","userId":"49e7bc75-7bcb-44d9-ab8e-8d71a67df937","sessionTicket":"3d913c3b-a956-4d05-bfaf-ec66c5fa005c","queryParams":{},"requestBody":{},"statusCode":200}
{"tsServer":1775703926565,"method":"POST","path":"/api/ticketing/1/hold/seat","userId":"49e7bc75-7bcb-44d9-ab8e-8d71a67df937","sessionTicket":"3d913c3b-a956-4d05-bfaf-ec66c5fa005c","queryParams":{},"requestBody":{"scheduledSeatIds":[3310]},"statusCode":200}
