{"tsServer":1775706146040,"method":"POST","path":"/api/ticketing/1/enter","userId":"49e7bc75-7bcb-44d9-ab8e-8d71a67df937","sessionTicket":null,"queryParams":{},"requestBody":{},"statusCode":200}
{"tsServer":1775706146077,"method":"GET","path":"/api/ticketing/1","userId":"49e7bc75-7bcb-44d9-ab8e-8d71a67df937","sessionTicket":"d717e998-f234-4d2f-8806-ce4e3df79674","queryParams":{},"requestBody":{},"statusCode":200}
{"tsServer":1775706148717,"method":"POST","path":"/api/ticketing/1/hold/seat","userId":"49e7bc75-7bcb-44d9-ab8e-8d71a67df937","sessionTicket":"d717e998-f234-4d2f-8806-ce4e3df79674","queryParams":{},"requestBody":{"scheduledSeatIds":[3528]},"statusCode":200}
{"tsServer":1775706153065,"method":"POST","path":"/api/bookings","userId":"49e7bc75-7bcb-44d9-ab8e-8d71a67df937","sessionTicket":null,"queryParams":{},"requestBody":{"seatIds":[3528]},"statusCode":200}
{"tsServer":1775706153710,"method":"POST","path":"/api/bookings/R202604093C9D78/payment-ready","userId":"49e7bc75-7bcb-44d9-ab8e-8d71a67df937","sessionTicket":null,"queryParams":{},"requestBody":{"name":"테스트봇","birthDate":"20000101","email":"eogus4717@gmail.com","phone":"01062971082"},"statusCode":200}
{"tsServer":1775706160631,"method":"POST","path":"/api/payments/confirm","userId":"49e7bc75-7bcb-44d9-ab8e-8d71a67df937","sessionTicket":null,"queryParams":{},"requestBody":{"paymentKey":"tviva20260409124234pa0G2","orderId":"R202604093C9D78","amount":142000},"statusCode":400}
{"tsServer":1775706160631,"method":"POST","path":"/api/auth/reissue","userId":"49e7bc75-7bcb-44d9-ab8e-8d71a67df937","sessionTicket":null,"queryParams":{},"requestBody":{},"statusCode":200}
{"tsServer":1775706160673,"method":"GET","path":"/api/auth/me","userId":"49e7bc75-7bcb-44d9-ab8e-8d71a67df937","sessionTicket":null,"queryParams":{},"requestBody":{},"statusCode":200}
{"tsServer":1775706168787,"method":"POST","path":"/api/auth/login","userId":null,"sessionTicket":null,"queryParams":{},"requestBody":{"email":"eogus4717@gmail.com","password":"alclsalcls1!"},"statusCode":200}
{"tsServer":1775706168922,"method":"GET","path":"/api/auth/me","userId":"49e7bc75-7bcb-44d9-ab8e-8d71a67df937","sessionTicket":null,"queryParams":{},"requestBody":{},"statusCode":200}
{"tsServer":1775706168998,"method":"GET","path":"/api/musical/home/banners","userId":"49e7bc75-7bcb-44d9-ab8e-8d71a67df937","sessionTicket":null,"queryParams":{},"requestBody":{},"statusCode":200}
{"tsServer":1775706169003,"method":"GET","path":"/api/musical/home/promotions","userId":"49e7bc75-7bcb-44d9-ab8e-8d71a67df937","sessionTicket":null,"queryParams":{},"requestBody":{},"statusCode":200}
{"tsServer":1775706169000,"method":"GET","path":"/api/musical/home/shows","userId":"49e7bc75-7bcb-44d9-ab8e-8d71a67df937","sessionTicket":null,"queryParams":{"order":"DAILY_BOOKING","region":"ALL","page":"1","size":"12"},"requestBody":{},"statusCode":200}
{"tsServer":1775706169283,"method":"POST","path":"/api/auth/reissue","userId":"49e7bc75-7bcb-44d9-ab8e-8d71a67df937","sessionTicket":null,"queryParams":{},"requestBody":{},"statusCode":200}
{"tsServer":1775706169324,"method":"GET","path":"/api/musical/reviews/1/meta","userId":"49e7bc75-7bcb-44d9-ab8e-8d71a67df937","sessionTicket":null,"queryParams":{},"requestBody":{},"statusCode":200}
{"tsServer":1775706169330,"method":"GET","path":"/api/auth/me","userId":"49e7bc75-7bcb-44d9-ab8e-8d71a67df937","sessionTicket":null,"queryParams":{},"requestBody":{},"statusCode":200}
{"tsServer":1775706169325,"method":"GET","path":"/api/musical/shows/1/casting-schedules","userId":"49e7bc75-7bcb-44d9-ab8e-8d71a67df937","sessionTicket":null,"queryParams":{},"requestBody":{},"statusCode":200}
{"tsServer":1775706173147,"method":"POST","path":"/api/queue/1/enter","userId":"49e7bc75-7bcb-44d9-ab8e-8d71a67df937","sessionTicket":null,"queryParams":{},"requestBody":{},"statusCode":200}
{"tsServer":1775706173176,"method":"GET","path":"/api/queue/1/status","userId":"49e7bc75-7bcb-44d9-ab8e-8d71a67df937","sessionTicket":null,"queryParams":{},"requestBody":{},"statusCode":200}
{"tsServer":1775706174708,"method":"GET","path":"/api/queue/1/status","userId":"49e7bc75-7bcb-44d9-ab8e-8d71a67df937","sessionTicket":null,"queryParams":{},"requestBody":{},"statusCode":200}
{"tsServer":1775706175268,"method":"POST","path":"/api/ticketing/1/enter","userId":"49e7bc75-7bcb-44d9-ab8e-8d71a67df937","sessionTicket":null,"queryParams":{},"requestBody":{},"statusCode":200}
{"tsServer":1775706175291,"method":"GET","path":"/api/ticketing/1","userId":"49e7bc75-7bcb-44d9-ab8e-8d71a67df937","sessionTicket":"de31e99c-3e33-4b66-afa6-29a512b96c3c","queryParams":{},"requestBody":{},"statusCode":200}
{"tsServer":1775706175545,"method":"POST","path":"/api/ticketing/1/hold/seat","userId":"49e7bc75-7bcb-44d9-ab8e-8d71a67df937","sessionTicket":"de31e99c-3e33-4b66-afa6-29a512b96c3c","queryParams":{},"requestBody":{"scheduledSeatIds":[3466]},"statusCode":200}
{"tsServer":1775706179647,"method":"POST","path":"/api/bookings","userId":"49e7bc75-7bcb-44d9-ab8e-8d71a67df937","sessionTicket":null,"queryParams":{},"requestBody":{"seatIds":[3466]},"statusCode":200}
{"tsServer":1775706180242,"method":"POST","path":"/api/bookings/R20260409013831/payment-ready","userId":"49e7bc75-7bcb-44d9-ab8e-8d71a67df937","sessionTicket":null,"queryParams":{},"requestBody":{"name":"테스트봇","birthDate":"20000101","email":"eogus4717@gmail.com","phone":"01062971082"},"statusCode":200}
{"tsServer":1775706187132,"method":"POST","path":"/api/auth/reissue","userId":"49e7bc75-7bcb-44d9-ab8e-8d71a67df937","sessionTicket":null,"queryParams":{},"requestBody":{},"statusCode":200}
{"tsServer":1775706187126,"method":"POST","path":"/api/payments/confirm","userId":"49e7bc75-7bcb-44d9-ab8e-8d71a67df937","sessionTicket":null,"queryParams":{},"requestBody":{"paymentKey":"tviva20260409124300xwf75","orderId":"R20260409013831","amount":142000},"statusCode":400}
{"tsServer":1775706187182,"method":"GET","path":"/api/auth/me","userId":"49e7bc75-7bcb-44d9-ab8e-8d71a67df937","sessionTicket":null,"queryParams":{},"requestBody":{},"statusCode":200}
{"tsServer":1775706195085,"method":"POST","path":"/api/auth/login","userId":null,"sessionTicket":null,"queryParams":{},"requestBody":{"email":"eogus4717@gmail.com","password":"alclsalcls1!"},"statusCode":200}
{"tsServer":1775706195248,"method":"GET","path":"/api/auth/me","userId":"49e7bc75-7bcb-44d9-ab8e-8d71a67df937","sessionTicket":null,"queryParams":{},"requestBody":{},"statusCode":200}
{"tsServer":1775706195330,"method":"GET","path":"/api/musical/home/banners","userId":"49e7bc75-7bcb-44d9-ab8e-8d71a67df937","sessionTicket":null,"queryParams":{},"requestBody":{},"statusCode":200}
{"tsServer":1775706195335,"method":"GET","path":"/api/musical/home/promotions","userId":"49e7bc75-7bcb-44d9-ab8e-8d71a67df937","sessionTicket":null,"queryParams":{},"requestBody":{},"statusCode":200}
{"tsServer":1775706195333,"method":"GET","path":"/api/musical/home/shows","userId":"49e7bc75-7bcb-44d9-ab8e-8d71a67df937","sessionTicket":null,"queryParams":{"order":"DAILY_BOOKING","region":"ALL","page":"1","size":"12"},"requestBody":{},"statusCode":200}
{"tsServer":1775706196026,"method":"POST","path":"/api/auth/reissue","userId":"49e7bc75-7bcb-44d9-ab8e-8d71a67df937","sessionTicket":null,"queryParams":{},"requestBody":{},"statusCode":200}
{"tsServer":1775706196067,"method":"GET","path":"/api/musical/reviews/1/meta","userId":"49e7bc75-7bcb-44d9-ab8e-8d71a67df937","sessionTicket":null,"queryParams":{},"requestBody":{},"statusCode":200}
{"tsServer":1775706196077,"method":"GET","path":"/api/auth/me","userId":"49e7bc75-7bcb-44d9-ab8e-8d71a67df937","sessionTicket":null,"queryParams":{},"requestBody":{},"statusCode":200}
{"tsServer":1775706196068,"method":"GET","path":"/api/musical/shows/1/casting-schedules","userId":"49e7bc75-7bcb-44d9-ab8e-8d71a67df937","sessionTicket":null,"queryParams":{},"requestBody":{},"statusCode":200}
{"tsServer":1775706199984,"method":"POST","path":"/api/queue/1/enter","userId":"49e7bc75-7bcb-44d9-ab8e-8d71a67df937","sessionTicket":null,"queryParams":{},"requestBody":{},"statusCode":200}
{"tsServer":1775706200013,"method":"GET","path":"/api/queue/1/status","userId":"49e7bc75-7bcb-44d9-ab8e-8d71a67df937","sessionTicket":null,"queryParams":{},"requestBody":{},"statusCode":200}
{"tsServer":1775706201565,"method":"GET","path":"/api/queue/1/status","userId":"49e7bc75-7bcb-44d9-ab8e-8d71a67df937","sessionTicket":null,"queryParams":{},"requestBody":{},"statusCode":200}
{"tsServer":1775706202346,"method":"POST","path":"/api/ticketing/1/enter","userId":"49e7bc75-7bcb-44d9-ab8e-8d71a67df937","sessionTicket":null,"queryParams":{},"requestBody":{},"statusCode":200}
{"tsServer":1775706202377,"method":"GET","path":"/api/ticketing/1","userId":"49e7bc75-7bcb-44d9-ab8e-8d71a67df937","sessionTicket":"2ca55bad-2ace-4e43-86a4-578213dcbdee","queryParams":{},"requestBody":{},"statusCode":200}
{"tsServer":1775706203081,"method":"POST","path":"/api/ticketing/1/hold/seat","userId":"49e7bc75-7bcb-44d9-ab8e-8d71a67df937","sessionTicket":"2ca55bad-2ace-4e43-86a4-578213dcbdee","queryParams":{},"requestBody":{"scheduledSeatIds":[3356]},"statusCode":400}
{"tsServer":1775706207056,"method":"POST","path":"/api/bookings","userId":"49e7bc75-7bcb-44d9-ab8e-8d71a67df937","sessionTicket":null,"queryParams":{},"requestBody":{"seatIds":[3356]},"statusCode":200}
{"tsServer":1775706207599,"method":"POST","path":"/api/bookings/R202604094DBE60/payment-ready","userId":"49e7bc75-7bcb-44d9-ab8e-8d71a67df937","sessionTicket":null,"queryParams":{},"requestBody":{"name":"테스트봇","birthDate":"20000101","email":"eogus4717@gmail.com","phone":"01062971082"},"statusCode":200}
{"tsServer":1775706214714,"method":"POST","path":"/api/auth/reissue","userId":"49e7bc75-7bcb-44d9-ab8e-8d71a67df937","sessionTicket":null,"queryParams":{},"requestBody":{},"statusCode":200}
{"tsServer":1775706214714,"method":"POST","path":"/api/payments/confirm","userId":"49e7bc75-7bcb-44d9-ab8e-8d71a67df937","sessionTicket":null,"queryParams":{},"requestBody":{"paymentKey":"tviva20260409124328vmyq2","orderId":"R202604094DBE60","amount":142000},"statusCode":400}
{"tsServer":1775706214760,"method":"GET","path":"/api/auth/me","userId":"49e7bc75-7bcb-44d9-ab8e-8d71a67df937","sessionTicket":null,"queryParams":{},"requestBody":{},"statusCode":200}
{"tsServer":1775706222060,"method":"POST","path":"/api/auth/login","userId":null,"sessionTicket":null,"queryParams":{},"requestBody":{"email":"eogus4717@gmail.com","password":"alclsalcls1!"},"statusCode":200}
{"tsServer":1775706222210,"method":"GET","path":"/api/auth/me","userId":"49e7bc75-7bcb-44d9-ab8e-8d71a67df937","sessionTicket":null,"queryParams":{},"requestBody":{},"statusCode":200}
{"tsServer":1775706222279,"method":"GET","path":"/api/musical/home/promotions","userId":"49e7bc75-7bcb-44d9-ab8e-8d71a67df937","sessionTicket":null,"queryParams":{},"requestBody":{},"statusCode":200}
{"tsServer":1775706222279,"method":"GET","path":"/api/musical/home/banners","userId":"49e7bc75-7bcb-44d9-ab8e-8d71a67df937","sessionTicket":null,"queryParams":{},"requestBody":{},"statusCode":200}
{"tsServer":1775706222281,"method":"GET","path":"/api/musical/home/shows","userId":"49e7bc75-7bcb-44d9-ab8e-8d71a67df937","sessionTicket":null,"queryParams":{"order":"DAILY_BOOKING","region":"ALL","page":"1","size":"12"},"requestBody":{},"statusCode":200}
{"tsServer":1775706222996,"method":"POST","path":"/api/auth/reissue","userId":"49e7bc75-7bcb-44d9-ab8e-8d71a67df937","sessionTicket":null,"queryParams":{},"requestBody":{},"statusCode":200}
{"tsServer":1775706223037,"method":"GET","path":"/api/musical/reviews/1/meta","userId":"49e7bc75-7bcb-44d9-ab8e-8d71a67df937","sessionTicket":null,"queryParams":{},"requestBody":{},"statusCode":200}
{"tsServer":1775706223135,"method":"GET","path":"/api/auth/me","userId":"49e7bc75-7bcb-44d9-ab8e-8d71a67df937","sessionTicket":null,"queryParams":{},"requestBody":{},"statusCode":200}
{"tsServer":1775706223039,"method":"GET","path":"/api/musical/shows/1/casting-schedules","userId":"49e7bc75-7bcb-44d9-ab8e-8d71a67df937","sessionTicket":null,"queryParams":{},"requestBody":{},"statusCode":200}
{"tsServer":1775706226791,"method":"POST","path":"/api/queue/1/enter","userId":"49e7bc75-7bcb-44d9-ab8e-8d71a67df937","sessionTicket":null,"queryParams":{},"requestBody":{},"statusCode":200}
{"tsServer":1775706226821,"method":"GET","path":"/api/queue/1/status","userId":"49e7bc75-7bcb-44d9-ab8e-8d71a67df937","sessionTicket":null,"queryParams":{},"requestBody":{},"statusCode":200}
{"tsServer":1775706228347,"method":"GET","path":"/api/queue/1/status","userId":"49e7bc75-7bcb-44d9-ab8e-8d71a67df937","sessionTicket":null,"queryParams":{},"requestBody":{},"statusCode":200}
{"tsServer":1775706228920,"method":"POST","path":"/api/ticketing/1/enter","userId":"49e7bc75-7bcb-44d9-ab8e-8d71a67df937","sessionTicket":null,"queryParams":{},"requestBody":{},"statusCode":200}
{"tsServer":1775706228946,"method":"GET","path":"/api/ticketing/1","userId":"49e7bc75-7bcb-44d9-ab8e-8d71a67df937","sessionTicket":"e62e6962-d100-46d7-98da-69691e103c30","queryParams":{},"requestBody":{},"statusCode":200}
{"tsServer":1775706235034,"method":"POST","path":"/api/ticketing/1/hold/seat","userId":"49e7bc75-7bcb-44d9-ab8e-8d71a67df937","sessionTicket":"e62e6962-d100-46d7-98da-69691e103c30","queryParams":{},"requestBody":{"scheduledSeatIds":[3564]},"statusCode":200}
{"tsServer":1775706238929,"method":"POST","path":"/api/bookings","userId":"49e7bc75-7bcb-44d9-ab8e-8d71a67df937","sessionTicket":null,"queryParams":{},"requestBody":{"seatIds":[3564]},"statusCode":200}
{"tsServer":1775706239443,"method":"POST","path":"/api/bookings/R202604099E96A2/payment-ready","userId":"49e7bc75-7bcb-44d9-ab8e-8d71a67df937","sessionTicket":null,"queryParams":{},"requestBody":{"name":"테스트봇","birthDate":"20000101","email":"eogus4717@gmail.com","phone":"01062971082"},"statusCode":200}
{"tsServer":1775706246345,"method":"POST","path":"/api/payments/confirm","userId":"49e7bc75-7bcb-44d9-ab8e-8d71a67df937","sessionTicket":null,"queryParams":{},"requestBody":{"paymentKey":"tviva20260409124359zOtB5","orderId":"R202604099E96A2","amount":142000},"statusCode":400}
{"tsServer":1775706246343,"method":"POST","path":"/api/auth/reissue","userId":"49e7bc75-7bcb-44d9-ab8e-8d71a67df937","sessionTicket":null,"queryParams":{},"requestBody":{},"statusCode":200}
{"tsServer":1775706246399,"method":"GET","path":"/api/auth/me","userId":"49e7bc75-7bcb-44d9-ab8e-8d71a67df937","sessionTicket":null,"queryParams":{},"requestBody":{},"statusCode":200}
{"tsServer":1775706253927,"method":"POST","path":"/api/auth/login","userId":null,"sessionTicket":null,"queryParams":{},"requestBody":{"email":"eogus4717@gmail.com","password":"alclsalcls1!"},"statusCode":200}
{"tsServer":1775706254063,"method":"GET","path":"/api/auth/me","userId":"49e7bc75-7bcb-44d9-ab8e-8d71a67df937","sessionTicket":null,"queryParams":{},"requestBody":{},"statusCode":200}
{"tsServer":1775706254126,"method":"GET","path":"/api/musical/home/promotions","userId":"49e7bc75-7bcb-44d9-ab8e-8d71a67df937","sessionTicket":null,"queryParams":{},"requestBody":{},"statusCode":200}
{"tsServer":1775706254135,"method":"GET","path":"/api/musical/home/banners","userId":"49e7bc75-7bcb-44d9-ab8e-8d71a67df937","sessionTicket":null,"queryParams":{},"requestBody":{},"statusCode":200}
{"tsServer":1775706254129,"method":"GET","path":"/api/musical/home/shows","userId":"49e7bc75-7bcb-44d9-ab8e-8d71a67df937","sessionTicket":null,"queryParams":{"order":"DAILY_BOOKING","region":"ALL","page":"1","size":"12"},"requestBody":{},"statusCode":200}
{"tsServer":1775706254877,"method":"POST","path":"/api/auth/reissue","userId":"49e7bc75-7bcb-44d9-ab8e-8d71a67df937","sessionTicket":null,"queryParams":{},"requestBody":{},"statusCode":200}
{"tsServer":1775706254914,"method":"GET","path":"/api/musical/reviews/1/meta","userId":"49e7bc75-7bcb-44d9-ab8e-8d71a67df937","sessionTicket":null,"queryParams":{},"requestBody":{},"statusCode":200}
{"tsServer":1775706254921,"method":"GET","path":"/api/auth/me","userId":"49e7bc75-7bcb-44d9-ab8e-8d71a67df937","sessionTicket":null,"queryParams":{},"requestBody":{},"statusCode":200}
{"tsServer":1775706254914,"method":"GET","path":"/api/musical/shows/1/casting-schedules","userId":"49e7bc75-7bcb-44d9-ab8e-8d71a67df937","sessionTicket":null,"queryParams":{},"requestBody":{},"statusCode":200}
{"tsServer":1775706258086,"method":"POST","path":"/api/queue/1/enter","userId":"49e7bc75-7bcb-44d9-ab8e-8d71a67df937","sessionTicket":null,"queryParams":{},"requestBody":{},"statusCode":200}
{"tsServer":1775706258114,"method":"GET","path":"/api/queue/1/status","userId":"49e7bc75-7bcb-44d9-ab8e-8d71a67df937","sessionTicket":null,"queryParams":{},"requestBody":{},"statusCode":200}
{"tsServer":1775706259638,"method":"GET","path":"/api/queue/1/status","userId":"49e7bc75-7bcb-44d9-ab8e-8d71a67df937","sessionTicket":null,"queryParams":{},"requestBody":{},"statusCode":200}
{"tsServer":1775706260274,"method":"POST","path":"/api/ticketing/1/enter","userId":"49e7bc75-7bcb-44d9-ab8e-8d71a67df937","sessionTicket":null,"queryParams":{},"requestBody":{},"statusCode":200}
{"tsServer":1775706260302,"method":"GET","path":"/api/ticketing/1","userId":"49e7bc75-7bcb-44d9-ab8e-8d71a67df937","sessionTicket":"fca0be2b-ba12-4248-95f6-35f41af1c885","queryParams":{},"requestBody":{},"statusCode":200}
{"tsServer":1775706262327,"method":"POST","path":"/api/ticketing/1/hold/seat","userId":"49e7bc75-7bcb-44d9-ab8e-8d71a67df937","sessionTicket":"fca0be2b-ba12-4248-95f6-35f41af1c885","queryParams":{},"requestBody":{"scheduledSeatIds":[3394]},"statusCode":200}
{"tsServer":1775706266300,"method":"POST","path":"/api/bookings","userId":"49e7bc75-7bcb-44d9-ab8e-8d71a67df937","sessionTicket":null,"queryParams":{},"requestBody":{"seatIds":[3394]},"statusCode":200}
{"tsServer":1775706266919,"method":"POST","path":"/api/bookings/R20260409308D6C/payment-ready","userId":"49e7bc75-7bcb-44d9-ab8e-8d71a67df937","sessionTicket":null,"queryParams":{},"requestBody":{"name":"테스트봇","birthDate":"20000101","email":"eogus4717@gmail.com","phone":"01062971082"},"statusCode":200}
{"tsServer":1775706273812,"method":"POST","path":"/api/auth/reissue","userId":"49e7bc75-7bcb-44d9-ab8e-8d71a67df937","sessionTicket":null,"queryParams":{},"requestBody":{},"statusCode":200}
{"tsServer":1775706273800,"method":"POST","path":"/api/payments/confirm","userId":"49e7bc75-7bcb-44d9-ab8e-8d71a67df937","sessionTicket":null,"queryParams":{},"requestBody":{"paymentKey":"tviva20260409124427rESD7","orderId":"R20260409308D6C","amount":142000},"statusCode":400}
{"tsServer":1775706273852,"method":"GET","path":"/api/auth/me","userId":"49e7bc75-7bcb-44d9-ab8e-8d71a67df937","sessionTicket":null,"queryParams":{},"requestBody":{},"statusCode":200}
{"tsServer":1775706280835,"method":"POST","path":"/api/auth/login","userId":null,"sessionTicket":null,"queryParams":{},"requestBody":{"email":"eogus4717@gmail.com","password":"alclsalcls1!"},"statusCode":200}
{"tsServer":1775706280973,"method":"GET","path":"/api/auth/me","userId":"49e7bc75-7bcb-44d9-ab8e-8d71a67df937","sessionTicket":null,"queryParams":{},"requestBody":{},"statusCode":200}
{"tsServer":1775706281052,"method":"GET","path":"/api/musical/home/banners","userId":"49e7bc75-7bcb-44d9-ab8e-8d71a67df937","sessionTicket":null,"queryParams":{},"requestBody":{},"statusCode":200}
{"tsServer":1775706281054,"method":"GET","path":"/api/musical/home/promotions","userId":"49e7bc75-7bcb-44d9-ab8e-8d71a67df937","sessionTicket":null,"queryParams":{},"requestBody":{},"statusCode":200}
{"tsServer":1775706281056,"method":"GET","path":"/api/musical/home/shows","userId":"49e7bc75-7bcb-44d9-ab8e-8d71a67df937","sessionTicket":null,"queryParams":{"order":"DAILY_BOOKING","region":"ALL","page":"1","size":"12"},"requestBody":{},"statusCode":200}
{"tsServer":1775706282005,"method":"POST","path":"/api/auth/reissue","userId":"49e7bc75-7bcb-44d9-ab8e-8d71a67df937","sessionTicket":null,"queryParams":{},"requestBody":{},"statusCode":200}
{"tsServer":1775706282059,"method":"GET","path":"/api/musical/reviews/1/meta","userId":"49e7bc75-7bcb-44d9-ab8e-8d71a67df937","sessionTicket":null,"queryParams":{},"requestBody":{},"statusCode":200}
{"tsServer":1775706282052,"method":"GET","path":"/api/auth/me","userId":"49e7bc75-7bcb-44d9-ab8e-8d71a67df937","sessionTicket":null,"queryParams":{},"requestBody":{},"statusCode":200}
{"tsServer":1775706282046,"method":"GET","path":"/api/musical/shows/1/casting-schedules","userId":"49e7bc75-7bcb-44d9-ab8e-8d71a67df937","sessionTicket":null,"queryParams":{},"requestBody":{},"statusCode":200}
{"tsServer":1775706285445,"method":"POST","path":"/api/queue/1/enter","userId":"49e7bc75-7bcb-44d9-ab8e-8d71a67df937","sessionTicket":null,"queryParams":{},"requestBody":{},"statusCode":200}
{"tsServer":1775706285478,"method":"GET","path":"/api/queue/1/status","userId":"49e7bc75-7bcb-44d9-ab8e-8d71a67df937","sessionTicket":null,"queryParams":{},"requestBody":{},"statusCode":200}
{"tsServer":1775706287007,"method":"GET","path":"/api/queue/1/status","userId":"49e7bc75-7bcb-44d9-ab8e-8d71a67df937","sessionTicket":null,"queryParams":{},"requestBody":{},"statusCode":200}
