{"tsServer":1775705983710,"method":"POST","path":"/api/bookings/R20260409991F23/payment-ready","userId":"49e7bc75-7bcb-44d9-ab8e-8d71a67df937","sessionTicket":null,"queryParams":{},"requestBody":{"name":"테스트봇","birthDate":"20000101","email":"eogus4717@gmail.com","phone":"01062971082"},"statusCode":200}
{"tsServer":1775705990402,"method":"POST","path":"/api/payments/confirm","userId":"49e7bc75-7bcb-44d9-ab8e-8d71a67df937","sessionTicket":null,"queryParams":{},"requestBody":{"paymentKey":"tviva20260409123944xw2v3","orderId":"R20260409991F23","amount":142000},"statusCode":400}
{"tsServer":1775705990406,"method":"POST","path":"/api/auth/reissue","userId":"49e7bc75-7bcb-44d9-ab8e-8d71a67df937","sessionTicket":null,"queryParams":{},"requestBody":{},"statusCode":200}
{"tsServer":1775705990459,"method":"GET","path":"/api/auth/me","userId":"49e7bc75-7bcb-44d9-ab8e-8d71a67df937","sessionTicket":null,"queryParams":{},"requestBody":{},"statusCode":200}
{"tsServer":1775705997939,"method":"POST","path":"/api/auth/login","userId":null,"sessionTicket":null,"queryParams":{},"requestBody":{"email":"eogus4717@gmail.com","password":"alclsalcls1!"},"statusCode":200}
{"tsServer":1775705998097,"method":"GET","path":"/api/auth/me","userId":"49e7bc75-7bcb-44d9-ab8e-8d71a67df937","sessionTicket":null,"queryParams":{},"requestBody":{},"statusCode":200}
{"tsServer":1775705998194,"method":"GET","path":"/api/musical/home/promotions","userId":"49e7bc75-7bcb-44d9-ab8e-8d71a67df937","sessionTicket":null,"queryParams":{},"requestBody":{},"statusCode":200}
{"tsServer":1775705998191,"method":"GET","path":"/api/musical/home/banners","userId":"49e7bc75-7bcb-44d9-ab8e-8d71a67df937","sessionTicket":null,"queryParams":{},"requestBody":{},"statusCode":200}
{"tsServer":1775705998196,"method":"GET","path":"/api/musical/home/shows","userId":"49e7bc75-7bcb-44d9-ab8e-8d71a67df937","sessionTicket":null,"queryParams":{"order":"DAILY_BOOKING","region":"ALL","page":"1","size":"12"},"requestBody":{},"statusCode":200}
{"tsServer":1775705998685,"method":"POST","path":"/api/auth/reissue","userId":"49e7bc75-7bcb-44d9-ab8e-8d71a67df937","sessionTicket":null,"queryParams":{},"requestBody":{},"statusCode":200}
{"tsServer":1775705998723,"method":"GET","path":"/api/musical/reviews/1/meta","userId":"49e7bc75-7bcb-44d9-ab8e-8d71a67df937","sessionTicket":null,"queryParams":{},"requestBody":{},"statusCode":200}
{"tsServer":1775705998738,"method":"GET","path":"/api/auth/me","userId":"49e7bc75-7bcb-44d9-ab8e-8d71a67df937","sessionTicket":null,"queryParams":{},"requestBody":{},"statusCode":200}
{"tsServer":1775705998720,"method":"GET","path":"/api/musical/shows/1/casting-schedules","userId":"49e7bc75-7bcb-44d9-ab8e-8d71a67df937","sessionTicket":null,"queryParams":{},"requestBody":{},"statusCode":200}
{"tsServer":1775706002737,"method":"POST","path":"/api/queue/1/enter","userId":"49e7bc75-7bcb-44d9-ab8e-8d71a67df937","sessionTicket":null,"queryParams":{},"requestBody":{},"statusCode":200}
{"tsServer":1775706002783,"method":"GET","path":"/api/queue/1/status","userId":"49e7bc75-7bcb-44d9-ab8e-8d71a67df937","sessionTicket":null,"queryParams":{},"requestBody":{},"statusCode":200}
{"tsServer":1775706004317,"method":"GET","path":"/api/queue/1/status","userId":"49e7bc75-7bcb-44d9-ab8e-8d71a67df937","sessionTicket":null,"queryParams":{},"requestBody":{},"statusCode":200}
{"tsServer":1775706004872,"method":"POST","path":"/api/ticketing/1/enter","userId":"49e7bc75-7bcb-44d9-ab8e-8d71a67df937","sessionTicket":null,"queryParams":{},"requestBody":{},"statusCode":200}
{"tsServer":1775706004903,"method":"GET","path":"/api/ticketing/1","userId":"49e7bc75-7bcb-44d9-ab8e-8d71a67df937","sessionTicket":"d78067ac-8328-4494-b0f1-07363aae3bff","queryParams":{},"requestBody":{},"statusCode":200}
{"tsServer":1775706007539,"method":"POST","path":"/api/ticketing/1/hold/seat","userId":"49e7bc75-7bcb-44d9-ab8e-8d71a67df937","sessionTicket":"d78067ac-8328-4494-b0f1-07363aae3bff","queryParams":{},"requestBody":{"scheduledSeatIds":[3652]},"statusCode":200}
{"tsServer":1775706011718,"method":"POST","path":"/api/bookings","userId":"49e7bc75-7bcb-44d9-ab8e-8d71a67df937","sessionTicket":null,"queryParams":{},"requestBody":{"seatIds":[3652]},"statusCode":200}
{"tsServer":1775706012387,"method":"POST","path":"/api/bookings/R20260409A6059D/payment-ready","userId":"49e7bc75-7bcb-44d9-ab8e-8d71a67df937","sessionTicket":null,"queryParams":{},"requestBody":{"name":"테스트봇","birthDate":"20000101","email":"eogus4717@gmail.com","phone":"01062971082"},"statusCode":200}
{"tsServer":1775706019227,"method":"POST","path":"/api/payments/confirm","userId":"49e7bc75-7bcb-44d9-ab8e-8d71a67df937","sessionTicket":null,"queryParams":{},"requestBody":{"paymentKey":"tviva20260409124012qXCe6","orderId":"R20260409A6059D","amount":142000},"statusCode":400}
{"tsServer":1775706019231,"method":"POST","path":"/api/auth/reissue","userId":"49e7bc75-7bcb-44d9-ab8e-8d71a67df937","sessionTicket":null,"queryParams":{},"requestBody":{},"statusCode":200}
{"tsServer":1775706019296,"method":"GET","path":"/api/auth/me","userId":"49e7bc75-7bcb-44d9-ab8e-8d71a67df937","sessionTicket":null,"queryParams":{},"requestBody":{},"statusCode":200}
{"tsServer":1775706027515,"method":"POST","path":"/api/auth/login","userId":null,"sessionTicket":null,"queryParams":{},"requestBody":{"email":"eogus4717@gmail.com","password":"alclsalcls1!"},"statusCode":200}
{"tsServer":1775706027659,"method":"GET","path":"/api/auth/me","userId":"49e7bc75-7bcb-44d9-ab8e-8d71a67df937","sessionTicket":null,"queryParams":{},"requestBody":{},"statusCode":200}
{"tsServer":1775706027729,"method":"GET","path":"/api/musical/home/promotions","userId":"49e7bc75-7bcb-44d9-ab8e-8d71a67df937","sessionTicket":null,"queryParams":{},"requestBody":{},"statusCode":200}
{"tsServer":1775706027731,"method":"GET","path":"/api/musical/home/banners","userId":"49e7bc75-7bcb-44d9-ab8e-8d71a67df937","sessionTicket":null,"queryParams":{},"requestBody":{},"statusCode":200}
{"tsServer":1775706027730,"method":"GET","path":"/api/musical/home/shows","userId":"49e7bc75-7bcb-44d9-ab8e-8d71a67df937","sessionTicket":null,"queryParams":{"order":"DAILY_BOOKING","region":"ALL","page":"1","size":"12"},"requestBody":{},"statusCode":200}
{"tsServer":1775706028428,"method":"POST","path":"/api/auth/reissue","userId":"49e7bc75-7bcb-44d9-ab8e-8d71a67df937","sessionTicket":null,"queryParams":{},"requestBody":{},"statusCode":200}
{"tsServer":1775706028469,"method":"GET","path":"/api/auth/me","userId":"49e7bc75-7bcb-44d9-ab8e-8d71a67df937","sessionTicket":null,"queryParams":{},"requestBody":{},"statusCode":200}
{"tsServer":1775706028465,"method":"GET","path":"/api/musical/reviews/1/meta","userId":"49e7bc75-7bcb-44d9-ab8e-8d71a67df937","sessionTicket":null,"queryParams":{},"requestBody":{},"statusCode":200}
{"tsServer":1775706028454,"method":"GET","path":"/api/musical/shows/1/casting-schedules","userId":"49e7bc75-7bcb-44d9-ab8e-8d71a67df937","sessionTicket":null,"queryParams":{},"requestBody":{},"statusCode":200}
{"tsServer":1775706032349,"method":"POST","path":"/api/queue/1/enter","userId":"49e7bc75-7bcb-44d9-ab8e-8d71a67df937","sessionTicket":null,"queryParams":{},"requestBody":{},"statusCode":200}
{"tsServer":1775706032380,"method":"GET","path":"/api/queue/1/status","userId":"49e7bc75-7bcb-44d9-ab8e-8d71a67df937","sessionTicket":null,"queryParams":{},"requestBody":{},"statusCode":200}
{"tsServer":1775706033920,"method":"GET","path":"/api/queue/1/status","userId":"49e7bc75-7bcb-44d9-ab8e-8d71a67df937","sessionTicket":null,"queryParams":{},"requestBody":{},"statusCode":200}
{"tsServer":1775706034475,"method":"POST","path":"/api/ticketing/1/enter","userId":"49e7bc75-7bcb-44d9-ab8e-8d71a67df937","sessionTicket":null,"queryParams":{},"requestBody":{},"statusCode":200}
{"tsServer":1775706034504,"method":"GET","path":"/api/ticketing/1","userId":"49e7bc75-7bcb-44d9-ab8e-8d71a67df937","sessionTicket":"2505db61-6a4c-4132-aad1-090c3955ac5c","queryParams":{},"requestBody":{},"statusCode":200}
{"tsServer":1775706038097,"method":"POST","path":"/api/ticketing/1/hold/seat","userId":"49e7bc75-7bcb-44d9-ab8e-8d71a67df937","sessionTicket":"2505db61-6a4c-4132-aad1-090c3955ac5c","queryParams":{},"requestBody":{"scheduledSeatIds":[3401]},"statusCode":200}
{"tsServer":1775706042152,"method":"POST","path":"/api/bookings","userId":"49e7bc75-7bcb-44d9-ab8e-8d71a67df937","sessionTicket":null,"queryParams":{},"requestBody":{"seatIds":[3401]},"statusCode":200}
{"tsServer":1775706042770,"method":"POST","path":"/api/bookings/R20260409490B1F/payment-ready","userId":"49e7bc75-7bcb-44d9-ab8e-8d71a67df937","sessionTicket":null,"queryParams":{},"requestBody":{"name":"테스트봇","birthDate":"20000101","email":"eogus4717@gmail.com","phone":"01062971082"},"statusCode":200}
{"tsServer":1775706049662,"method":"POST","path":"/api/payments/confirm","userId":"49e7bc75-7bcb-44d9-ab8e-8d71a67df937","sessionTicket":null,"queryParams":{},"requestBody":{"paymentKey":"tviva20260409124043yPD24","orderId":"R20260409490B1F","amount":142000},"statusCode":400}
{"tsServer":1775706049705,"method":"POST","path":"/api/auth/reissue","userId":"49e7bc75-7bcb-44d9-ab8e-8d71a67df937","sessionTicket":null,"queryParams":{},"requestBody":{},"statusCode":200}
{"tsServer":1775706049762,"method":"GET","path":"/api/auth/me","userId":"49e7bc75-7bcb-44d9-ab8e-8d71a67df937","sessionTicket":null,"queryParams":{},"requestBody":{},"statusCode":200}
{"tsServer":1775706057376,"method":"POST","path":"/api/auth/login","userId":null,"sessionTicket":null,"queryParams":{},"requestBody":{"email":"eogus4717@gmail.com","password":"alclsalcls1!"},"statusCode":200}
{"tsServer":1775706057544,"method":"GET","path":"/api/auth/me","userId":"49e7bc75-7bcb-44d9-ab8e-8d71a67df937","sessionTicket":null,"queryParams":{},"requestBody":{},"statusCode":200}
{"tsServer":1775706057623,"method":"GET","path":"/api/musical/home/promotions","userId":"49e7bc75-7bcb-44d9-ab8e-8d71a67df937","sessionTicket":null,"queryParams":{},"requestBody":{},"statusCode":200}
{"tsServer":1775706057628,"method":"GET","path":"/api/musical/home/banners","userId":"49e7bc75-7bcb-44d9-ab8e-8d71a67df937","sessionTicket":null,"queryParams":{},"requestBody":{},"statusCode":200}
{"tsServer":1775706057623,"method":"GET","path":"/api/musical/home/shows","userId":"49e7bc75-7bcb-44d9-ab8e-8d71a67df937","sessionTicket":null,"queryParams":{"order":"DAILY_BOOKING","region":"ALL","page":"1","size":"12"},"requestBody":{},"statusCode":200}
{"tsServer":1775706057989,"method":"POST","path":"/api/auth/reissue","userId":"49e7bc75-7bcb-44d9-ab8e-8d71a67df937","sessionTicket":null,"queryParams":{},"requestBody":{},"statusCode":200}
{"tsServer":1775706058032,"method":"GET","path":"/api/musical/reviews/1/meta","userId":"49e7bc75-7bcb-44d9-ab8e-8d71a67df937","sessionTicket":null,"queryParams":{},"requestBody":{},"statusCode":200}
{"tsServer":1775706058039,"method":"GET","path":"/api/auth/me","userId":"49e7bc75-7bcb-44d9-ab8e-8d71a67df937","sessionTicket":null,"queryParams":{},"requestBody":{},"statusCode":200}
{"tsServer":1775706058037,"method":"GET","path":"/api/musical/shows/1/casting-schedules","userId":"49e7bc75-7bcb-44d9-ab8e-8d71a67df937","sessionTicket":null,"queryParams":{},"requestBody":{},"statusCode":200}
{"tsServer":1775706061192,"method":"POST","path":"/api/queue/1/enter","userId":"49e7bc75-7bcb-44d9-ab8e-8d71a67df937","sessionTicket":null,"queryParams":{},"requestBody":{},"statusCode":200}
{"tsServer":1775706061223,"method":"GET","path":"/api/queue/1/status","userId":"49e7bc75-7bcb-44d9-ab8e-8d71a67df937","sessionTicket":null,"queryParams":{},"requestBody":{},"statusCode":200}
{"tsServer":1775706062751,"method":"GET","path":"/api/queue/1/status","userId":"49e7bc75-7bcb-44d9-ab8e-8d71a67df937","sessionTicket":null,"queryParams":{},"requestBody":{},"statusCode":200}
{"tsServer":1775706063306,"method":"POST","path":"/api/ticketing/1/enter","userId":"49e7bc75-7bcb-44d9-ab8e-8d71a67df937","sessionTicket":null,"queryParams":{},"requestBody":{},"statusCode":200}
{"tsServer":1775706063336,"method":"GET","path":"/api/ticketing/1","userId":"49e7bc75-7bcb-44d9-ab8e-8d71a67df937","sessionTicket":"353c890e-dfaf-44da-a263-46d3bf6c150a","queryParams":{},"requestBody":{},"statusCode":200}
{"tsServer":1775706067836,"method":"POST","path":"/api/ticketing/1/hold/seat","userId":"49e7bc75-7bcb-44d9-ab8e-8d71a67df937","sessionTicket":"353c890e-dfaf-44da-a263-46d3bf6c150a","queryParams":{},"requestBody":{"scheduledSeatIds":[3396]},"statusCode":200}
{"tsServer":1775706071951,"method":"POST","path":"/api/bookings","userId":"49e7bc75-7bcb-44d9-ab8e-8d71a67df937","sessionTicket":null,"queryParams":{},"requestBody":{"seatIds":[3396]},"statusCode":200}
{"tsServer":1775706072570,"method":"POST","path":"/api/bookings/R202604097E222B/payment-ready","userId":"49e7bc75-7bcb-44d9-ab8e-8d71a67df937","sessionTicket":null,"queryParams":{},"requestBody":{"name":"테스트봇","birthDate":"20000101","email":"eogus4717@gmail.com","phone":"01062971082"},"statusCode":200}
{"tsServer":1775706079471,"method":"POST","path":"/api/payments/confirm","userId":"49e7bc75-7bcb-44d9-ab8e-8d71a67df937","sessionTicket":null,"queryParams":{},"requestBody":{"paymentKey":"tviva20260409124113rEFj1","orderId":"R202604097E222B","amount":142000},"statusCode":400}
{"tsServer":1775706079475,"method":"POST","path":"/api/auth/reissue","userId":"49e7bc75-7bcb-44d9-ab8e-8d71a67df937","sessionTicket":null,"queryParams":{},"requestBody":{},"statusCode":200}
{"tsServer":1775706079529,"method":"GET","path":"/api/auth/me","userId":"49e7bc75-7bcb-44d9-ab8e-8d71a67df937","sessionTicket":null,"queryParams":{},"requestBody":{},"statusCode":200}
{"tsServer":1775706087479,"method":"POST","path":"/api/auth/login","userId":null,"sessionTicket":null,"queryParams":{},"requestBody":{"email":"eogus4717@gmail.com","password":"alclsalcls1!"},"statusCode":200}
{"tsServer":1775706087634,"method":"GET","path":"/api/auth/me","userId":"49e7bc75-7bcb-44d9-ab8e-8d71a67df937","sessionTicket":null,"queryParams":{},"requestBody":{},"statusCode":200}
{"tsServer":1775706087707,"method":"GET","path":"/api/musical/home/promotions","userId":"49e7bc75-7bcb-44d9-ab8e-8d71a67df937","sessionTicket":null,"queryParams":{},"requestBody":{},"statusCode":200}
{"tsServer":1775706087705,"method":"GET","path":"/api/musical/home/shows","userId":"49e7bc75-7bcb-44d9-ab8e-8d71a67df937","sessionTicket":null,"queryParams":{"order":"DAILY_BOOKING","region":"ALL","page":"1","size":"12"},"requestBody":{},"statusCode":200}
{"tsServer":1775706087709,"method":"GET","path":"/api/musical/home/banners","userId":"49e7bc75-7bcb-44d9-ab8e-8d71a67df937","sessionTicket":null,"queryParams":{},"requestBody":{},"statusCode":200}
{"tsServer":1775706088319,"method":"POST","path":"/api/auth/reissue","userId":"49e7bc75-7bcb-44d9-ab8e-8d71a67df937","sessionTicket":null,"queryParams":{},"requestBody":{},"statusCode":200}
{"tsServer":1775706088341,"method":"GET","path":"/api/musical/reviews/1/meta","userId":"49e7bc75-7bcb-44d9-ab8e-8d71a67df937","sessionTicket":null,"queryParams":{},"requestBody":{},"statusCode":200}
{"tsServer":1775706088353,"method":"GET","path":"/api/auth/me","userId":"49e7bc75-7bcb-44d9-ab8e-8d71a67df937","sessionTicket":null,"queryParams":{},"requestBody":{},"statusCode":200}
{"tsServer":1775706088344,"method":"GET","path":"/api/musical/shows/1/casting-schedules","userId":"49e7bc75-7bcb-44d9-ab8e-8d71a67df937","sessionTicket":null,"queryParams":{},"requestBody":{},"statusCode":200}
{"tsServer":1775706091517,"method":"POST","path":"/api/queue/1/enter","userId":"49e7bc75-7bcb-44d9-ab8e-8d71a67df937","sessionTicket":null,"queryParams":{},"requestBody":{},"statusCode":200}
{"tsServer":1775706091548,"method":"GET","path":"/api/queue/1/status","userId":"49e7bc75-7bcb-44d9-ab8e-8d71a67df937","sessionTicket":null,"queryParams":{},"requestBody":{},"statusCode":200}
{"tsServer":1775706093076,"method":"GET","path":"/api/queue/1/status","userId":"49e7bc75-7bcb-44d9-ab8e-8d71a67df937","sessionTicket":null,"queryParams":{},"requestBody":{},"statusCode":200}
{"tsServer":1775706093638,"method":"POST","path":"/api/ticketing/1/enter","userId":"49e7bc75-7bcb-44d9-ab8e-8d71a67df937","sessionTicket":null,"queryParams":{},"requestBody":{},"statusCode":200}
{"tsServer":1775706093672,"method":"GET","path":"/api/ticketing/1","userId":"49e7bc75-7bcb-44d9-ab8e-8d71a67df937","sessionTicket":"590409a1-fda7-4db1-8299-7e7be4c77701","queryParams":{},"requestBody":{},"statusCode":200}
{"tsServer":1775706094044,"method":"POST","path":"/api/ticketing/1/hold/seat","userId":"49e7bc75-7bcb-44d9-ab8e-8d71a67df937","sessionTicket":"590409a1-fda7-4db1-8299-7e7be4c77701","queryParams":{},"requestBody":{"scheduledSeatIds":[3497]},"statusCode":200}
{"tsServer":1775706097867,"method":"POST","path":"/api/bookings","userId":"49e7bc75-7bcb-44d9-ab8e-8d71a67df937","sessionTicket":null,"queryParams":{},"requestBody":{"seatIds":[3497]},"statusCode":200}
{"tsServer":1775706098668,"method":"POST","path":"/api/bookings/R20260409B94446/payment-ready","userId":"49e7bc75-7bcb-44d9-ab8e-8d71a67df937","sessionTicket":null,"queryParams":{},"requestBody":{"name":"테스트봇","birthDate":"20000101","email":"eogus4717@gmail.com","phone":"01062971082"},"statusCode":200}
{"tsServer":1775706105429,"method":"POST","path":"/api/payments/confirm","userId":"49e7bc75-7bcb-44d9-ab8e-8d71a67df937","sessionTicket":null,"queryParams":{},"requestBody":{"paymentKey":"tviva20260409124139sEvm4","orderId":"R20260409B94446","amount":142000},"statusCode":400}
{"tsServer":1775706105434,"method":"POST","path":"/api/auth/reissue","userId":"49e7bc75-7bcb-44d9-ab8e-8d71a67df937","sessionTicket":null,"queryParams":{},"requestBody":{},"statusCode":200}
{"tsServer":1775706105512,"method":"GET","path":"/api/auth/me","userId":"49e7bc75-7bcb-44d9-ab8e-8d71a67df937","sessionTicket":null,"queryParams":{},"requestBody":{},"statusCode":200}
{"tsServer":1775706112913,"method":"POST","path":"/api/auth/login","userId":null,"sessionTicket":null,"queryParams":{},"requestBody":{"email":"eogus4717@gmail.com","password":"alclsalcls1!"},"statusCode":200}
{"tsServer":1775706113071,"method":"GET","path":"/api/auth/me","userId":"49e7bc75-7bcb-44d9-ab8e-8d71a67df937","sessionTicket":null,"queryParams":{},"requestBody":{},"statusCode":200}
{"tsServer":1775706113141,"method":"GET","path":"/api/musical/home/promotions","userId":"49e7bc75-7bcb-44d9-ab8e-8d71a67df937","sessionTicket":null,"queryParams":{},"requestBody":{},"statusCode":200}
{"tsServer":1775706113143,"method":"GET","path":"/api/musical/home/shows","userId":"49e7bc75-7bcb-44d9-ab8e-8d71a67df937","sessionTicket":null,"queryParams":{"order":"DAILY_BOOKING","region":"ALL","page":"1","size":"12"},"requestBody":{},"statusCode":200}
{"tsServer":1775706113143,"method":"GET","path":"/api/musical/home/banners","userId":"49e7bc75-7bcb-44d9-ab8e-8d71a67df937","sessionTicket":null,"queryParams":{},"requestBody":{},"statusCode":200}
{"tsServer":1775706113668,"method":"POST","path":"/api/auth/reissue","userId":"49e7bc75-7bcb-44d9-ab8e-8d71a67df937","sessionTicket":null,"queryParams":{},"requestBody":{},"statusCode":200}
{"tsServer":1775706113702,"method":"GET","path":"/api/musical/reviews/1/meta","userId":"49e7bc75-7bcb-44d9-ab8e-8d71a67df937","sessionTicket":null,"queryParams":{},"requestBody":{},"statusCode":200}
{"tsServer":1775706113713,"method":"GET","path":"/api/auth/me","userId":"49e7bc75-7bcb-44d9-ab8e-8d71a67df937","sessionTicket":null,"queryParams":{},"requestBody":{},"statusCode":200}
{"tsServer":1775706113699,"method":"GET","path":"/api/musical/shows/1/casting-schedules","userId":"49e7bc75-7bcb-44d9-ab8e-8d71a67df937","sessionTicket":null,"queryParams":{},"requestBody":{},"statusCode":200}
{"tsServer":1775706117473,"method":"POST","path":"/api/queue/1/enter","userId":"49e7bc75-7bcb-44d9-ab8e-8d71a67df937","sessionTicket":null,"queryParams":{},"requestBody":{},"statusCode":200}
{"tsServer":1775706117501,"method":"GET","path":"/api/queue/1/status","userId":"49e7bc75-7bcb-44d9-ab8e-8d71a67df937","sessionTicket":null,"queryParams":{},"requestBody":{},"statusCode":200}
{"tsServer":1775706119029,"method":"GET","path":"/api/queue/1/status","userId":"49e7bc75-7bcb-44d9-ab8e-8d71a67df937","sessionTicket":null,"queryParams":{},"requestBody":{},"statusCode":200}
{"tsServer":1775706119736,"method":"POST","path":"/api/ticketing/1/enter","userId":"49e7bc75-7bcb-44d9-ab8e-8d71a67df937","sessionTicket":null,"queryParams":{},"requestBody":{},"statusCode":200}
{"tsServer":1775706119762,"method":"GET","path":"/api/ticketing/1","userId":"49e7bc75-7bcb-44d9-ab8e-8d71a67df937","sessionTicket":"acec1ca5-7ecd-4b09-8178-ef2627b5c3f2","queryParams":{},"requestBody":{},"statusCode":200}
{"tsServer":1775706120180,"method":"POST","path":"/api/ticketing/1/hold/seat","userId":"49e7bc75-7bcb-44d9-ab8e-8d71a67df937","sessionTicket":"acec1ca5-7ecd-4b09-8178-ef2627b5c3f2","queryParams":{},"requestBody":{"scheduledSeatIds":[3486]},"statusCode":200}
{"tsServer":1775706124315,"method":"POST","path":"/api/bookings","userId":"49e7bc75-7bcb-44d9-ab8e-8d71a67df937","sessionTicket":null,"queryParams":{},"requestBody":{"seatIds":[3486]},"statusCode":200}
