{"tsServer":1775706287563,"method":"POST","path":"/api/ticketing/1/enter","userId":"49e7bc75-7bcb-44d9-ab8e-8d71a67df937","sessionTicket":null,"queryParams":{},"requestBody":{},"statusCode":200}
{"tsServer":1775706287614,"method":"GET","path":"/api/ticketing/1","userId":"49e7bc75-7bcb-44d9-ab8e-8d71a67df937","sessionTicket":"039ef649-da66-4b22-afd9-7e67dcc311b6","queryParams":{},"requestBody":{},"statusCode":200}
{"tsServer":1775706288859,"method":"POST","path":"/api/ticketing/1/hold/seat","userId":"49e7bc75-7bcb-44d9-ab8e-8d71a67df937","sessionTicket":"039ef649-da66-4b22-afd9-7e67dcc311b6","queryParams":{},"requestBody":{"scheduledSeatIds":[3523]},"statusCode":200}
{"tsServer":1775706292914,"method":"POST","path":"/api/bookings","userId":"49e7bc75-7bcb-44d9-ab8e-8d71a67df937","sessionTicket":null,"queryParams":{},"requestBody":{"seatIds":[3523]},"statusCode":200}
{"tsServer":1775706293463,"method":"POST","path":"/api/bookings/R20260409AA87C5/payment-ready","userId":"49e7bc75-7bcb-44d9-ab8e-8d71a67df937","sessionTicket":null,"queryParams":{},"requestBody":{"name":"테스트봇","birthDate":"20000101","email":"eogus4717@gmail.com","phone":"01062971082"},"statusCode":200}
{"tsServer":1775706300389,"method":"POST","path":"/api/payments/confirm","userId":"49e7bc75-7bcb-44d9-ab8e-8d71a67df937","sessionTicket":null,"queryParams":{},"requestBody":{"paymentKey":"tviva20260409124454w76n3","orderId":"R20260409AA87C5","amount":142000},"statusCode":400}
{"tsServer":1775706300388,"method":"POST","path":"/api/auth/reissue","userId":"49e7bc75-7bcb-44d9-ab8e-8d71a67df937","sessionTicket":null,"queryParams":{},"requestBody":{},"statusCode":200}
{"tsServer":1775706300460,"method":"GET","path":"/api/auth/me","userId":"49e7bc75-7bcb-44d9-ab8e-8d71a67df937","sessionTicket":null,"queryParams":{},"requestBody":{},"statusCode":200}
{"tsServer":1775706308999,"method":"POST","path":"/api/auth/login","userId":null,"sessionTicket":null,"queryParams":{},"requestBody":{"email":"eogus4717@gmail.com","password":"alclsalcls1!"},"statusCode":200}
{"tsServer":1775706309195,"method":"GET","path":"/api/auth/me","userId":"49e7bc75-7bcb-44d9-ab8e-8d71a67df937","sessionTicket":null,"queryParams":{},"requestBody":{},"statusCode":200}
{"tsServer":1775706309284,"method":"GET","path":"/api/musical/home/promotions","userId":"49e7bc75-7bcb-44d9-ab8e-8d71a67df937","sessionTicket":null,"queryParams":{},"requestBody":{},"statusCode":200}
{"tsServer":1775706309294,"method":"GET","path":"/api/musical/home/shows","userId":"49e7bc75-7bcb-44d9-ab8e-8d71a67df937","sessionTicket":null,"queryParams":{"order":"DAILY_BOOKING","region":"ALL","page":"1","size":"12"},"requestBody":{},"statusCode":200}
{"tsServer":1775706309297,"method":"GET","path":"/api/musical/home/banners","userId":"49e7bc75-7bcb-44d9-ab8e-8d71a67df937","sessionTicket":null,"queryParams":{},"requestBody":{},"statusCode":200}
{"tsServer":1775706309908,"method":"POST","path":"/api/auth/reissue","userId":"49e7bc75-7bcb-44d9-ab8e-8d71a67df937","sessionTicket":null,"queryParams":{},"requestBody":{},"statusCode":200}
{"tsServer":1775706309940,"method":"GET","path":"/api/musical/reviews/1/meta","userId":"49e7bc75-7bcb-44d9-ab8e-8d71a67df937","sessionTicket":null,"queryParams":{},"requestBody":{},"statusCode":200}
{"tsServer":1775706309953,"method":"GET","path":"/api/auth/me","userId":"49e7bc75-7bcb-44d9-ab8e-8d71a67df937","sessionTicket":null,"queryParams":{},"requestBody":{},"statusCode":200}
{"tsServer":1775706309940,"method":"GET","path":"/api/musical/shows/1/casting-schedules","userId":"49e7bc75-7bcb-44d9-ab8e-8d71a67df937","sessionTicket":null,"queryParams":{},"requestBody":{},"statusCode":200}
{"tsServer":1775706313580,"method":"POST","path":"/api/queue/1/enter","userId":"49e7bc75-7bcb-44d9-ab8e-8d71a67df937","sessionTicket":null,"queryParams":{},"requestBody":{},"statusCode":200}
{"tsServer":1775706313608,"method":"GET","path":"/api/queue/1/status","userId":"49e7bc75-7bcb-44d9-ab8e-8d71a67df937","sessionTicket":null,"queryParams":{},"requestBody":{},"statusCode":200}
{"tsServer":1775706315148,"method":"GET","path":"/api/queue/1/status","userId":"49e7bc75-7bcb-44d9-ab8e-8d71a67df937","sessionTicket":null,"queryParams":{},"requestBody":{},"statusCode":200}
{"tsServer":1775706315895,"method":"POST","path":"/api/ticketing/1/enter","userId":"49e7bc75-7bcb-44d9-ab8e-8d71a67df937","sessionTicket":null,"queryParams":{},"requestBody":{},"statusCode":200}
{"tsServer":1775706315924,"method":"GET","path":"/api/ticketing/1","userId":"49e7bc75-7bcb-44d9-ab8e-8d71a67df937","sessionTicket":"7835dcdc-f2bd-4e6d-9f73-cd809af7a2d2","queryParams":{},"requestBody":{},"statusCode":200}
{"tsServer":1775706323922,"method":"POST","path":"/api/ticketing/1/hold/seat","userId":"49e7bc75-7bcb-44d9-ab8e-8d71a67df937","sessionTicket":"7835dcdc-f2bd-4e6d-9f73-cd809af7a2d2","queryParams":{},"requestBody":{"scheduledSeatIds":[3573]},"statusCode":200}
{"tsServer":1775706327943,"method":"POST","path":"/api/bookings","userId":"49e7bc75-7bcb-44d9-ab8e-8d71a67df937","sessionTicket":null,"queryParams":{},"requestBody":{"seatIds":[3573]},"statusCode":200}
{"tsServer":1775706328495,"method":"POST","path":"/api/bookings/R20260409BBFBD8/payment-ready","userId":"49e7bc75-7bcb-44d9-ab8e-8d71a67df937","sessionTicket":null,"queryParams":{},"requestBody":{"name":"테스트봇","birthDate":"20000101","email":"eogus4717@gmail.com","phone":"01062971082"},"statusCode":200}
{"tsServer":1775706335395,"method":"POST","path":"/api/auth/reissue","userId":"49e7bc75-7bcb-44d9-ab8e-8d71a67df937","sessionTicket":null,"queryParams":{},"requestBody":{},"statusCode":200}
{"tsServer":1775706335396,"method":"POST","path":"/api/payments/confirm","userId":"49e7bc75-7bcb-44d9-ab8e-8d71a67df937","sessionTicket":null,"queryParams":{},"requestBody":{"paymentKey":"tviva20260409124528AuO88","orderId":"R20260409BBFBD8","amount":142000},"statusCode":400}
{"tsServer":1775706335442,"method":"GET","path":"/api/auth/me","userId":"49e7bc75-7bcb-44d9-ab8e-8d71a67df937","sessionTicket":null,"queryParams":{},"requestBody":{},"statusCode":200}
{"tsServer":1775706342997,"method":"POST","path":"/api/auth/login","userId":null,"sessionTicket":null,"queryParams":{},"requestBody":{"email":"eogus4717@gmail.com","password":"alclsalcls1!"},"statusCode":200}
{"tsServer":1775706343131,"method":"GET","path":"/api/auth/me","userId":"49e7bc75-7bcb-44d9-ab8e-8d71a67df937","sessionTicket":null,"queryParams":{},"requestBody":{},"statusCode":200}
{"tsServer":1775706343197,"method":"GET","path":"/api/musical/home/banners","userId":"49e7bc75-7bcb-44d9-ab8e-8d71a67df937","sessionTicket":null,"queryParams":{},"requestBody":{},"statusCode":200}
{"tsServer":1775706343202,"method":"GET","path":"/api/musical/home/promotions","userId":"49e7bc75-7bcb-44d9-ab8e-8d71a67df937","sessionTicket":null,"queryParams":{},"requestBody":{},"statusCode":200}
{"tsServer":1775706343198,"method":"GET","path":"/api/musical/home/shows","userId":"49e7bc75-7bcb-44d9-ab8e-8d71a67df937","sessionTicket":null,"queryParams":{"order":"DAILY_BOOKING","region":"ALL","page":"1","size":"12"},"requestBody":{},"statusCode":200}
{"tsServer":1775706343708,"method":"POST","path":"/api/auth/reissue","userId":"49e7bc75-7bcb-44d9-ab8e-8d71a67df937","sessionTicket":null,"queryParams":{},"requestBody":{},"statusCode":200}
{"tsServer":1775706343757,"method":"GET","path":"/api/musical/reviews/1/meta","userId":"49e7bc75-7bcb-44d9-ab8e-8d71a67df937","sessionTicket":null,"queryParams":{},"requestBody":{},"statusCode":200}
{"tsServer":1775706343788,"method":"GET","path":"/api/auth/me","userId":"49e7bc75-7bcb-44d9-ab8e-8d71a67df937","sessionTicket":null,"queryParams":{},"requestBody":{},"statusCode":200}
{"tsServer":1775706343754,"method":"GET","path":"/api/musical/shows/1/casting-schedules","userId":"49e7bc75-7bcb-44d9-ab8e-8d71a67df937","sessionTicket":null,"queryParams":{},"requestBody":{},"statusCode":200}
{"tsServer":1775706346791,"method":"POST","path":"/api/queue/1/enter","userId":"49e7bc75-7bcb-44d9-ab8e-8d71a67df937","sessionTicket":null,"queryParams":{},"requestBody":{},"statusCode":200}
{"tsServer":1775706346818,"method":"GET","path":"/api/queue/1/status","userId":"49e7bc75-7bcb-44d9-ab8e-8d71a67df937","sessionTicket":null,"queryParams":{},"requestBody":{},"statusCode":200}
{"tsServer":1775706348350,"method":"GET","path":"/api/queue/1/status","userId":"49e7bc75-7bcb-44d9-ab8e-8d71a67df937","sessionTicket":null,"queryParams":{},"requestBody":{},"statusCode":200}
{"tsServer":1775706348906,"method":"POST","path":"/api/ticketing/1/enter","userId":"49e7bc75-7bcb-44d9-ab8e-8d71a67df937","sessionTicket":null,"queryParams":{},"requestBody":{},"statusCode":200}
{"tsServer":1775706348936,"method":"GET","path":"/api/ticketing/1","userId":"49e7bc75-7bcb-44d9-ab8e-8d71a67df937","sessionTicket":"a691fe67-481b-463d-bb24-d2584fa147f5","queryParams":{},"requestBody":{},"statusCode":200}
{"tsServer":1775706351147,"method":"POST","path":"/api/ticketing/1/hold/seat","userId":"49e7bc75-7bcb-44d9-ab8e-8d71a67df937","sessionTicket":"a691fe67-481b-463d-bb24-d2584fa147f5","queryParams":{},"requestBody":{"scheduledSeatIds":[3257]},"statusCode":200}
{"tsServer":1775706355230,"method":"POST","path":"/api/bookings","userId":"49e7bc75-7bcb-44d9-ab8e-8d71a67df937","sessionTicket":null,"queryParams":{},"requestBody":{"seatIds":[3257]},"statusCode":200}
{"tsServer":1775706355976,"method":"POST","path":"/api/bookings/R202604098465C0/payment-ready","userId":"49e7bc75-7bcb-44d9-ab8e-8d71a67df937","sessionTicket":null,"queryParams":{},"requestBody":{"name":"테스트봇","birthDate":"20000101","email":"eogus4717@gmail.com","phone":"01062971082"},"statusCode":200}
{"tsServer":1775706362799,"method":"POST","path":"/api/auth/reissue","userId":"49e7bc75-7bcb-44d9-ab8e-8d71a67df937","sessionTicket":null,"queryParams":{},"requestBody":{},"statusCode":200}
{"tsServer":1775706362792,"method":"POST","path":"/api/payments/confirm","userId":"49e7bc75-7bcb-44d9-ab8e-8d71a67df937","sessionTicket":null,"queryParams":{},"requestBody":{"paymentKey":"tviva20260409124556vmHG6","orderId":"R202604098465C0","amount":142000},"statusCode":400}
{"tsServer":1775706362840,"method":"GET","path":"/api/auth/me","userId":"49e7bc75-7bcb-44d9-ab8e-8d71a67df937","sessionTicket":null,"queryParams":{},"requestBody":{},"statusCode":200}
{"tsServer":1775706370833,"method":"POST","path":"/api/auth/login","userId":null,"sessionTicket":null,"queryParams":{},"requestBody":{"email":"eogus4717@gmail.com","password":"alclsalcls1!"},"statusCode":200}
{"tsServer":1775706370969,"method":"GET","path":"/api/auth/me","userId":"49e7bc75-7bcb-44d9-ab8e-8d71a67df937","sessionTicket":null,"queryParams":{},"requestBody":{},"statusCode":200}
{"tsServer":1775706371060,"method":"GET","path":"/api/musical/home/banners","userId":"49e7bc75-7bcb-44d9-ab8e-8d71a67df937","sessionTicket":null,"queryParams":{},"requestBody":{},"statusCode":200}
{"tsServer":1775706371060,"method":"GET","path":"/api/musical/home/shows","userId":"49e7bc75-7bcb-44d9-ab8e-8d71a67df937","sessionTicket":null,"queryParams":{"order":"DAILY_BOOKING","region":"ALL","page":"1","size":"12"},"requestBody":{},"statusCode":200}
{"tsServer":1775706371079,"method":"GET","path":"/api/musical/home/promotions","userId":"49e7bc75-7bcb-44d9-ab8e-8d71a67df937","sessionTicket":null,"queryParams":{},"requestBody":{},"statusCode":200}
{"tsServer":1775706371552,"method":"POST","path":"/api/auth/reissue","userId":"49e7bc75-7bcb-44d9-ab8e-8d71a67df937","sessionTicket":null,"queryParams":{},"requestBody":{},"statusCode":200}
{"tsServer":1775706371593,"method":"GET","path":"/api/musical/reviews/1/meta","userId":"49e7bc75-7bcb-44d9-ab8e-8d71a67df937","sessionTicket":null,"queryParams":{},"requestBody":{},"statusCode":200}
{"tsServer":1775706371601,"method":"GET","path":"/api/auth/me","userId":"49e7bc75-7bcb-44d9-ab8e-8d71a67df937","sessionTicket":null,"queryParams":{},"requestBody":{},"statusCode":200}
{"tsServer":1775706371590,"method":"GET","path":"/api/musical/shows/1/casting-schedules","userId":"49e7bc75-7bcb-44d9-ab8e-8d71a67df937","sessionTicket":null,"queryParams":{},"requestBody":{},"statusCode":200}
{"tsServer":1775706375270,"method":"POST","path":"/api/queue/1/enter","userId":"49e7bc75-7bcb-44d9-ab8e-8d71a67df937","sessionTicket":null,"queryParams":{},"requestBody":{},"statusCode":200}
{"tsServer":1775706375300,"method":"GET","path":"/api/queue/1/status","userId":"49e7bc75-7bcb-44d9-ab8e-8d71a67df937","sessionTicket":null,"queryParams":{},"requestBody":{},"statusCode":200}
{"tsServer":1775706376822,"method":"GET","path":"/api/queue/1/status","userId":"49e7bc75-7bcb-44d9-ab8e-8d71a67df937","sessionTicket":null,"queryParams":{},"requestBody":{},"statusCode":200}
{"tsServer":1775706377374,"method":"POST","path":"/api/ticketing/1/enter","userId":"49e7bc75-7bcb-44d9-ab8e-8d71a67df937","sessionTicket":null,"queryParams":{},"requestBody":{},"statusCode":200}
{"tsServer":1775706377402,"method":"GET","path":"/api/ticketing/1","userId":"49e7bc75-7bcb-44d9-ab8e-8d71a67df937","sessionTicket":"7d10c864-fd6c-4604-8ed6-596f9047d742","queryParams":{},"requestBody":{},"statusCode":200}
{"tsServer":1775706378235,"method":"POST","path":"/api/ticketing/1/hold/seat","userId":"49e7bc75-7bcb-44d9-ab8e-8d71a67df937","sessionTicket":"7d10c864-fd6c-4604-8ed6-596f9047d742","queryParams":{},"requestBody":{"scheduledSeatIds":[3310]},"statusCode":200}
{"tsServer":1775706382147,"method":"POST","path":"/api/bookings","userId":"49e7bc75-7bcb-44d9-ab8e-8d71a67df937","sessionTicket":null,"queryParams":{},"requestBody":{"seatIds":[3310]},"statusCode":200}
{"tsServer":1775706382659,"method":"POST","path":"/api/bookings/R20260409BDCBD4/payment-ready","userId":"49e7bc75-7bcb-44d9-ab8e-8d71a67df937","sessionTicket":null,"queryParams":{},"requestBody":{"name":"테스트봇","birthDate":"20000101","email":"eogus4717@gmail.com","phone":"01062971082"},"statusCode":200}
{"tsServer":1775706389673,"method":"POST","path":"/api/auth/reissue","userId":"49e7bc75-7bcb-44d9-ab8e-8d71a67df937","sessionTicket":null,"queryParams":{},"requestBody":{},"statusCode":200}
{"tsServer":1775706389675,"method":"POST","path":"/api/payments/confirm","userId":"49e7bc75-7bcb-44d9-ab8e-8d71a67df937","sessionTicket":null,"queryParams":{},"requestBody":{"paymentKey":"tviva20260409124623uIcX9","orderId":"R20260409BDCBD4","amount":142000},"statusCode":400}
{"tsServer":1775706389723,"method":"GET","path":"/api/auth/me","userId":"49e7bc75-7bcb-44d9-ab8e-8d71a67df937","sessionTicket":null,"queryParams":{},"requestBody":{},"statusCode":200}
{"tsServer":1775706396987,"method":"POST","path":"/api/auth/login","userId":null,"sessionTicket":null,"queryParams":{},"requestBody":{"email":"eogus4717@gmail.com","password":"alclsalcls1!"},"statusCode":200}
{"tsServer":1775706397123,"method":"GET","path":"/api/auth/me","userId":"49e7bc75-7bcb-44d9-ab8e-8d71a67df937","sessionTicket":null,"queryParams":{},"requestBody":{},"statusCode":200}
{"tsServer":1775706397192,"method":"GET","path":"/api/musical/home/banners","userId":"49e7bc75-7bcb-44d9-ab8e-8d71a67df937","sessionTicket":null,"queryParams":{},"requestBody":{},"statusCode":200}
{"tsServer":1775706397191,"method":"GET","path":"/api/musical/home/shows","userId":"49e7bc75-7bcb-44d9-ab8e-8d71a67df937","sessionTicket":null,"queryParams":{"order":"DAILY_BOOKING","region":"ALL","page":"1","size":"12"},"requestBody":{},"statusCode":200}
{"tsServer":1775706397324,"method":"GET","path":"/api/musical/home/promotions","userId":"49e7bc75-7bcb-44d9-ab8e-8d71a67df937","sessionTicket":null,"queryParams":{},"requestBody":{},"statusCode":200}
{"tsServer":1775706397793,"method":"POST","path":"/api/auth/reissue","userId":"49e7bc75-7bcb-44d9-ab8e-8d71a67df937","sessionTicket":null,"queryParams":{},"requestBody":{},"statusCode":200}
{"tsServer":1775706397839,"method":"GET","path":"/api/musical/reviews/1/meta","userId":"49e7bc75-7bcb-44d9-ab8e-8d71a67df937","sessionTicket":null,"queryParams":{},"requestBody":{},"statusCode":200}
{"tsServer":1775706397846,"method":"GET","path":"/api/auth/me","userId":"49e7bc75-7bcb-44d9-ab8e-8d71a67df937","sessionTicket":null,"queryParams":{},"requestBody":{},"statusCode":200}
{"tsServer":1775706397844,"method":"GET","path":"/api/musical/shows/1/casting-schedules","userId":"49e7bc75-7bcb-44d9-ab8e-8d71a67df937","sessionTicket":null,"queryParams":{},"requestBody":{},"statusCode":200}
{"tsServer":1775706400817,"method":"POST","path":"/api/queue/1/enter","userId":"49e7bc75-7bcb-44d9-ab8e-8d71a67df937","sessionTicket":null,"queryParams":{},"requestBody":{},"statusCode":200}
{"tsServer":1775706400844,"method":"GET","path":"/api/queue/1/status","userId":"49e7bc75-7bcb-44d9-ab8e-8d71a67df937","sessionTicket":null,"queryParams":{},"requestBody":{},"statusCode":200}
{"tsServer":1775706402370,"method":"GET","path":"/api/queue/1/status","userId":"49e7bc75-7bcb-44d9-ab8e-8d71a67df937","sessionTicket":null,"queryParams":{},"requestBody":{},"statusCode":200}
{"tsServer":1775706403037,"method":"POST","path":"/api/ticketing/1/enter","userId":"49e7bc75-7bcb-44d9-ab8e-8d71a67df937","sessionTicket":null,"queryParams":{},"requestBody":{},"statusCode":200}
{"tsServer":1775706403067,"method":"GET","path":"/api/ticketing/1","userId":"49e7bc75-7bcb-44d9-ab8e-8d71a67df937","sessionTicket":"27368776-881e-47fb-a7f0-379b1e840afa","queryParams":{},"requestBody":{},"statusCode":200}
{"tsServer":1775706404187,"method":"POST","path":"/api/ticketing/1/hold/seat","userId":"49e7bc75-7bcb-44d9-ab8e-8d71a67df937","sessionTicket":"27368776-881e-47fb-a7f0-379b1e840afa","queryParams":{},"requestBody":{"scheduledSeatIds":[3187]},"statusCode":200}
{"tsServer":1775706408117,"method":"POST","path":"/api/bookings","userId":"49e7bc75-7bcb-44d9-ab8e-8d71a67df937","sessionTicket":null,"queryParams":{},"requestBody":{"seatIds":[3187]},"statusCode":200}
{"tsServer":1775706408632,"method":"POST","path":"/api/bookings/R20260409988F9B/payment-ready","userId":"49e7bc75-7bcb-44d9-ab8e-8d71a67df937","sessionTicket":null,"queryParams":{},"requestBody":{"name":"테스트봇","birthDate":"20000101","email":"eogus4717@gmail.com","phone":"01062971082"},"statusCode":200}
{"tsServer":1775706415568,"method":"POST","path":"/api/auth/reissue","userId":"49e7bc75-7bcb-44d9-ab8e-8d71a67df937","sessionTicket":null,"queryParams":{},"requestBody":{},"statusCode":200}
{"tsServer":1775706415563,"method":"POST","path":"/api/payments/confirm","userId":"49e7bc75-7bcb-44d9-ab8e-8d71a67df937","sessionTicket":null,"queryParams":{},"requestBody":{"paymentKey":"tviva20260409124649xwv11","orderId":"R20260409988F9B","amount":142000},"statusCode":400}
{"tsServer":1775706415609,"method":"GET","path":"/api/auth/me","userId":"49e7bc75-7bcb-44d9-ab8e-8d71a67df937","sessionTicket":null,"queryParams":{},"requestBody":{},"statusCode":200}
{"tsServer":1775706423241,"method":"POST","path":"/api/auth/login","userId":null,"sessionTicket":null,"queryParams":{},"requestBody":{"email":"eogus4717@gmail.com","password":"alclsalcls1!"},"statusCode":200}
{"tsServer":1775706423386,"method":"GET","path":"/api/auth/me","userId":"49e7bc75-7bcb-44d9-ab8e-8d71a67df937","sessionTicket":null,"queryParams":{},"requestBody":{},"statusCode":200}
{"tsServer":1775706423446,"method":"GET","path":"/api/musical/home/banners","userId":"49e7bc75-7bcb-44d9-ab8e-8d71a67df937","sessionTicket":null,"queryParams":{},"requestBody":{},"statusCode":200}
{"tsServer":1775706423448,"method":"GET","path":"/api/musical/home/promotions","userId":"49e7bc75-7bcb-44d9-ab8e-8d71a67df937","sessionTicket":null,"queryParams":{},"requestBody":{},"statusCode":200}
{"tsServer":1775706423450,"method":"GET","path":"/api/musical/home/shows","userId":"49e7bc75-7bcb-44d9-ab8e-8d71a67df937","sessionTicket":null,"queryParams":{"order":"DAILY_BOOKING","region":"ALL","page":"1","size":"12"},"requestBody":{},"statusCode":200}
{"tsServer":1775706424205,"method":"POST","path":"/api/auth/reissue","userId":"49e7bc75-7bcb-44d9-ab8e-8d71a67df937","sessionTicket":null,"queryParams":{},"requestBody":{},"statusCode":200}
{"tsServer":1775706424253,"method":"GET","path":"/api/musical/reviews/1/meta","userId":"49e7bc75-7bcb-44d9-ab8e-8d71a67df937","sessionTicket":null,"queryParams":{},"requestBody":{},"statusCode":200}
{"tsServer":1775706424259,"method":"GET","path":"/api/auth/me","userId":"49e7bc75-7bcb-44d9-ab8e-8d71a67df937","sessionTicket":null,"queryParams":{},"requestBody":{},"statusCode":200}
{"tsServer":1775706424253,"method":"GET","path":"/api/musical/shows/1/casting-schedules","userId":"49e7bc75-7bcb-44d9-ab8e-8d71a67df937","sessionTicket":null,"queryParams":{},"requestBody":{},"statusCode":200}
{"tsServer":1775706427836,"method":"POST","path":"/api/queue/1/enter","userId":"49e7bc75-7bcb-44d9-ab8e-8d71a67df937","sessionTicket":null,"queryParams":{},"requestBody":{},"statusCode":200}
{"tsServer":1775706427864,"method":"GET","path":"/api/queue/1/status","userId":"49e7bc75-7bcb-44d9-ab8e-8d71a67df937","sessionTicket":null,"queryParams":{},"requestBody":{},"statusCode":200}
{"tsServer":1775706429396,"method":"GET","path":"/api/queue/1/status","userId":"49e7bc75-7bcb-44d9-ab8e-8d71a67df937","sessionTicket":null,"queryParams":{},"requestBody":{},"statusCode":200}
