{"tsServer":1775713025846,"method":"POST","path":"/api/auth/reissue","userId":"64683eca-4333-477f-ba2d-c63566162d5a","sessionTicket":null,"queryParams":{},"requestBody":{},"statusCode":200}
{"tsServer":1775713025860,"method":"POST","path":"/api/payments/confirm","userId":"64683eca-4333-477f-ba2d-c63566162d5a","sessionTicket":null,"queryParams":{},"requestBody":{"paymentKey":"tviva20260409143653phah5","orderId":"R2026040916D644","amount":142000},"statusCode":400}
{"tsServer":1775713025874,"method":"GET","path":"/api/auth/me","userId":"64683eca-4333-477f-ba2d-c63566162d5a","sessionTicket":null,"queryParams":{},"requestBody":{},"statusCode":200}
{"tsServer":1775713037182,"method":"POST","path":"/api/auth/login","userId":null,"sessionTicket":null,"queryParams":{},"requestBody":{"email":"test@test.com","password":"test"},"statusCode":200}
{"tsServer":1775713037313,"method":"GET","path":"/api/auth/me","userId":"64683eca-4333-477f-ba2d-c63566162d5a","sessionTicket":null,"queryParams":{},"requestBody":{},"statusCode":200}
{"tsServer":1775713037396,"method":"GET","path":"/api/musical/home/promotions","userId":"64683eca-4333-477f-ba2d-c63566162d5a","sessionTicket":null,"queryParams":{},"requestBody":{},"statusCode":200}
{"tsServer":1775713037394,"method":"GET","path":"/api/musical/home/shows","userId":"64683eca-4333-477f-ba2d-c63566162d5a","sessionTicket":null,"queryParams":{"order":"DAILY_BOOKING","region":"ALL","page":"1","size":"12"},"requestBody":{},"statusCode":200}
{"tsServer":1775713037400,"method":"GET","path":"/api/musical/home/banners","userId":"64683eca-4333-477f-ba2d-c63566162d5a","sessionTicket":null,"queryParams":{},"requestBody":{},"statusCode":200}
{"tsServer":1775713037803,"method":"POST","path":"/api/auth/reissue","userId":"64683eca-4333-477f-ba2d-c63566162d5a","sessionTicket":null,"queryParams":{},"requestBody":{},"statusCode":200}
{"tsServer":1775713037847,"method":"GET","path":"/api/musical/reviews/1/meta","userId":"64683eca-4333-477f-ba2d-c63566162d5a","sessionTicket":null,"queryParams":{},"requestBody":{},"statusCode":200}
{"tsServer":1775713037855,"method":"GET","path":"/api/auth/me","userId":"64683eca-4333-477f-ba2d-c63566162d5a","sessionTicket":null,"queryParams":{},"requestBody":{},"statusCode":200}
{"tsServer":1775713037850,"method":"GET","path":"/api/musical/shows/1/casting-schedules","userId":"64683eca-4333-477f-ba2d-c63566162d5a","sessionTicket":null,"queryParams":{"from":"2026-04-09","to":"2026-04-09","page":"0","size":"100"},"requestBody":{},"statusCode":200}
{"tsServer":1775713045716,"method":"POST","path":"/api/queue/1/enter","userId":"64683eca-4333-477f-ba2d-c63566162d5a","sessionTicket":null,"queryParams":{},"requestBody":{},"statusCode":200}
{"tsServer":1775713045752,"method":"GET","path":"/api/queue/1/status","userId":"64683eca-4333-477f-ba2d-c63566162d5a","sessionTicket":null,"queryParams":{},"requestBody":{},"statusCode":200}
{"tsServer":1775713047277,"method":"GET","path":"/api/queue/1/status","userId":"64683eca-4333-477f-ba2d-c63566162d5a","sessionTicket":null,"queryParams":{},"requestBody":{},"statusCode":200}
{"tsServer":1775713047826,"method":"POST","path":"/api/ticketing/1/enter","userId":"64683eca-4333-477f-ba2d-c63566162d5a","sessionTicket":null,"queryParams":{},"requestBody":{},"statusCode":200}
{"tsServer":1775713047853,"method":"GET","path":"/api/ticketing/1","userId":"64683eca-4333-477f-ba2d-c63566162d5a","sessionTicket":"fa2fb832-8701-452f-9ef1-f297a9832f39","queryParams":{},"requestBody":{},"statusCode":200}
{"tsServer":1775713054156,"method":"POST","path":"/api/ticketing/1/hold/seat","userId":"64683eca-4333-477f-ba2d-c63566162d5a","sessionTicket":"fa2fb832-8701-452f-9ef1-f297a9832f39","queryParams":{},"requestBody":{"scheduledSeatIds":[3448]},"statusCode":200}
{"tsServer":1775713057635,"method":"POST","path":"/api/auth/login","userId":null,"sessionTicket":null,"queryParams":{},"requestBody":{"email":"test@test.com","password":"test"},"statusCode":200}
{"tsServer":1775713057768,"method":"GET","path":"/api/auth/me","userId":"64683eca-4333-477f-ba2d-c63566162d5a","sessionTicket":null,"queryParams":{},"requestBody":{},"statusCode":200}
{"tsServer":1775713057834,"method":"GET","path":"/api/musical/home/banners","userId":"64683eca-4333-477f-ba2d-c63566162d5a","sessionTicket":null,"queryParams":{},"requestBody":{},"statusCode":200}
{"tsServer":1775713057839,"method":"GET","path":"/api/musical/home/promotions","userId":"64683eca-4333-477f-ba2d-c63566162d5a","sessionTicket":null,"queryParams":{},"requestBody":{},"statusCode":200}
{"tsServer":1775713057835,"method":"GET","path":"/api/musical/home/shows","userId":"64683eca-4333-477f-ba2d-c63566162d5a","sessionTicket":null,"queryParams":{"order":"DAILY_BOOKING","region":"ALL","page":"1","size":"12"},"requestBody":{},"statusCode":200}
{"tsServer":1775713064322,"method":"GET","path":"/api/musical/search","userId":"64683eca-4333-477f-ba2d-c63566162d5a","sessionTicket":null,"queryParams":{"keyword":"킹키부츠","artistOffset":"0","artistLimit":"20","showOffset":"0","showLimit":"20"},"requestBody":{},"statusCode":200}
{"tsServer":1775713065717,"method":"GET","path":"/api/musical/reviews/1/meta","userId":"64683eca-4333-477f-ba2d-c63566162d5a","sessionTicket":null,"queryParams":{},"requestBody":{},"statusCode":200}
{"tsServer":1775713065702,"method":"GET","path":"/api/musical/shows/1/casting-schedules","userId":"64683eca-4333-477f-ba2d-c63566162d5a","sessionTicket":null,"queryParams":{"from":"2026-04-09","to":"2026-04-09","page":"0","size":"100"},"requestBody":{},"statusCode":200}
{"tsServer":1775713069156,"method":"POST","path":"/api/queue/1/enter","userId":"64683eca-4333-477f-ba2d-c63566162d5a","sessionTicket":null,"queryParams":{},"requestBody":{},"statusCode":200}
{"tsServer":1775713069188,"method":"GET","path":"/api/queue/1/status","userId":"64683eca-4333-477f-ba2d-c63566162d5a","sessionTicket":null,"queryParams":{},"requestBody":{},"statusCode":200}
{"tsServer":1775713070714,"method":"GET","path":"/api/queue/1/status","userId":"64683eca-4333-477f-ba2d-c63566162d5a","sessionTicket":null,"queryParams":{},"requestBody":{},"statusCode":200}
{"tsServer":1775713071419,"method":"POST","path":"/api/ticketing/1/enter","userId":"64683eca-4333-477f-ba2d-c63566162d5a","sessionTicket":null,"queryParams":{},"requestBody":{},"statusCode":200}
{"tsServer":1775713071459,"method":"GET","path":"/api/ticketing/1","userId":"64683eca-4333-477f-ba2d-c63566162d5a","sessionTicket":"ae7c4fe3-46d9-45f9-9c13-701d5bcfe6a1","queryParams":{},"requestBody":{},"statusCode":200}
{"tsServer":1775713092009,"method":"POST","path":"/api/bookings","userId":"64683eca-4333-477f-ba2d-c63566162d5a","sessionTicket":null,"queryParams":{},"requestBody":{"seatIds":[3448]},"statusCode":200}
{"tsServer":1775713092505,"method":"POST","path":"/api/bookings/R2026040926FAEE/payment-ready","userId":"64683eca-4333-477f-ba2d-c63566162d5a","sessionTicket":null,"queryParams":{},"requestBody":{"name":"테스트봇","birthDate":"20000101","email":"test@test.com","phone":"01062971082"},"statusCode":200}
{"tsServer":1775713116840,"method":"POST","path":"/api/auth/reissue","userId":"64683eca-4333-477f-ba2d-c63566162d5a","sessionTicket":null,"queryParams":{},"requestBody":{},"statusCode":200}
{"tsServer":1775713116840,"method":"POST","path":"/api/payments/confirm","userId":"64683eca-4333-477f-ba2d-c63566162d5a","sessionTicket":null,"queryParams":{},"requestBody":{"paymentKey":"tviva20260409143813wf2s2","orderId":"R2026040926FAEE","amount":142000},"statusCode":400}
{"tsServer":1775713116872,"method":"GET","path":"/api/auth/me","userId":"64683eca-4333-477f-ba2d-c63566162d5a","sessionTicket":null,"queryParams":{},"requestBody":{},"statusCode":200}
{"tsServer":1775713129238,"method":"POST","path":"/api/auth/login","userId":null,"sessionTicket":null,"queryParams":{},"requestBody":{"email":"test@test.com","password":"test"},"statusCode":200}
{"tsServer":1775713129365,"method":"GET","path":"/api/auth/me","userId":"64683eca-4333-477f-ba2d-c63566162d5a","sessionTicket":null,"queryParams":{},"requestBody":{},"statusCode":200}
{"tsServer":1775713129432,"method":"GET","path":"/api/musical/home/promotions","userId":"64683eca-4333-477f-ba2d-c63566162d5a","sessionTicket":null,"queryParams":{},"requestBody":{},"statusCode":200}
{"tsServer":1775713129431,"method":"GET","path":"/api/musical/home/shows","userId":"64683eca-4333-477f-ba2d-c63566162d5a","sessionTicket":null,"queryParams":{"order":"DAILY_BOOKING","region":"ALL","page":"1","size":"12"},"requestBody":{},"statusCode":200}
{"tsServer":1775713129436,"method":"GET","path":"/api/musical/home/banners","userId":"64683eca-4333-477f-ba2d-c63566162d5a","sessionTicket":null,"queryParams":{},"requestBody":{},"statusCode":200}
{"tsServer":1775713130117,"method":"POST","path":"/api/auth/reissue","userId":"64683eca-4333-477f-ba2d-c63566162d5a","sessionTicket":null,"queryParams":{},"requestBody":{},"statusCode":200}
{"tsServer":1775713130164,"method":"GET","path":"/api/auth/me","userId":"64683eca-4333-477f-ba2d-c63566162d5a","sessionTicket":null,"queryParams":{},"requestBody":{},"statusCode":200}
{"tsServer":1775713130201,"method":"GET","path":"/api/musical/reviews/1/meta","userId":"64683eca-4333-477f-ba2d-c63566162d5a","sessionTicket":null,"queryParams":{},"requestBody":{},"statusCode":200}
{"tsServer":1775713130166,"method":"GET","path":"/api/musical/shows/1/casting-schedules","userId":"64683eca-4333-477f-ba2d-c63566162d5a","sessionTicket":null,"queryParams":{"from":"2026-04-09","to":"2026-04-09","page":"0","size":"100"},"requestBody":{},"statusCode":200}
{"tsServer":1775713138578,"method":"POST","path":"/api/queue/1/enter","userId":"64683eca-4333-477f-ba2d-c63566162d5a","sessionTicket":null,"queryParams":{},"requestBody":{},"statusCode":200}
{"tsServer":1775713138613,"method":"GET","path":"/api/queue/1/status","userId":"64683eca-4333-477f-ba2d-c63566162d5a","sessionTicket":null,"queryParams":{},"requestBody":{},"statusCode":200}
{"tsServer":1775713140135,"method":"GET","path":"/api/queue/1/status","userId":"64683eca-4333-477f-ba2d-c63566162d5a","sessionTicket":null,"queryParams":{},"requestBody":{},"statusCode":200}
{"tsServer":1775713140863,"method":"POST","path":"/api/ticketing/1/enter","userId":"64683eca-4333-477f-ba2d-c63566162d5a","sessionTicket":null,"queryParams":{},"requestBody":{},"statusCode":200}
{"tsServer":1775713140887,"method":"GET","path":"/api/ticketing/1","userId":"64683eca-4333-477f-ba2d-c63566162d5a","sessionTicket":"dabf13c3-7778-4ba8-8e04-c7f44728cde7","queryParams":{},"requestBody":{},"statusCode":200}
{"tsServer":1775713157191,"method":"POST","path":"/api/ticketing/1/hold/seat","userId":"64683eca-4333-477f-ba2d-c63566162d5a","sessionTicket":"dabf13c3-7778-4ba8-8e04-c7f44728cde7","queryParams":{},"requestBody":{"scheduledSeatIds":[3622]},"statusCode":200}
{"tsServer":1775713185507,"method":"POST","path":"/api/bookings","userId":"64683eca-4333-477f-ba2d-c63566162d5a","sessionTicket":null,"queryParams":{},"requestBody":{"seatIds":[3622]},"statusCode":200}
{"tsServer":1775713186000,"method":"POST","path":"/api/bookings/R20260409A77B3C/payment-ready","userId":"64683eca-4333-477f-ba2d-c63566162d5a","sessionTicket":null,"queryParams":{},"requestBody":{"name":"테스트봇","birthDate":"20000101","email":"test@test.com","phone":"01062971082"},"statusCode":200}
{"tsServer":1775713193389,"method":"POST","path":"/api/ticketing/1/enter","userId":"64683eca-4333-477f-ba2d-c63566162d5a","sessionTicket":null,"queryParams":{},"requestBody":{},"statusCode":400}
{"tsServer":1775713195393,"method":"GET","path":"/api/musical/reviews/1/meta","userId":"64683eca-4333-477f-ba2d-c63566162d5a","sessionTicket":null,"queryParams":{},"requestBody":{},"statusCode":200}
{"tsServer":1775713204716,"method":"POST","path":"/api/auth/reissue","userId":"64683eca-4333-477f-ba2d-c63566162d5a","sessionTicket":null,"queryParams":{},"requestBody":{},"statusCode":200}
{"tsServer":1775713204711,"method":"POST","path":"/api/payments/confirm","userId":"64683eca-4333-477f-ba2d-c63566162d5a","sessionTicket":null,"queryParams":{},"requestBody":{"paymentKey":"tviva20260409143946wf931","orderId":"R20260409A77B3C","amount":142000},"statusCode":400}
{"tsServer":1775713204755,"method":"GET","path":"/api/auth/me","userId":"64683eca-4333-477f-ba2d-c63566162d5a","sessionTicket":null,"queryParams":{},"requestBody":{},"statusCode":200}
{"tsServer":1775713206460,"method":"POST","path":"/api/queue/1/enter","userId":"64683eca-4333-477f-ba2d-c63566162d5a","sessionTicket":null,"queryParams":{},"requestBody":{},"statusCode":200}
{"tsServer":1775713206504,"method":"GET","path":"/api/queue/1/status","userId":"64683eca-4333-477f-ba2d-c63566162d5a","sessionTicket":null,"queryParams":{},"requestBody":{},"statusCode":200}
{"tsServer":1775713206719,"method":"POST","path":"/api/ticketing/1/enter","userId":"64683eca-4333-477f-ba2d-c63566162d5a","sessionTicket":null,"queryParams":{},"requestBody":{},"statusCode":400}
{"tsServer":1775713215976,"method":"POST","path":"/api/auth/login","userId":null,"sessionTicket":null,"queryParams":{},"requestBody":{"email":"test@test.com","password":"test"},"statusCode":200}
{"tsServer":1775713216106,"method":"GET","path":"/api/auth/me","userId":"64683eca-4333-477f-ba2d-c63566162d5a","sessionTicket":null,"queryParams":{},"requestBody":{},"statusCode":200}
{"tsServer":1775713216173,"method":"GET","path":"/api/musical/home/promotions","userId":"64683eca-4333-477f-ba2d-c63566162d5a","sessionTicket":null,"queryParams":{},"requestBody":{},"statusCode":200}
{"tsServer":1775713216173,"method":"GET","path":"/api/musical/home/banners","userId":"64683eca-4333-477f-ba2d-c63566162d5a","sessionTicket":null,"queryParams":{},"requestBody":{},"statusCode":200}
{"tsServer":1775713216175,"method":"GET","path":"/api/musical/home/shows","userId":"64683eca-4333-477f-ba2d-c63566162d5a","sessionTicket":null,"queryParams":{"order":"DAILY_BOOKING","region":"ALL","page":"1","size":"12"},"requestBody":{},"statusCode":200}
{"tsServer":1775713216517,"method":"POST","path":"/api/auth/reissue","userId":"64683eca-4333-477f-ba2d-c63566162d5a","sessionTicket":null,"queryParams":{},"requestBody":{},"statusCode":200}
{"tsServer":1775713216560,"method":"GET","path":"/api/musical/reviews/1/meta","userId":"64683eca-4333-477f-ba2d-c63566162d5a","sessionTicket":null,"queryParams":{},"requestBody":{},"statusCode":200}
{"tsServer":1775713216569,"method":"GET","path":"/api/auth/me","userId":"64683eca-4333-477f-ba2d-c63566162d5a","sessionTicket":null,"queryParams":{},"requestBody":{},"statusCode":200}
{"tsServer":1775713216567,"method":"GET","path":"/api/musical/shows/1/casting-schedules","userId":"64683eca-4333-477f-ba2d-c63566162d5a","sessionTicket":null,"queryParams":{"from":"2026-04-09","to":"2026-04-09","page":"0","size":"100"},"requestBody":{},"statusCode":200}
{"tsServer":1775713224359,"method":"POST","path":"/api/queue/1/enter","userId":"64683eca-4333-477f-ba2d-c63566162d5a","sessionTicket":null,"queryParams":{},"requestBody":{},"statusCode":200}
{"tsServer":1775713224396,"method":"GET","path":"/api/queue/1/status","userId":"64683eca-4333-477f-ba2d-c63566162d5a","sessionTicket":null,"queryParams":{},"requestBody":{},"statusCode":200}
{"tsServer":1775713224965,"method":"POST","path":"/api/ticketing/1/enter","userId":"64683eca-4333-477f-ba2d-c63566162d5a","sessionTicket":null,"queryParams":{},"requestBody":{},"statusCode":200}
{"tsServer":1775713224993,"method":"GET","path":"/api/ticketing/1","userId":"64683eca-4333-477f-ba2d-c63566162d5a","sessionTicket":"54ceec61-f445-41d7-82e9-6bba05276e07","queryParams":{},"requestBody":{},"statusCode":200}
{"tsServer":1775713244788,"method":"POST","path":"/api/ticketing/1/hold/seat","userId":"64683eca-4333-477f-ba2d-c63566162d5a","sessionTicket":"54ceec61-f445-41d7-82e9-6bba05276e07","queryParams":{},"requestBody":{"scheduledSeatIds":[3500]},"statusCode":200}
{"tsServer":1775713271940,"method":"POST","path":"/api/bookings","userId":"64683eca-4333-477f-ba2d-c63566162d5a","sessionTicket":null,"queryParams":{},"requestBody":{"seatIds":[3500]},"statusCode":200}
{"tsServer":1775713272471,"method":"POST","path":"/api/bookings/R202604091305F8/payment-ready","userId":"64683eca-4333-477f-ba2d-c63566162d5a","sessionTicket":null,"queryParams":{},"requestBody":{"name":"테스트봇","birthDate":"20000101","email":"test@test.com","phone":"01062971082"},"statusCode":200}
{"tsServer":1775713292884,"method":"POST","path":"/api/auth/reissue","userId":"64683eca-4333-477f-ba2d-c63566162d5a","sessionTicket":null,"queryParams":{},"requestBody":{},"statusCode":200}
{"tsServer":1775713292913,"method":"GET","path":"/api/auth/me","userId":"64683eca-4333-477f-ba2d-c63566162d5a","sessionTicket":null,"queryParams":{},"requestBody":{},"statusCode":200}
{"tsServer":1775713292918,"method":"POST","path":"/api/payments/confirm","userId":"64683eca-4333-477f-ba2d-c63566162d5a","sessionTicket":null,"queryParams":{},"requestBody":{"paymentKey":"tviva20260409144113xEAx5","orderId":"R202604091305F8","amount":142000},"statusCode":400}
{"tsServer":1775713305166,"method":"POST","path":"/api/auth/login","userId":null,"sessionTicket":null,"queryParams":{},"requestBody":{"email":"test@test.com","password":"test"},"statusCode":200}
{"tsServer":1775713305316,"method":"GET","path":"/api/auth/me","userId":"64683eca-4333-477f-ba2d-c63566162d5a","sessionTicket":null,"queryParams":{},"requestBody":{},"statusCode":200}
{"tsServer":1775713305393,"method":"GET","path":"/api/musical/home/promotions","userId":"64683eca-4333-477f-ba2d-c63566162d5a","sessionTicket":null,"queryParams":{},"requestBody":{},"statusCode":200}
{"tsServer":1775713305395,"method":"GET","path":"/api/musical/home/shows","userId":"64683eca-4333-477f-ba2d-c63566162d5a","sessionTicket":null,"queryParams":{"order":"DAILY_BOOKING","region":"ALL","page":"1","size":"12"},"requestBody":{},"statusCode":200}
{"tsServer":1775713305395,"method":"GET","path":"/api/musical/home/banners","userId":"64683eca-4333-477f-ba2d-c63566162d5a","sessionTicket":null,"queryParams":{},"requestBody":{},"statusCode":200}
{"tsServer":1775713305853,"method":"POST","path":"/api/auth/reissue","userId":"64683eca-4333-477f-ba2d-c63566162d5a","sessionTicket":null,"queryParams":{},"requestBody":{},"statusCode":200}
{"tsServer":1775713305900,"method":"GET","path":"/api/musical/reviews/1/meta","userId":"64683eca-4333-477f-ba2d-c63566162d5a","sessionTicket":null,"queryParams":{},"requestBody":{},"statusCode":200}
{"tsServer":1775713305909,"method":"GET","path":"/api/auth/me","userId":"64683eca-4333-477f-ba2d-c63566162d5a","sessionTicket":null,"queryParams":{},"requestBody":{},"statusCode":200}
{"tsServer":1775713305900,"method":"GET","path":"/api/musical/shows/1/casting-schedules","userId":"64683eca-4333-477f-ba2d-c63566162d5a","sessionTicket":null,"queryParams":{"from":"2026-04-09","to":"2026-04-09","page":"0","size":"100"},"requestBody":{},"statusCode":200}
{"tsServer":1775713314224,"method":"POST","path":"/api/queue/1/enter","userId":"64683eca-4333-477f-ba2d-c63566162d5a","sessionTicket":null,"queryParams":{},"requestBody":{},"statusCode":200}
{"tsServer":1775713314257,"method":"GET","path":"/api/queue/1/status","userId":"64683eca-4333-477f-ba2d-c63566162d5a","sessionTicket":null,"queryParams":{},"requestBody":{},"statusCode":200}
{"tsServer":1775713315786,"method":"GET","path":"/api/queue/1/status","userId":"64683eca-4333-477f-ba2d-c63566162d5a","sessionTicket":null,"queryParams":{},"requestBody":{},"statusCode":200}
{"tsServer":1775713316337,"method":"POST","path":"/api/ticketing/1/enter","userId":"64683eca-4333-477f-ba2d-c63566162d5a","sessionTicket":null,"queryParams":{},"requestBody":{},"statusCode":200}
{"tsServer":1775713316365,"method":"GET","path":"/api/ticketing/1","userId":"64683eca-4333-477f-ba2d-c63566162d5a","sessionTicket":"c534b9da-6b03-4300-a8ad-471574e458cf","queryParams":{},"requestBody":{},"statusCode":200}
{"tsServer":1775713346574,"method":"POST","path":"/api/auth/login","userId":null,"sessionTicket":null,"queryParams":{},"requestBody":{"email":"test@test.com","password":"test"},"statusCode":200}
{"tsServer":1775713346702,"method":"GET","path":"/api/auth/me","userId":"64683eca-4333-477f-ba2d-c63566162d5a","sessionTicket":null,"queryParams":{},"requestBody":{},"statusCode":200}
{"tsServer":1775713346779,"method":"GET","path":"/api/musical/home/promotions","userId":"64683eca-4333-477f-ba2d-c63566162d5a","sessionTicket":null,"queryParams":{},"requestBody":{},"statusCode":200}
{"tsServer":1775713346781,"method":"GET","path":"/api/musical/home/banners","userId":"64683eca-4333-477f-ba2d-c63566162d5a","sessionTicket":null,"queryParams":{},"requestBody":{},"statusCode":200}
{"tsServer":1775713346780,"method":"GET","path":"/api/musical/home/shows","userId":"64683eca-4333-477f-ba2d-c63566162d5a","sessionTicket":null,"queryParams":{"order":"DAILY_BOOKING","region":"ALL","page":"1","size":"12"},"requestBody":{},"statusCode":200}
{"tsServer":1775713347464,"method":"POST","path":"/api/auth/reissue","userId":"64683eca-4333-477f-ba2d-c63566162d5a","sessionTicket":null,"queryParams":{},"requestBody":{},"statusCode":200}
{"tsServer":1775713347515,"method":"GET","path":"/api/musical/reviews/1/meta","userId":"64683eca-4333-477f-ba2d-c63566162d5a","sessionTicket":null,"queryParams":{},"requestBody":{},"statusCode":200}
{"tsServer":1775713347525,"method":"GET","path":"/api/auth/me","userId":"64683eca-4333-477f-ba2d-c63566162d5a","sessionTicket":null,"queryParams":{},"requestBody":{},"statusCode":200}
{"tsServer":1775713347514,"method":"GET","path":"/api/musical/shows/1/casting-schedules","userId":"64683eca-4333-477f-ba2d-c63566162d5a","sessionTicket":null,"queryParams":{"from":"2026-04-09","to":"2026-04-09","page":"0","size":"100"},"requestBody":{},"statusCode":200}
{"tsServer":1775713356308,"method":"POST","path":"/api/queue/1/enter","userId":"64683eca-4333-477f-ba2d-c63566162d5a","sessionTicket":null,"queryParams":{},"requestBody":{},"statusCode":200}
{"tsServer":1775713356357,"method":"GET","path":"/api/queue/1/status","userId":"64683eca-4333-477f-ba2d-c63566162d5a","sessionTicket":null,"queryParams":{},"requestBody":{},"statusCode":200}
{"tsServer":1775713357988,"method":"GET","path":"/api/queue/1/status","userId":"64683eca-4333-477f-ba2d-c63566162d5a","sessionTicket":null,"queryParams":{},"requestBody":{},"statusCode":200}
{"tsServer":1775713358581,"method":"POST","path":"/api/ticketing/1/enter","userId":"64683eca-4333-477f-ba2d-c63566162d5a","sessionTicket":null,"queryParams":{},"requestBody":{},"statusCode":200}
{"tsServer":1775713358603,"method":"GET","path":"/api/ticketing/1","userId":"64683eca-4333-477f-ba2d-c63566162d5a","sessionTicket":"4fef35b6-4bf0-47fa-b82e-4eead223cfa0","queryParams":{},"requestBody":{},"statusCode":200}
{"tsServer":1775713366724,"method":"POST","path":"/api/ticketing/1/hold/seat","userId":"64683eca-4333-477f-ba2d-c63566162d5a","sessionTicket":"4fef35b6-4bf0-47fa-b82e-4eead223cfa0","queryParams":{},"requestBody":{"scheduledSeatIds":[3125]},"statusCode":200}
{"tsServer":1775713404766,"method":"POST","path":"/api/bookings","userId":"64683eca-4333-477f-ba2d-c63566162d5a","sessionTicket":null,"queryParams":{},"requestBody":{"seatIds":[3125]},"statusCode":200}
{"tsServer":1775713405310,"method":"POST","path":"/api/bookings/R2026040964BDA0/payment-ready","userId":"64683eca-4333-477f-ba2d-c63566162d5a","sessionTicket":null,"queryParams":{},"requestBody":{"name":"테스트봇","birthDate":"20000101","email":"test@test.com","phone":"01062971082"},"statusCode":200}
{"tsServer":1775713422018,"method":"POST","path":"/api/payments/confirm","userId":"64683eca-4333-477f-ba2d-c63566162d5a","sessionTicket":null,"queryParams":{},"requestBody":{"paymentKey":"tviva20260409144325vuXs6","orderId":"R2026040964BDA0","amount":172000},"statusCode":400}
{"tsServer":1775713422026,"method":"POST","path":"/api/auth/reissue","userId":"64683eca-4333-477f-ba2d-c63566162d5a","sessionTicket":null,"queryParams":{},"requestBody":{},"statusCode":200}
{"tsServer":1775713422063,"method":"GET","path":"/api/auth/me","userId":"64683eca-4333-477f-ba2d-c63566162d5a","sessionTicket":null,"queryParams":{},"requestBody":{},"statusCode":200}
{"tsServer":1775713432285,"method":"POST","path":"/api/auth/login","userId":null,"sessionTicket":null,"queryParams":{},"requestBody":{"email":"test@test.com","password":"test"},"statusCode":200}
{"tsServer":1775713432417,"method":"GET","path":"/api/auth/me","userId":"64683eca-4333-477f-ba2d-c63566162d5a","sessionTicket":null,"queryParams":{},"requestBody":{},"statusCode":200}
{"tsServer":1775713432512,"method":"GET","path":"/api/musical/home/banners","userId":"64683eca-4333-477f-ba2d-c63566162d5a","sessionTicket":null,"queryParams":{},"requestBody":{},"statusCode":200}
{"tsServer":1775713432515,"method":"GET","path":"/api/musical/home/promotions","userId":"64683eca-4333-477f-ba2d-c63566162d5a","sessionTicket":null,"queryParams":{},"requestBody":{},"statusCode":200}
{"tsServer":1775713432522,"method":"GET","path":"/api/musical/home/shows","userId":"64683eca-4333-477f-ba2d-c63566162d5a","sessionTicket":null,"queryParams":{"order":"DAILY_BOOKING","region":"ALL","page":"1","size":"12"},"requestBody":{},"statusCode":200}
{"tsServer":1775713433209,"method":"POST","path":"/api/auth/reissue","userId":"64683eca-4333-477f-ba2d-c63566162d5a","sessionTicket":null,"queryParams":{},"requestBody":{},"statusCode":200}
{"tsServer":1775713433249,"method":"GET","path":"/api/auth/me","userId":"64683eca-4333-477f-ba2d-c63566162d5a","sessionTicket":null,"queryParams":{},"requestBody":{},"statusCode":200}
{"tsServer":1775713433252,"method":"GET","path":"/api/musical/reviews/1/meta","userId":"64683eca-4333-477f-ba2d-c63566162d5a","sessionTicket":null,"queryParams":{},"requestBody":{},"statusCode":200}
{"tsServer":1775713433246,"method":"GET","path":"/api/musical/shows/1/casting-schedules","userId":"64683eca-4333-477f-ba2d-c63566162d5a","sessionTicket":null,"queryParams":{"from":"2026-04-09","to":"2026-04-09","page":"0","size":"100"},"requestBody":{},"statusCode":200}
{"tsServer":1775713441636,"method":"POST","path":"/api/queue/1/enter","userId":"64683eca-4333-477f-ba2d-c63566162d5a","sessionTicket":null,"queryParams":{},"requestBody":{},"statusCode":200}
{"tsServer":1775713441666,"method":"GET","path":"/api/queue/1/status","userId":"64683eca-4333-477f-ba2d-c63566162d5a","sessionTicket":null,"queryParams":{},"requestBody":{},"statusCode":200}
{"tsServer":1775713443193,"method":"GET","path":"/api/queue/1/status","userId":"64683eca-4333-477f-ba2d-c63566162d5a","sessionTicket":null,"queryParams":{},"requestBody":{},"statusCode":200}
{"tsServer":1775713443749,"method":"POST","path":"/api/ticketing/1/enter","userId":"64683eca-4333-477f-ba2d-c63566162d5a","sessionTicket":null,"queryParams":{},"requestBody":{},"statusCode":200}
{"tsServer":1775713443776,"method":"GET","path":"/api/ticketing/1","userId":"64683eca-4333-477f-ba2d-c63566162d5a","sessionTicket":"6ff51005-309e-4b9c-b247-cb9a39ec1cd8","queryParams":{},"requestBody":{},"statusCode":200}
{"tsServer":1775713451420,"method":"POST","path":"/api/ticketing/1/hold/seat","userId":"64683eca-4333-477f-ba2d-c63566162d5a","sessionTicket":"6ff51005-309e-4b9c-b247-cb9a39ec1cd8","queryParams":{},"requestBody":{"scheduledSeatIds":[3427]},"statusCode":200}
{"tsServer":1775713486944,"method":"POST","path":"/api/bookings","userId":"64683eca-4333-477f-ba2d-c63566162d5a","sessionTicket":null,"queryParams":{},"requestBody":{"seatIds":[3427]},"statusCode":200}
{"tsServer":1775713487447,"method":"POST","path":"/api/bookings/R20260409EBB577/payment-ready","userId":"64683eca-4333-477f-ba2d-c63566162d5a","sessionTicket":null,"queryParams":{},"requestBody":{"name":"테스트봇","birthDate":"20000101","email":"test@test.com","phone":"01062971082"},"statusCode":200}
{"tsServer":1775713511253,"method":"POST","path":"/api/auth/reissue","userId":"64683eca-4333-477f-ba2d-c63566162d5a","sessionTicket":null,"queryParams":{},"requestBody":{},"statusCode":200}
{"tsServer":1775713511249,"method":"POST","path":"/api/payments/confirm","userId":"64683eca-4333-477f-ba2d-c63566162d5a","sessionTicket":null,"queryParams":{},"requestBody":{"paymentKey":"tviva20260409144447vv3b1","orderId":"R20260409EBB577","amount":142000},"statusCode":400}
{"tsServer":1775713511297,"method":"GET","path":"/api/auth/me","userId":"64683eca-4333-477f-ba2d-c63566162d5a","sessionTicket":null,"queryParams":{},"requestBody":{},"statusCode":200}
{"tsServer":1775713523134,"method":"POST","path":"/api/auth/login","userId":null,"sessionTicket":null,"queryParams":{},"requestBody":{"email":"test@test.com","password":"test"},"statusCode":200}
{"tsServer":1775713523276,"method":"GET","path":"/api/auth/me","userId":"64683eca-4333-477f-ba2d-c63566162d5a","sessionTicket":null,"queryParams":{},"requestBody":{},"statusCode":200}
{"tsServer":1775713523366,"method":"GET","path":"/api/musical/home/promotions","userId":"64683eca-4333-477f-ba2d-c63566162d5a","sessionTicket":null,"queryParams":{},"requestBody":{},"statusCode":200}
{"tsServer":1775713523373,"method":"GET","path":"/api/musical/home/banners","userId":"64683eca-4333-477f-ba2d-c63566162d5a","sessionTicket":null,"queryParams":{},"requestBody":{},"statusCode":200}
{"tsServer":1775713523369,"method":"GET","path":"/api/musical/home/shows","userId":"64683eca-4333-477f-ba2d-c63566162d5a","sessionTicket":null,"queryParams":{"order":"DAILY_BOOKING","region":"ALL","page":"1","size":"12"},"requestBody":{},"statusCode":200}
{"tsServer":1775713524181,"method":"POST","path":"/api/auth/reissue","userId":"64683eca-4333-477f-ba2d-c63566162d5a","sessionTicket":null,"queryParams":{},"requestBody":{},"statusCode":200}
{"tsServer":1775713524226,"method":"GET","path":"/api/musical/reviews/1/meta","userId":"64683eca-4333-477f-ba2d-c63566162d5a","sessionTicket":null,"queryParams":{},"requestBody":{},"statusCode":200}
{"tsServer":1775713524232,"method":"GET","path":"/api/auth/me","userId":"64683eca-4333-477f-ba2d-c63566162d5a","sessionTicket":null,"queryParams":{},"requestBody":{},"statusCode":200}
{"tsServer":1775713524231,"method":"GET","path":"/api/musical/shows/1/casting-schedules","userId":"64683eca-4333-477f-ba2d-c63566162d5a","sessionTicket":null,"queryParams":{"from":"2026-04-09","to":"2026-04-09","page":"0","size":"100"},"requestBody":{},"statusCode":200}
{"tsServer":1775713531616,"method":"POST","path":"/api/queue/1/enter","userId":"64683eca-4333-477f-ba2d-c63566162d5a","sessionTicket":null,"queryParams":{},"requestBody":{},"statusCode":200}
{"tsServer":1775713531645,"method":"GET","path":"/api/queue/1/status","userId":"64683eca-4333-477f-ba2d-c63566162d5a","sessionTicket":null,"queryParams":{},"requestBody":{},"statusCode":200}
{"tsServer":1775713533167,"method":"GET","path":"/api/queue/1/status","userId":"64683eca-4333-477f-ba2d-c63566162d5a","sessionTicket":null,"queryParams":{},"requestBody":{},"statusCode":200}
{"tsServer":1775713533721,"method":"POST","path":"/api/ticketing/1/enter","userId":"64683eca-4333-477f-ba2d-c63566162d5a","sessionTicket":null,"queryParams":{},"requestBody":{},"statusCode":200}
{"tsServer":1775713533743,"method":"GET","path":"/api/ticketing/1","userId":"64683eca-4333-477f-ba2d-c63566162d5a","sessionTicket":"20bf434a-5007-4b52-87b2-7f2190e298c2","queryParams":{},"requestBody":{},"statusCode":200}
{"tsServer":1775713547329,"method":"POST","path":"/api/ticketing/1/hold/seat","userId":"64683eca-4333-477f-ba2d-c63566162d5a","sessionTicket":"20bf434a-5007-4b52-87b2-7f2190e298c2","queryParams":{},"requestBody":{"scheduledSeatIds":[3296]},"statusCode":200}
{"tsServer":1775713581053,"method":"POST","path":"/api/bookings","userId":"64683eca-4333-477f-ba2d-c63566162d5a","sessionTicket":null,"queryParams":{},"requestBody":{"seatIds":[3296]},"statusCode":200}
{"tsServer":1775713581563,"method":"POST","path":"/api/bookings/R20260409BF0892/payment-ready","userId":"64683eca-4333-477f-ba2d-c63566162d5a","sessionTicket":null,"queryParams":{},"requestBody":{"name":"테스트봇","birthDate":"20000101","email":"test@test.com","phone":"01062971082"},"statusCode":200}
{"tsServer":1775713593511,"method":"POST","path":"/api/auth/reissue","userId":"64683eca-4333-477f-ba2d-c63566162d5a","sessionTicket":null,"queryParams":{},"requestBody":{},"statusCode":200}
{"tsServer":1775713593507,"method":"POST","path":"/api/payments/confirm","userId":"64683eca-4333-477f-ba2d-c63566162d5a","sessionTicket":null,"queryParams":{},"requestBody":{"paymentKey":"tviva20260409144622ACvi2","orderId":"R20260409BF0892","amount":142000},"statusCode":400}
{"tsServer":1775713593548,"method":"GET","path":"/api/auth/me","userId":"64683eca-4333-477f-ba2d-c63566162d5a","sessionTicket":null,"queryParams":{},"requestBody":{},"statusCode":200}
{"tsServer":1775713604975,"method":"POST","path":"/api/auth/login","userId":null,"sessionTicket":null,"queryParams":{},"requestBody":{"email":"test@test.com","password":"test"},"statusCode":200}
{"tsServer":1775713605112,"method":"GET","path":"/api/auth/me","userId":"64683eca-4333-477f-ba2d-c63566162d5a","sessionTicket":null,"queryParams":{},"requestBody":{},"statusCode":200}
{"tsServer":1775713605199,"method":"GET","path":"/api/musical/home/banners","userId":"64683eca-4333-477f-ba2d-c63566162d5a","sessionTicket":null,"queryParams":{},"requestBody":{},"statusCode":200}
{"tsServer":1775713605203,"method":"GET","path":"/api/musical/home/promotions","userId":"64683eca-4333-477f-ba2d-c63566162d5a","sessionTicket":null,"queryParams":{},"requestBody":{},"statusCode":200}
{"tsServer":1775713605211,"method":"GET","path":"/api/musical/home/shows","userId":"64683eca-4333-477f-ba2d-c63566162d5a","sessionTicket":null,"queryParams":{"order":"DAILY_BOOKING","region":"ALL","page":"1","size":"12"},"requestBody":{},"statusCode":200}
{"tsServer":1775713605863,"method":"POST","path":"/api/auth/reissue","userId":"64683eca-4333-477f-ba2d-c63566162d5a","sessionTicket":null,"queryParams":{},"requestBody":{},"statusCode":200}
{"tsServer":1775713605903,"method":"GET","path":"/api/musical/reviews/1/meta","userId":"64683eca-4333-477f-ba2d-c63566162d5a","sessionTicket":null,"queryParams":{},"requestBody":{},"statusCode":200}
{"tsServer":1775713605914,"method":"GET","path":"/api/auth/me","userId":"64683eca-4333-477f-ba2d-c63566162d5a","sessionTicket":null,"queryParams":{},"requestBody":{},"statusCode":200}
{"tsServer":1775713605904,"method":"GET","path":"/api/musical/shows/1/casting-schedules","userId":"64683eca-4333-477f-ba2d-c63566162d5a","sessionTicket":null,"queryParams":{"from":"2026-04-09","to":"2026-04-09","page":"0","size":"100"},"requestBody":{},"statusCode":200}
{"tsServer":1775713613593,"method":"POST","path":"/api/queue/1/enter","userId":"64683eca-4333-477f-ba2d-c63566162d5a","sessionTicket":null,"queryParams":{},"requestBody":{},"statusCode":200}
{"tsServer":1775713613620,"method":"GET","path":"/api/queue/1/status","userId":"64683eca-4333-477f-ba2d-c63566162d5a","sessionTicket":null,"queryParams":{},"requestBody":{},"statusCode":200}
{"tsServer":1775713615148,"method":"GET","path":"/api/queue/1/status","userId":"64683eca-4333-477f-ba2d-c63566162d5a","sessionTicket":null,"queryParams":{},"requestBody":{},"statusCode":200}
{"tsServer":1775713615728,"method":"POST","path":"/api/ticketing/1/enter","userId":"64683eca-4333-477f-ba2d-c63566162d5a","sessionTicket":null,"queryParams":{},"requestBody":{},"statusCode":200}
{"tsServer":1775713615755,"method":"GET","path":"/api/ticketing/1","userId":"64683eca-4333-477f-ba2d-c63566162d5a","sessionTicket":"b3a5b58d-d4f1-453c-bd80-7e53ca9370f4","queryParams":{},"requestBody":{},"statusCode":200}
{"tsServer":1775713644961,"method":"POST","path":"/api/auth/login","userId":null,"sessionTicket":null,"queryParams":{},"requestBody":{"email":"test@test.com","password":"test"},"statusCode":200}
{"tsServer":1775713645095,"method":"GET","path":"/api/auth/me","userId":"64683eca-4333-477f-ba2d-c63566162d5a","sessionTicket":null,"queryParams":{},"requestBody":{},"statusCode":200}
{"tsServer":1775713645172,"method":"GET","path":"/api/musical/home/promotions","userId":"64683eca-4333-477f-ba2d-c63566162d5a","sessionTicket":null,"queryParams":{},"requestBody":{},"statusCode":200}
{"tsServer":1775713645174,"method":"GET","path":"/api/musical/home/shows","userId":"64683eca-4333-477f-ba2d-c63566162d5a","sessionTicket":null,"queryParams":{"order":"DAILY_BOOKING","region":"ALL","page":"1","size":"12"},"requestBody":{},"statusCode":200}
{"tsServer":1775713645172,"method":"GET","path":"/api/musical/home/banners","userId":"64683eca-4333-477f-ba2d-c63566162d5a","sessionTicket":null,"queryParams":{},"requestBody":{},"statusCode":200}
{"tsServer":1775713645863,"method":"POST","path":"/api/auth/reissue","userId":"64683eca-4333-477f-ba2d-c63566162d5a","sessionTicket":null,"queryParams":{},"requestBody":{},"statusCode":200}
{"tsServer":1775713645899,"method":"GET","path":"/api/musical/reviews/1/meta","userId":"64683eca-4333-477f-ba2d-c63566162d5a","sessionTicket":null,"queryParams":{},"requestBody":{},"statusCode":200}
{"tsServer":1775713645899,"method":"GET","path":"/api/auth/me","userId":"64683eca-4333-477f-ba2d-c63566162d5a","sessionTicket":null,"queryParams":{},"requestBody":{},"statusCode":200}
{"tsServer":1775713645897,"method":"GET","path":"/api/musical/shows/1/casting-schedules","userId":"64683eca-4333-477f-ba2d-c63566162d5a","sessionTicket":null,"queryParams":{"from":"2026-04-09","to":"2026-04-09","page":"0","size":"100"},"requestBody":{},"statusCode":200}
{"tsServer":1775713653637,"method":"POST","path":"/api/queue/1/enter","userId":"64683eca-4333-477f-ba2d-c63566162d5a","sessionTicket":null,"queryParams":{},"requestBody":{},"statusCode":200}
{"tsServer":1775713653681,"method":"GET","path":"/api/queue/1/status","userId":"64683eca-4333-477f-ba2d-c63566162d5a","sessionTicket":null,"queryParams":{},"requestBody":{},"statusCode":200}
{"tsServer":1775713655200,"method":"GET","path":"/api/queue/1/status","userId":"64683eca-4333-477f-ba2d-c63566162d5a","sessionTicket":null,"queryParams":{},"requestBody":{},"statusCode":200}
{"tsServer":1775713655977,"method":"POST","path":"/api/ticketing/1/enter","userId":"64683eca-4333-477f-ba2d-c63566162d5a","sessionTicket":null,"queryParams":{},"requestBody":{},"statusCode":200}
{"tsServer":1775713656041,"method":"GET","path":"/api/ticketing/1","userId":"64683eca-4333-477f-ba2d-c63566162d5a","sessionTicket":"bbe61f03-9500-4d32-99fe-e00e0a319020","queryParams":{},"requestBody":{},"statusCode":200}
{"tsServer":1775713671892,"method":"POST","path":"/api/ticketing/1/hold/seat","userId":"64683eca-4333-477f-ba2d-c63566162d5a","sessionTicket":"bbe61f03-9500-4d32-99fe-e00e0a319020","queryParams":{},"requestBody":{"scheduledSeatIds":[3401]},"statusCode":200}
{"tsServer":1775713704923,"method":"POST","path":"/api/bookings","userId":"64683eca-4333-477f-ba2d-c63566162d5a","sessionTicket":null,"queryParams":{},"requestBody":{"seatIds":[3401]},"statusCode":200}
{"tsServer":1775713705429,"method":"POST","path":"/api/bookings/R2026040992D06D/payment-ready","userId":"64683eca-4333-477f-ba2d-c63566162d5a","sessionTicket":null,"queryParams":{},"requestBody":{"name":"테스트봇","birthDate":"20000101","email":"test@test.com","phone":"01062971082"},"statusCode":200}
{"tsServer":1775713724968,"method":"POST","path":"/api/payments/confirm","userId":"64683eca-4333-477f-ba2d-c63566162d5a","sessionTicket":null,"queryParams":{},"requestBody":{"paymentKey":"tviva20260409144825rNCX1","orderId":"R2026040992D06D","amount":142000},"statusCode":400}
{"tsServer":1775713724973,"method":"POST","path":"/api/auth/reissue","userId":"64683eca-4333-477f-ba2d-c63566162d5a","sessionTicket":null,"queryParams":{},"requestBody":{},"statusCode":200}
{"tsServer":1775713725013,"method":"GET","path":"/api/auth/me","userId":"64683eca-4333-477f-ba2d-c63566162d5a","sessionTicket":null,"queryParams":{},"requestBody":{},"statusCode":200}
{"tsServer":1775713735647,"method":"POST","path":"/api/auth/login","userId":null,"sessionTicket":null,"queryParams":{},"requestBody":{"email":"test@test.com","password":"test"},"statusCode":200}
{"tsServer":1775713735812,"method":"GET","path":"/api/auth/me","userId":"64683eca-4333-477f-ba2d-c63566162d5a","sessionTicket":null,"queryParams":{},"requestBody":{},"statusCode":200}
{"tsServer":1775713735879,"method":"GET","path":"/api/musical/home/banners","userId":"64683eca-4333-477f-ba2d-c63566162d5a","sessionTicket":null,"queryParams":{},"requestBody":{},"statusCode":200}
{"tsServer":1775713735878,"method":"GET","path":"/api/musical/home/promotions","userId":"64683eca-4333-477f-ba2d-c63566162d5a","sessionTicket":null,"queryParams":{},"requestBody":{},"statusCode":200}
{"tsServer":1775713735876,"method":"GET","path":"/api/musical/home/shows","userId":"64683eca-4333-477f-ba2d-c63566162d5a","sessionTicket":null,"queryParams":{"order":"DAILY_BOOKING","region":"ALL","page":"1","size":"12"},"requestBody":{},"statusCode":200}
{"tsServer":1775713736799,"method":"POST","path":"/api/auth/reissue","userId":"64683eca-4333-477f-ba2d-c63566162d5a","sessionTicket":null,"queryParams":{},"requestBody":{},"statusCode":200}
{"tsServer":1775713736842,"method":"GET","path":"/api/musical/reviews/1/meta","userId":"64683eca-4333-477f-ba2d-c63566162d5a","sessionTicket":null,"queryParams":{},"requestBody":{},"statusCode":200}
{"tsServer":1775713736856,"method":"GET","path":"/api/auth/me","userId":"64683eca-4333-477f-ba2d-c63566162d5a","sessionTicket":null,"queryParams":{},"requestBody":{},"statusCode":200}
{"tsServer":1775713736843,"method":"GET","path":"/api/musical/shows/1/casting-schedules","userId":"64683eca-4333-477f-ba2d-c63566162d5a","sessionTicket":null,"queryParams":{"from":"2026-04-09","to":"2026-04-09","page":"0","size":"100"},"requestBody":{},"statusCode":200}
{"tsServer":1775713744593,"method":"POST","path":"/api/queue/1/enter","userId":"64683eca-4333-477f-ba2d-c63566162d5a","sessionTicket":null,"queryParams":{},"requestBody":{},"statusCode":200}
{"tsServer":1775713744625,"method":"GET","path":"/api/queue/1/status","userId":"64683eca-4333-477f-ba2d-c63566162d5a","sessionTicket":null,"queryParams":{},"requestBody":{},"statusCode":200}
{"tsServer":1775713746150,"method":"GET","path":"/api/queue/1/status","userId":"64683eca-4333-477f-ba2d-c63566162d5a","sessionTicket":null,"queryParams":{},"requestBody":{},"statusCode":200}
{"tsServer":1775713746723,"method":"POST","path":"/api/ticketing/1/enter","userId":"64683eca-4333-477f-ba2d-c63566162d5a","sessionTicket":null,"queryParams":{},"requestBody":{},"statusCode":200}
{"tsServer":1775713746772,"method":"GET","path":"/api/ticketing/1","userId":"64683eca-4333-477f-ba2d-c63566162d5a","sessionTicket":"b04bdd26-2604-49f7-b34f-75721a4565ed","queryParams":{},"requestBody":{},"statusCode":200}
{"tsServer":1775713753929,"method":"POST","path":"/api/ticketing/1/hold/seat","userId":"64683eca-4333-477f-ba2d-c63566162d5a","sessionTicket":"b04bdd26-2604-49f7-b34f-75721a4565ed","queryParams":{},"requestBody":{"scheduledSeatIds":[3628]},"statusCode":200}
{"tsServer":1775713788384,"method":"POST","path":"/api/bookings","userId":"64683eca-4333-477f-ba2d-c63566162d5a","sessionTicket":null,"queryParams":{},"requestBody":{"seatIds":[3628]},"statusCode":200}
{"tsServer":1775713788892,"method":"POST","path":"/api/bookings/R2026040909D275/payment-ready","userId":"64683eca-4333-477f-ba2d-c63566162d5a","sessionTicket":null,"queryParams":{},"requestBody":{"name":"테스트봇","birthDate":"20000101","email":"test@test.com","phone":"01062971082"},"statusCode":200}
{"tsServer":1775713807838,"method":"POST","path":"/api/auth/reissue","userId":"64683eca-4333-477f-ba2d-c63566162d5a","sessionTicket":null,"queryParams":{},"requestBody":{},"statusCode":200}
{"tsServer":1775713807867,"method":"GET","path":"/api/auth/me","userId":"64683eca-4333-477f-ba2d-c63566162d5a","sessionTicket":null,"queryParams":{},"requestBody":{},"statusCode":200}
{"tsServer":1775713807856,"method":"POST","path":"/api/payments/confirm","userId":"64683eca-4333-477f-ba2d-c63566162d5a","sessionTicket":null,"queryParams":{},"requestBody":{"paymentKey":"tviva20260409144949phZ99","orderId":"R2026040909D275","amount":142000},"statusCode":400}
{"tsServer":1775713818519,"method":"POST","path":"/api/auth/login","userId":null,"sessionTicket":null,"queryParams":{},"requestBody":{"email":"test@test.com","password":"test"},"statusCode":200}
{"tsServer":1775713818656,"method":"GET","path":"/api/auth/me","userId":"64683eca-4333-477f-ba2d-c63566162d5a","sessionTicket":null,"queryParams":{},"requestBody":{},"statusCode":200}
{"tsServer":1775713818748,"method":"GET","path":"/api/musical/home/shows","userId":"64683eca-4333-477f-ba2d-c63566162d5a","sessionTicket":null,"queryParams":{"order":"DAILY_BOOKING","region":"ALL","page":"1","size":"12"},"requestBody":{},"statusCode":200}
{"tsServer":1775713818748,"method":"GET","path":"/api/musical/home/promotions","userId":"64683eca-4333-477f-ba2d-c63566162d5a","sessionTicket":null,"queryParams":{},"requestBody":{},"statusCode":200}
{"tsServer":1775713818754,"method":"GET","path":"/api/musical/home/banners","userId":"64683eca-4333-477f-ba2d-c63566162d5a","sessionTicket":null,"queryParams":{},"requestBody":{},"statusCode":200}
{"tsServer":1775713819380,"method":"POST","path":"/api/auth/reissue","userId":"64683eca-4333-477f-ba2d-c63566162d5a","sessionTicket":null,"queryParams":{},"requestBody":{},"statusCode":200}
{"tsServer":1775713819418,"method":"GET","path":"/api/musical/reviews/1/meta","userId":"64683eca-4333-477f-ba2d-c63566162d5a","sessionTicket":null,"queryParams":{},"requestBody":{},"statusCode":200}
{"tsServer":1775713819431,"method":"GET","path":"/api/auth/me","userId":"64683eca-4333-477f-ba2d-c63566162d5a","sessionTicket":null,"queryParams":{},"requestBody":{},"statusCode":200}
{"tsServer":1775713819423,"method":"GET","path":"/api/musical/shows/1/casting-schedules","userId":"64683eca-4333-477f-ba2d-c63566162d5a","sessionTicket":null,"queryParams":{"from":"2026-04-09","to":"2026-04-09","page":"0","size":"100"},"requestBody":{},"statusCode":200}
{"tsServer":1775713826789,"method":"POST","path":"/api/queue/1/enter","userId":"64683eca-4333-477f-ba2d-c63566162d5a","sessionTicket":null,"queryParams":{},"requestBody":{},"statusCode":200}
{"tsServer":1775713826819,"method":"GET","path":"/api/queue/1/status","userId":"64683eca-4333-477f-ba2d-c63566162d5a","sessionTicket":null,"queryParams":{},"requestBody":{},"statusCode":200}
{"tsServer":1775713828341,"method":"GET","path":"/api/queue/1/status","userId":"64683eca-4333-477f-ba2d-c63566162d5a","sessionTicket":null,"queryParams":{},"requestBody":{},"statusCode":200}
{"tsServer":1775713829014,"method":"POST","path":"/api/ticketing/1/enter","userId":"64683eca-4333-477f-ba2d-c63566162d5a","sessionTicket":null,"queryParams":{},"requestBody":{},"statusCode":200}
{"tsServer":1775713829040,"method":"GET","path":"/api/ticketing/1","userId":"64683eca-4333-477f-ba2d-c63566162d5a","sessionTicket":"c6de9041-5b59-4e95-beec-0fb9a45e4001","queryParams":{},"requestBody":{},"statusCode":200}
{"tsServer":1775713843803,"method":"POST","path":"/api/ticketing/1/hold/seat","userId":"64683eca-4333-477f-ba2d-c63566162d5a","sessionTicket":"c6de9041-5b59-4e95-beec-0fb9a45e4001","queryParams":{},"requestBody":{"scheduledSeatIds":[3369]},"statusCode":200}
{"tsServer":1775713873482,"method":"POST","path":"/api/bookings","userId":"64683eca-4333-477f-ba2d-c63566162d5a","sessionTicket":null,"queryParams":{},"requestBody":{"seatIds":[3369]},"statusCode":200}
{"tsServer":1775713873971,"method":"POST","path":"/api/bookings/R20260409814612/payment-ready","userId":"64683eca-4333-477f-ba2d-c63566162d5a","sessionTicket":null,"queryParams":{},"requestBody":{"name":"테스트봇","birthDate":"20000101","email":"test@test.com","phone":"01062971082"},"statusCode":200}
{"tsServer":1775713890072,"method":"POST","path":"/api/payments/confirm","userId":"64683eca-4333-477f-ba2d-c63566162d5a","sessionTicket":null,"queryParams":{},"requestBody":{"paymentKey":"tviva20260409145114yXRV9","orderId":"R20260409814612","amount":142000},"statusCode":400}
{"tsServer":1775713890079,"method":"POST","path":"/api/auth/reissue","userId":"64683eca-4333-477f-ba2d-c63566162d5a","sessionTicket":null,"queryParams":{},"requestBody":{},"statusCode":200}
{"tsServer":1775713890116,"method":"GET","path":"/api/auth/me","userId":"64683eca-4333-477f-ba2d-c63566162d5a","sessionTicket":null,"queryParams":{},"requestBody":{},"statusCode":200}
{"tsServer":1775713902123,"method":"POST","path":"/api/auth/login","userId":null,"sessionTicket":null,"queryParams":{},"requestBody":{"email":"test@test.com","password":"test"},"statusCode":200}
{"tsServer":1775713902252,"method":"GET","path":"/api/auth/me","userId":"64683eca-4333-477f-ba2d-c63566162d5a","sessionTicket":null,"queryParams":{},"requestBody":{},"statusCode":200}
{"tsServer":1775713902322,"method":"GET","path":"/api/musical/home/promotions","userId":"64683eca-4333-477f-ba2d-c63566162d5a","sessionTicket":null,"queryParams":{},"requestBody":{},"statusCode":200}
{"tsServer":1775713902324,"method":"GET","path":"/api/musical/home/banners","userId":"64683eca-4333-477f-ba2d-c63566162d5a","sessionTicket":null,"queryParams":{},"requestBody":{},"statusCode":200}
{"tsServer":1775713902498,"method":"GET","path":"/api/musical/home/shows","userId":"64683eca-4333-477f-ba2d-c63566162d5a","sessionTicket":null,"queryParams":{"order":"DAILY_BOOKING","region":"ALL","page":"1","size":"12"},"requestBody":{},"statusCode":200}
{"tsServer":1775713902936,"method":"GET","path":"/api/musical/reviews/1/meta","userId":"64683eca-4333-477f-ba2d-c63566162d5a","sessionTicket":null,"queryParams":{},"requestBody":{},"statusCode":200}
{"tsServer":1775713902933,"method":"POST","path":"/api/auth/reissue","userId":"64683eca-4333-477f-ba2d-c63566162d5a","sessionTicket":null,"queryParams":{},"requestBody":{},"statusCode":200}
{"tsServer":1775713902965,"method":"GET","path":"/api/auth/me","userId":"64683eca-4333-477f-ba2d-c63566162d5a","sessionTicket":null,"queryParams":{},"requestBody":{},"statusCode":200}
{"tsServer":1775713902940,"method":"GET","path":"/api/musical/shows/1/casting-schedules","userId":"64683eca-4333-477f-ba2d-c63566162d5a","sessionTicket":null,"queryParams":{"from":"2026-04-09","to":"2026-04-09","page":"0","size":"100"},"requestBody":{},"statusCode":200}
{"tsServer":1775713912020,"method":"POST","path":"/api/queue/1/enter","userId":"64683eca-4333-477f-ba2d-c63566162d5a","sessionTicket":null,"queryParams":{},"requestBody":{},"statusCode":200}
{"tsServer":1775713912045,"method":"GET","path":"/api/queue/1/status","userId":"64683eca-4333-477f-ba2d-c63566162d5a","sessionTicket":null,"queryParams":{},"requestBody":{},"statusCode":200}
{"tsServer":1775713913568,"method":"GET","path":"/api/queue/1/status","userId":"64683eca-4333-477f-ba2d-c63566162d5a","sessionTicket":null,"queryParams":{},"requestBody":{},"statusCode":200}
{"tsServer":1775713914172,"method":"POST","path":"/api/ticketing/1/enter","userId":"64683eca-4333-477f-ba2d-c63566162d5a","sessionTicket":null,"queryParams":{},"requestBody":{},"statusCode":200}
{"tsServer":1775713914193,"method":"GET","path":"/api/ticketing/1","userId":"64683eca-4333-477f-ba2d-c63566162d5a","sessionTicket":"ef286a3c-1d4c-422f-a766-8833e4fe5cd0","queryParams":{},"requestBody":{},"statusCode":200}
